# JRE version: Java(TM) SE Runtime Environment (8.0_231-b11) (build 1.8.0_231-b11)
# Java VM: Java HotSpot(TM) 64-Bit Server VM (25.231-b11 mixed mode windows-amd64 compressed oops)
Heap:
 PSYoungGen      total 119808K, used 99830K [0x00000000f5580000, 0x00000000fec00000, 0x0000000100000000)
  eden space 111616K, 83% used [0x00000000f5580000,0x00000000fb08f810,0x00000000fc280000)
  from space 8192K, 80% used [0x00000000fcb80000,0x00000000fd1ee0b0,0x00000000fd380000)
  to   space 9216K, 0% used [0x00000000fc280000,0x00000000fc280000,0x00000000fcb80000)
 ParOldGen       total 80384K, used 10615K [0x00000000e0000000, 0x00000000e4e80000, 0x00000000f5580000)
  object space 80384K, 13% used [0x00000000e0000000,0x00000000e0a5de08,0x00000000e4e80000)
 Metaspace       used 36128K, capacity 37352K, committed 37424K, reserved 1081344K
  class space    used 5092K, capacity 5390K, committed 5424K, reserved 1048576K
GC Heap History (10 events):
Event: 17.227 GC heap before
{Heap before GC invocations=10 (full 1):
 PSYoungGen      total 95744K, used 58923K [0x00000000f5580000, 0x00000000fc480000, 0x0000000100000000)
  eden space 87552K, 60% used [0x00000000f5580000,0x00000000f8944eb8,0x00000000fab00000)
  from space 8192K, 72% used [0x00000000fb300000,0x00000000fb8c5de0,0x00000000fbb00000)
  to   space 8192K, 0% used [0x00000000fab00000,0x00000000fab00000,0x00000000fb300000)
 ParOldGen       total 53248K, used 5986K [0x00000000e0000000, 0x00000000e3400000, 0x00000000f5580000)
  object space 53248K, 11% used [0x00000000e0000000,0x00000000e05d8898,0x00000000e3400000)
 Metaspace       used 34309K, capacity 35416K, committed 35496K, reserved 1079296K
  class space    used 4862K, capacity 5118K, committed 5168K, reserved 1048576K
Event: 17.235 GC heap after
Heap after GC invocations=10 (full 1):
 PSYoungGen      total 95744K, used 4544K [0x00000000f5580000, 0x00000000fd380000, 0x0000000100000000)
  eden space 87552K, 0% used [0x00000000f5580000,0x00000000f5580000,0x00000000fab00000)
  from space 8192K, 55% used [0x00000000fab00000,0x00000000faf70300,0x00000000fb300000)
  to   space 8192K, 0% used [0x00000000fcb80000,0x00000000fcb80000,0x00000000fd380000)
 ParOldGen       total 53248K, used 6830K [0x00000000e0000000, 0x00000000e3400000, 0x00000000f5580000)
  object space 53248K, 12% used [0x00000000e0000000,0x00000000e06ab8c8,0x00000000e3400000)
 Metaspace       used 34309K, capacity 35416K, committed 35496K, reserved 1079296K
  class space    used 4862K, capacity 5118K, committed 5168K, reserved 1048576K
}
Event: 17.235 GC heap before
{Heap before GC invocations=11 (full 2):
 PSYoungGen      total 95744K, used 4544K [0x00000000f5580000, 0x00000000fd380000, 0x0000000100000000)
  eden space 87552K, 0% used [0x00000000f5580000,0x00000000f5580000,0x00000000fab00000)
  from space 8192K, 55% used [0x00000000fab00000,0x00000000faf70300,0x00000000fb300000)
  to   space 8192K, 0% used [0x00000000fcb80000,0x00000000fcb80000,0x00000000fd380000)
 ParOldGen       total 53248K, used 6830K [0x00000000e0000000, 0x00000000e3400000, 0x00000000f5580000)
  object space 53248K, 12% used [0x00000000e0000000,0x00000000e06ab8c8,0x00000000e3400000)
 Metaspace       used 34309K, capacity 35416K, committed 35496K, reserved 1079296K
  class space    used 4862K, capacity 5118K, committed 5168K, reserved 1048576K
Event: 17.350 GC heap after
Heap after GC invocations=11 (full 2):
 PSYoungGen      total 95744K, used 0K [0x00000000f5580000, 0x00000000fd380000, 0x0000000100000000)
  eden space 87552K, 0% used [0x00000000f5580000,0x00000000f5580000,0x00000000fab00000)
  from space 8192K, 0% used [0x00000000fab00000,0x00000000fab00000,0x00000000fb300000)
  to   space 8192K, 0% used [0x00000000fcb80000,0x00000000fcb80000,0x00000000fd380000)
 ParOldGen       total 80384K, used 10591K [0x00000000e0000000, 0x00000000e4e80000, 0x00000000f5580000)
  object space 80384K, 13% used [0x00000000e0000000,0x00000000e0a57e08,0x00000000e4e80000)
 Metaspace       used 34309K, capacity 35416K, committed 35496K, reserved 1079296K
  class space    used 4862K, capacity 5118K, committed 5168K, reserved 1048576K
}
Event: 18.749 GC heap before
{Heap before GC invocations=12 (full 2):
 PSYoungGen      total 95744K, used 87552K [0x00000000f5580000, 0x00000000fd380000, 0x0000000100000000)
  eden space 87552K, 100% used [0x00000000f5580000,0x00000000fab00000,0x00000000fab00000)
  from space 8192K, 0% used [0x00000000fab00000,0x00000000fab00000,0x00000000fb300000)
  to   space 8192K, 0% used [0x00000000fcb80000,0x00000000fcb80000,0x00000000fd380000)
 ParOldGen       total 80384K, used 10591K [0x00000000e0000000, 0x00000000e4e80000, 0x00000000f5580000)
  object space 80384K, 13% used [0x00000000e0000000,0x00000000e0a57e08,0x00000000e4e80000)
 Metaspace       used 35348K, capacity 36520K, committed 36784K, reserved 1081344K
  class space    used 5002K, capacity 5268K, committed 5296K, reserved 1048576K
Event: 18.753 GC heap after
Heap after GC invocations=12 (full 2):
 PSYoungGen      total 119808K, used 1624K [0x00000000f5580000, 0x00000000fd380000, 0x0000000100000000)
  eden space 111616K, 0% used [0x00000000f5580000,0x00000000f5580000,0x00000000fc280000)
  from space 8192K, 19% used [0x00000000fcb80000,0x00000000fcd16238,0x00000000fd380000)
  to   space 8704K, 0% used [0x00000000fc280000,0x00000000fc280000,0x00000000fcb00000)
 ParOldGen       total 80384K, used 10599K [0x00000000e0000000, 0x00000000e4e80000, 0x00000000f5580000)
  object space 80384K, 13% used [0x00000000e0000000,0x00000000e0a59e08,0x00000000e4e80000)
 Metaspace       used 35348K, capacity 36520K, committed 36784K, reserved 1081344K
  class space    used 5002K, capacity 5268K, committed 5296K, reserved 1048576K
}
Event: 21.832 GC heap before
{Heap before GC invocations=13 (full 2):
 PSYoungGen      total 119808K, used 113240K [0x00000000f5580000, 0x00000000fd380000, 0x0000000100000000)
  eden space 111616K, 100% used [0x00000000f5580000,0x00000000fc280000,0x00000000fc280000)
  from space 8192K, 19% used [0x00000000fcb80000,0x00000000fcd16238,0x00000000fd380000)
  to   space 8704K, 0% used [0x00000000fc280000,0x00000000fc280000,0x00000000fcb00000)
 ParOldGen       total 80384K, used 10599K [0x00000000e0000000, 0x00000000e4e80000, 0x00000000f5580000)
  object space 80384K, 13% used [0x00000000e0000000,0x00000000e0a59e08,0x00000000e4e80000)
 Metaspace       used 35510K, capacity 36734K, committed 36912K, reserved 1081344K
  class space    used 5021K, capacity 5317K, committed 5424K, reserved 1048576K
Event: 21.844 GC heap after
Heap after GC invocations=13 (full 2):
 PSYoungGen      total 120320K, used 962K [0x00000000f5580000, 0x00000000fd380000, 0x0000000100000000)
  eden space 111616K, 0% used [0x00000000f5580000,0x00000000f5580000,0x00000000fc280000)
  from space 8704K, 11% used [0x00000000fc280000,0x00000000fc3708e8,0x00000000fcb00000)
  to   space 8192K, 0% used [0x00000000fcb80000,0x00000000fcb80000,0x00000000fd380000)
 ParOldGen       total 80384K, used 10607K [0x00000000e0000000, 0x00000000e4e80000, 0x00000000f5580000)
  object space 80384K, 13% used [0x00000000e0000000,0x00000000e0a5be08,0x00000000e4e80000)
 Metaspace       used 35510K, capacity 36734K, committed 36912K, reserved 1081344K
  class space    used 5021K, capacity 5317K, committed 5424K, reserved 1048576K
}
Event: 25.589 GC heap before
{Heap before GC invocations=14 (full 2):
 PSYoungGen      total 120320K, used 112578K [0x00000000f5580000, 0x00000000fd380000, 0x0000000100000000)
  eden space 111616K, 100% used [0x00000000f5580000,0x00000000fc280000,0x00000000fc280000)
  from space 8704K, 11% used [0x00000000fc280000,0x00000000fc3708e8,0x00000000fcb00000)
  to   space 8192K, 0% used [0x00000000fcb80000,0x00000000fcb80000,0x00000000fd380000)
 ParOldGen       total 80384K, used 10607K [0x00000000e0000000, 0x00000000e4e80000, 0x00000000f5580000)
  object space 80384K, 13% used [0x00000000e0000000,0x00000000e0a5be08,0x00000000e4e80000)
 Metaspace       used 36103K, capacity 37348K, committed 37424K, reserved 1081344K
  class space    used 5092K, capacity 5390K, committed 5424K, reserved 1048576K
Event: 25.594 GC heap after
Heap after GC invocations=14 (full 2):
 PSYoungGen      total 119808K, used 6584K [0x00000000f5580000, 0x00000000fec00000, 0x0000000100000000)
  eden space 111616K, 0% used [0x00000000f5580000,0x00000000f5580000,0x00000000fc280000)
  from space 8192K, 80% used [0x00000000fcb80000,0x00000000fd1ee0b0,0x00000000fd380000)
  to   space 9216K, 0% used [0x00000000fc280000,0x00000000fc280000,0x00000000fcb80000)
 ParOldGen       total 80384K, used 10615K [0x00000000e0000000, 0x00000000e4e80000, 0x00000000f5580000)
  object space 80384K, 13% used [0x00000000e0000000,0x00000000e0a5de08,0x00000000e4e80000)
 Metaspace       used 36103K, capacity 37348K, committed 37424K, reserved 1081344K
  class space    used 5092K, capacity 5390K, committed 5424K, reserved 1048576K
}

