# JRE version: Java(TM) SE Runtime Environment (8.0_231-b11) (build 1.8.0_231-b11)
# Java VM: Java HotSpot(TM) 64-Bit Server VM (25.231-b11 mixed mode windows-amd64 compressed oops)
Heap:
 PSYoungGen      total 66048K, used 58778K [0x00000000f5580000, 0x00000000fbe00000, 0x0000000100000000)
  eden space 50176K, 97% used [0x00000000f5580000,0x00000000f852cf30,0x00000000f8680000)
  from space 15872K, 62% used [0x00000000f8680000,0x00000000f9039ac8,0x00000000f9600000)
  to   space 15360K, 0% used [0x00000000faf00000,0x00000000faf00000,0x00000000fbe00000)
 ParOldGen       total 47616K, used 20795K [0x00000000e0000000, 0x00000000e2e80000, 0x00000000f5580000)
  object space 47616K, 43% used [0x00000000e0000000,0x00000000e144ecb8,0x00000000e2e80000)
 Metaspace       used 25396K, capacity 25995K, committed 26416K, reserved 1073152K
  class space    used 3378K, capacity 3506K, committed 3632K, reserved 1048576K
GC Heap History (10 events):
Event: 4.421 GC heap before
{Heap before GC invocations=6 (full 1):
 PSYoungGen      total 38400K, used 5097K [0x00000000f5580000, 0x00000000f8000000, 0x0000000100000000)
  eden space 33280K, 0% used [0x00000000f5580000,0x00000000f5580000,0x00000000f7600000)
  from space 5120K, 99% used [0x00000000f7600000,0x00000000f7afa5a0,0x00000000f7b00000)
  to   space 5120K, 0% used [0x00000000f7b00000,0x00000000f7b00000,0x00000000f8000000)
 ParOldGen       total 87552K, used 6503K [0x00000000e0000000, 0x00000000e5580000, 0x00000000f5580000)
  object space 87552K, 7% used [0x00000000e0000000,0x00000000e0659f08,0x00000000e5580000)
 Metaspace       used 20755K, capacity 21252K, committed 21296K, reserved 1067008K
  class space    used 2719K, capacity 2862K, committed 2864K, reserved 1048576K
Event: 4.462 GC heap after
Heap after GC invocations=6 (full 1):
 PSYoungGen      total 38400K, used 0K [0x00000000f5580000, 0x00000000f8000000, 0x0000000100000000)
  eden space 33280K, 0% used [0x00000000f5580000,0x00000000f5580000,0x00000000f7600000)
  from space 5120K, 0% used [0x00000000f7600000,0x00000000f7600000,0x00000000f7b00000)
  to   space 5120K, 0% used [0x00000000f7b00000,0x00000000f7b00000,0x00000000f8000000)
 ParOldGen       total 47616K, used 5210K [0x00000000e0000000, 0x00000000e2e80000, 0x00000000f5580000)
  object space 47616K, 10% used [0x00000000e0000000,0x00000000e0516b80,0x00000000e2e80000)
 Metaspace       used 20755K, capacity 21252K, committed 21296K, reserved 1067008K
  class space    used 2719K, capacity 2862K, committed 2864K, reserved 1048576K
}
Event: 4.784 GC heap before
{Heap before GC invocations=7 (full 1):
 PSYoungGen      total 38400K, used 33280K [0x00000000f5580000, 0x00000000f8000000, 0x0000000100000000)
  eden space 33280K, 100% used [0x00000000f5580000,0x00000000f7600000,0x00000000f7600000)
  from space 5120K, 0% used [0x00000000f7600000,0x00000000f7600000,0x00000000f7b00000)
  to   space 5120K, 0% used [0x00000000f7b00000,0x00000000f7b00000,0x00000000f8000000)
 ParOldGen       total 47616K, used 5210K [0x00000000e0000000, 0x00000000e2e80000, 0x00000000f5580000)
  object space 47616K, 10% used [0x00000000e0000000,0x00000000e0516b80,0x00000000e2e80000)
 Metaspace       used 21433K, capacity 21946K, committed 22192K, reserved 1069056K
  class space    used 2803K, capacity 2939K, committed 2992K, reserved 1048576K
Event: 4.790 GC heap after
Heap after GC invocations=7 (full 1):
 PSYoungGen      total 34816K, used 5106K [0x00000000f5580000, 0x00000000fa180000, 0x0000000100000000)
  eden space 29696K, 0% used [0x00000000f5580000,0x00000000f5580000,0x00000000f7280000)
  from space 5120K, 99% used [0x00000000f7b00000,0x00000000f7ffc8f8,0x00000000f8000000)
  to   space 8704K, 0% used [0x00000000f7280000,0x00000000f7280000,0x00000000f7b00000)
 ParOldGen       total 47616K, used 7097K [0x00000000e0000000, 0x00000000e2e80000, 0x00000000f5580000)
  object space 47616K, 14% used [0x00000000e0000000,0x00000000e06ee6a8,0x00000000e2e80000)
 Metaspace       used 21433K, capacity 21946K, committed 22192K, reserved 1069056K
  class space    used 2803K, capacity 2939K, committed 2992K, reserved 1048576K
}
Event: 5.022 GC heap before
{Heap before GC invocations=8 (full 1):
 PSYoungGen      total 34816K, used 34802K [0x00000000f5580000, 0x00000000fa180000, 0x0000000100000000)
  eden space 29696K, 100% used [0x00000000f5580000,0x00000000f7280000,0x00000000f7280000)
  from space 5120K, 99% used [0x00000000f7b00000,0x00000000f7ffc8f8,0x00000000f8000000)
  to   space 8704K, 0% used [0x00000000f7280000,0x00000000f7280000,0x00000000f7b00000)
 ParOldGen       total 47616K, used 7097K [0x00000000e0000000, 0x00000000e2e80000, 0x00000000f5580000)
  object space 47616K, 14% used [0x00000000e0000000,0x00000000e06ee6a8,0x00000000e2e80000)
 Metaspace       used 21447K, capacity 21946K, committed 22192K, reserved 1069056K
  class space    used 2803K, capacity 2939K, committed 2992K, reserved 1048576K
Event: 5.040 GC heap after
Heap after GC invocations=8 (full 1):
 PSYoungGen      total 38400K, used 8690K [0x00000000f5580000, 0x00000000fa100000, 0x0000000100000000)
  eden space 29696K, 0% used [0x00000000f5580000,0x00000000f5580000,0x00000000f7280000)
  from space 8704K, 99% used [0x00000000f7280000,0x00000000f7afc8d8,0x00000000f7b00000)
  to   space 11264K, 0% used [0x00000000f9600000,0x00000000f9600000,0x00000000fa100000)
 ParOldGen       total 47616K, used 11022K [0x00000000e0000000, 0x00000000e2e80000, 0x00000000f5580000)
  object space 47616K, 23% used [0x00000000e0000000,0x00000000e0ac3978,0x00000000e2e80000)
 Metaspace       used 21447K, capacity 21946K, committed 22192K, reserved 1069056K
  class space    used 2803K, capacity 2939K, committed 2992K, reserved 1048576K
}
Event: 5.232 GC heap before
{Heap before GC invocations=9 (full 1):
 PSYoungGen      total 38400K, used 38386K [0x00000000f5580000, 0x00000000fa100000, 0x0000000100000000)
  eden space 29696K, 100% used [0x00000000f5580000,0x00000000f7280000,0x00000000f7280000)
  from space 8704K, 99% used [0x00000000f7280000,0x00000000f7afc8d8,0x00000000f7b00000)
  to   space 11264K, 0% used [0x00000000f9600000,0x00000000f9600000,0x00000000fa100000)
 ParOldGen       total 47616K, used 11022K [0x00000000e0000000, 0x00000000e2e80000, 0x00000000f5580000)
  object space 47616K, 23% used [0x00000000e0000000,0x00000000e0ac3978,0x00000000e2e80000)
 Metaspace       used 21494K, capacity 22010K, committed 22192K, reserved 1069056K
  class space    used 2810K, capacity 2939K, committed 2992K, reserved 1048576K
Event: 5.255 GC heap after
Heap after GC invocations=9 (full 1):
 PSYoungGen      total 61440K, used 11234K [0x00000000f5580000, 0x00000000fab00000, 0x0000000100000000)
  eden space 50176K, 0% used [0x00000000f5580000,0x00000000f5580000,0x00000000f8680000)
  from space 11264K, 99% used [0x00000000f9600000,0x00000000fa0f8900,0x00000000fa100000)
  to   space 15872K, 0% used [0x00000000f8680000,0x00000000f8680000,0x00000000f9600000)
 ParOldGen       total 47616K, used 18173K [0x00000000e0000000, 0x00000000e2e80000, 0x00000000f5580000)
  object space 47616K, 38% used [0x00000000e0000000,0x00000000e11bf5d0,0x00000000e2e80000)
 Metaspace       used 21494K, capacity 22010K, committed 22192K, reserved 1069056K
  class space    used 2810K, capacity 2939K, committed 2992K, reserved 1048576K
}
Event: 5.647 GC heap before
{Heap before GC invocations=10 (full 1):
 PSYoungGen      total 61440K, used 61410K [0x00000000f5580000, 0x00000000fab00000, 0x0000000100000000)
  eden space 50176K, 100% used [0x00000000f5580000,0x00000000f8680000,0x00000000f8680000)
  from space 11264K, 99% used [0x00000000f9600000,0x00000000fa0f8900,0x00000000fa100000)
  to   space 15872K, 0% used [0x00000000f8680000,0x00000000f8680000,0x00000000f9600000)
 ParOldGen       total 47616K, used 18173K [0x00000000e0000000, 0x00000000e2e80000, 0x00000000f5580000)
  object space 47616K, 38% used [0x00000000e0000000,0x00000000e11bf5d0,0x00000000e2e80000)
 Metaspace       used 22596K, capacity 23160K, committed 23344K, reserved 1069056K
  class space    used 2977K, capacity 3120K, committed 3120K, reserved 1048576K
Event: 5.662 GC heap after
Heap after GC invocations=10 (full 1):
 PSYoungGen      total 66048K, used 9958K [0x00000000f5580000, 0x00000000fbe00000, 0x0000000100000000)
  eden space 50176K, 0% used [0x00000000f5580000,0x00000000f5580000,0x00000000f8680000)
  from space 15872K, 62% used [0x00000000f8680000,0x00000000f9039ac8,0x00000000f9600000)
  to   space 15360K, 0% used [0x00000000faf00000,0x00000000faf00000,0x00000000fbe00000)
 ParOldGen       total 47616K, used 20795K [0x00000000e0000000, 0x00000000e2e80000, 0x00000000f5580000)
  object space 47616K, 43% used [0x00000000e0000000,0x00000000e144ecb8,0x00000000e2e80000)
 Metaspace       used 22596K, capacity 23160K, committed 23344K, reserved 1069056K
  class space    used 2977K, capacity 3120K, committed 3120K, reserved 1048576K
}

