# JRE version: Java(TM) SE Runtime Environment (8.0_231-b11) (build 1.8.0_231-b11)
# Java VM: Java HotSpot(TM) 64-Bit Server VM (25.231-b11 mixed mode windows-amd64 compressed oops)
Heap:
 PSYoungGen      total 137728K, used 131055K [0x00000000f5580000, 0x00000000fe800000, 0x0000000100000000)
  eden space 131584K, 98% used [0x00000000f5580000,0x00000000fd4273a8,0x00000000fd600000)
  from space 6144K, 22% used [0x00000000fe200000,0x00000000fe3548f8,0x00000000fe800000)
  to   space 9216K, 0% used [0x00000000fd600000,0x00000000fd600000,0x00000000fdf00000)
 ParOldGen       total 80896K, used 10591K [0x00000000e0000000, 0x00000000e4f00000, 0x00000000f5580000)
  object space 80896K, 13% used [0x00000000e0000000,0x00000000e0a57e48,0x00000000e4f00000)
 Metaspace       used 36114K, capacity 37330K, committed 37424K, reserved 1081344K
  class space    used 5085K, capacity 5381K, committed 5424K, reserved 1048576K
GC Heap History (10 events):
Event: 16.133 GC heap before
{Heap before GC invocations=10 (full 1):
 PSYoungGen      total 94208K, used 55355K [0x00000000f5580000, 0x00000000fc400000, 0x0000000100000000)
  eden space 86016K, 57% used [0x00000000f5580000,0x00000000f85d4290,0x00000000fa980000)
  from space 8192K, 71% used [0x00000000fb180000,0x00000000fb73aaa0,0x00000000fb980000)
  to   space 8192K, 0% used [0x00000000fa980000,0x00000000fa980000,0x00000000fb180000)
 ParOldGen       total 53760K, used 5996K [0x00000000e0000000, 0x00000000e3480000, 0x00000000f5580000)
  object space 53760K, 11% used [0x00000000e0000000,0x00000000e05db148,0x00000000e3480000)
 Metaspace       used 34303K, capacity 35416K, committed 35496K, reserved 1079296K
  class space    used 4860K, capacity 5118K, committed 5168K, reserved 1048576K
Event: 16.152 GC heap after
Heap after GC invocations=10 (full 1):
 PSYoungGen      total 94208K, used 4617K [0x00000000f5580000, 0x00000000fd180000, 0x0000000100000000)
  eden space 86016K, 0% used [0x00000000f5580000,0x00000000f5580000,0x00000000fa980000)
  from space 8192K, 56% used [0x00000000fa980000,0x00000000fae026f8,0x00000000fb180000)
  to   space 8192K, 0% used [0x00000000fc980000,0x00000000fc980000,0x00000000fd180000)
 ParOldGen       total 53760K, used 6836K [0x00000000e0000000, 0x00000000e3480000, 0x00000000f5580000)
  object space 53760K, 12% used [0x00000000e0000000,0x00000000e06ad2f0,0x00000000e3480000)
 Metaspace       used 34303K, capacity 35416K, committed 35496K, reserved 1079296K
  class space    used 4860K, capacity 5118K, committed 5168K, reserved 1048576K
}
Event: 16.152 GC heap before
{Heap before GC invocations=11 (full 2):
 PSYoungGen      total 94208K, used 4617K [0x00000000f5580000, 0x00000000fd180000, 0x0000000100000000)
  eden space 86016K, 0% used [0x00000000f5580000,0x00000000f5580000,0x00000000fa980000)
  from space 8192K, 56% used [0x00000000fa980000,0x00000000fae026f8,0x00000000fb180000)
  to   space 8192K, 0% used [0x00000000fc980000,0x00000000fc980000,0x00000000fd180000)
 ParOldGen       total 53760K, used 6836K [0x00000000e0000000, 0x00000000e3480000, 0x00000000f5580000)
  object space 53760K, 12% used [0x00000000e0000000,0x00000000e06ad2f0,0x00000000e3480000)
 Metaspace       used 34303K, capacity 35416K, committed 35496K, reserved 1079296K
  class space    used 4860K, capacity 5118K, committed 5168K, reserved 1048576K
Event: 16.255 GC heap after
Heap after GC invocations=11 (full 2):
 PSYoungGen      total 94208K, used 0K [0x00000000f5580000, 0x00000000fd180000, 0x0000000100000000)
  eden space 86016K, 0% used [0x00000000f5580000,0x00000000f5580000,0x00000000fa980000)
  from space 8192K, 0% used [0x00000000fa980000,0x00000000fa980000,0x00000000fb180000)
  to   space 8192K, 0% used [0x00000000fc980000,0x00000000fc980000,0x00000000fd180000)
 ParOldGen       total 80896K, used 10567K [0x00000000e0000000, 0x00000000e4f00000, 0x00000000f5580000)
  object space 80896K, 13% used [0x00000000e0000000,0x00000000e0a51e48,0x00000000e4f00000)
 Metaspace       used 34303K, capacity 35416K, committed 35496K, reserved 1079296K
  class space    used 4860K, capacity 5118K, committed 5168K, reserved 1048576K
}
Event: 17.557 GC heap before
{Heap before GC invocations=12 (full 2):
 PSYoungGen      total 94208K, used 86016K [0x00000000f5580000, 0x00000000fd180000, 0x0000000100000000)
  eden space 86016K, 100% used [0x00000000f5580000,0x00000000fa980000,0x00000000fa980000)
  from space 8192K, 0% used [0x00000000fa980000,0x00000000fa980000,0x00000000fb180000)
  to   space 8192K, 0% used [0x00000000fc980000,0x00000000fc980000,0x00000000fd180000)
 ParOldGen       total 80896K, used 10567K [0x00000000e0000000, 0x00000000e4f00000, 0x00000000f5580000)
  object space 80896K, 13% used [0x00000000e0000000,0x00000000e0a51e48,0x00000000e4f00000)
 Metaspace       used 35364K, capacity 36532K, committed 36784K, reserved 1081344K
  class space    used 5003K, capacity 5268K, committed 5296K, reserved 1048576K
Event: 17.560 GC heap after
Heap after GC invocations=12 (full 2):
 PSYoungGen      total 117760K, used 1707K [0x00000000f5580000, 0x00000000fd180000, 0x0000000100000000)
  eden space 109568K, 0% used [0x00000000f5580000,0x00000000f5580000,0x00000000fc080000)
  from space 8192K, 20% used [0x00000000fc980000,0x00000000fcb2af28,0x00000000fd180000)
  to   space 8704K, 0% used [0x00000000fc080000,0x00000000fc080000,0x00000000fc900000)
 ParOldGen       total 80896K, used 10575K [0x00000000e0000000, 0x00000000e4f00000, 0x00000000f5580000)
  object space 80896K, 13% used [0x00000000e0000000,0x00000000e0a53e48,0x00000000e4f00000)
 Metaspace       used 35364K, capacity 36532K, committed 36784K, reserved 1081344K
  class space    used 5003K, capacity 5268K, committed 5296K, reserved 1048576K
}
Event: 21.485 GC heap before
{Heap before GC invocations=13 (full 2):
 PSYoungGen      total 117760K, used 111275K [0x00000000f5580000, 0x00000000fd180000, 0x0000000100000000)
  eden space 109568K, 100% used [0x00000000f5580000,0x00000000fc080000,0x00000000fc080000)
  from space 8192K, 20% used [0x00000000fc980000,0x00000000fcb2af28,0x00000000fd180000)
  to   space 8704K, 0% used [0x00000000fc080000,0x00000000fc080000,0x00000000fc900000)
 ParOldGen       total 80896K, used 10575K [0x00000000e0000000, 0x00000000e4f00000, 0x00000000f5580000)
  object space 80896K, 13% used [0x00000000e0000000,0x00000000e0a53e48,0x00000000e4f00000)
 Metaspace       used 36000K, capacity 37190K, committed 37424K, reserved 1081344K
  class space    used 5081K, capacity 5381K, committed 5424K, reserved 1048576K
Event: 21.487 GC heap after
Heap after GC invocations=13 (full 2):
 PSYoungGen      total 118272K, used 1410K [0x00000000f5580000, 0x00000000fea80000, 0x0000000100000000)
  eden space 109568K, 0% used [0x00000000f5580000,0x00000000f5580000,0x00000000fc080000)
  from space 8704K, 16% used [0x00000000fc080000,0x00000000fc1e08e8,0x00000000fc900000)
  to   space 8704K, 0% used [0x00000000fe200000,0x00000000fe200000,0x00000000fea80000)
 ParOldGen       total 80896K, used 10583K [0x00000000e0000000, 0x00000000e4f00000, 0x00000000f5580000)
  object space 80896K, 13% used [0x00000000e0000000,0x00000000e0a55e48,0x00000000e4f00000)
 Metaspace       used 36000K, capacity 37190K, committed 37424K, reserved 1081344K
  class space    used 5081K, capacity 5381K, committed 5424K, reserved 1048576K
}
Event: 24.662 GC heap before
{Heap before GC invocations=14 (full 2):
 PSYoungGen      total 118272K, used 110978K [0x00000000f5580000, 0x00000000fea80000, 0x0000000100000000)
  eden space 109568K, 100% used [0x00000000f5580000,0x00000000fc080000,0x00000000fc080000)
  from space 8704K, 16% used [0x00000000fc080000,0x00000000fc1e08e8,0x00000000fc900000)
  to   space 8704K, 0% used [0x00000000fe200000,0x00000000fe200000,0x00000000fea80000)
 ParOldGen       total 80896K, used 10583K [0x00000000e0000000, 0x00000000e4f00000, 0x00000000f5580000)
  object space 80896K, 13% used [0x00000000e0000000,0x00000000e0a55e48,0x00000000e4f00000)
 Metaspace       used 36057K, capacity 37254K, committed 37424K, reserved 1081344K
  class space    used 5085K, capacity 5381K, committed 5424K, reserved 1048576K
Event: 24.665 GC heap after
Heap after GC invocations=14 (full 2):
 PSYoungGen      total 137728K, used 1362K [0x00000000f5580000, 0x00000000fe800000, 0x0000000100000000)
  eden space 131584K, 0% used [0x00000000f5580000,0x00000000f5580000,0x00000000fd600000)
  from space 6144K, 22% used [0x00000000fe200000,0x00000000fe3548f8,0x00000000fe800000)
  to   space 9216K, 0% used [0x00000000fd600000,0x00000000fd600000,0x00000000fdf00000)
 ParOldGen       total 80896K, used 10591K [0x00000000e0000000, 0x00000000e4f00000, 0x00000000f5580000)
  object space 80896K, 13% used [0x00000000e0000000,0x00000000e0a57e48,0x00000000e4f00000)
 Metaspace       used 36057K, capacity 37254K, committed 37424K, reserved 1081344K
  class space    used 5085K, capacity 5381K, committed 5424K, reserved 1048576K
}

