# JRE version: Java(TM) SE Runtime Environment (8.0_231-b11) (build 1.8.0_231-b11)
# Java VM: Java HotSpot(TM) 64-Bit Server VM (25.231-b11 mixed mode windows-amd64 compressed oops)
Heap:
 PSYoungGen      total 147456K, used 20558K [0x00000000f5580000, 0x0000000100000000, 0x0000000100000000)
  eden space 138240K, 13% used [0x00000000f5580000,0x00000000f6813070,0x00000000fdc80000)
  from space 9216K, 16% used [0x00000000fdc80000,0x00000000fde008e8,0x00000000fe580000)
  to   space 9216K, 0% used [0x00000000ff700000,0x00000000ff700000,0x0000000100000000)
 ParOldGen       total 79360K, used 10620K [0x00000000e0000000, 0x00000000e4d80000, 0x00000000f5580000)
  object space 79360K, 13% used [0x00000000e0000000,0x00000000e0a5f260,0x00000000e4d80000)
 Metaspace       used 36059K, capacity 37266K, committed 37424K, reserved 1081344K
  class space    used 5082K, capacity 5381K, committed 5424K, reserved 1048576K
GC Heap History (10 events):
Event: 16.853 GC heap before
{Heap before GC invocations=11 (full 2):
 PSYoungGen      total 96256K, used 4516K [0x00000000f5580000, 0x00000000fd500000, 0x0000000100000000)
  eden space 88064K, 0% used [0x00000000f5580000,0x00000000f5580000,0x00000000fab80000)
  from space 8192K, 55% used [0x00000000fab80000,0x00000000fafe92c8,0x00000000fb380000)
  to   space 8192K, 0% used [0x00000000fcd00000,0x00000000fcd00000,0x00000000fd500000)
 ParOldGen       total 53248K, used 6845K [0x00000000e0000000, 0x00000000e3400000, 0x00000000f5580000)
  object space 53248K, 12% used [0x00000000e0000000,0x00000000e06af758,0x00000000e3400000)
 Metaspace       used 34296K, capacity 35416K, committed 35496K, reserved 1079296K
  class space    used 4861K, capacity 5118K, committed 5168K, reserved 1048576K
Event: 16.956 GC heap after
Heap after GC invocations=11 (full 2):
 PSYoungGen      total 96256K, used 0K [0x00000000f5580000, 0x00000000fd500000, 0x0000000100000000)
  eden space 88064K, 0% used [0x00000000f5580000,0x00000000f5580000,0x00000000fab80000)
  from space 8192K, 0% used [0x00000000fab80000,0x00000000fab80000,0x00000000fb380000)
  to   space 8192K, 0% used [0x00000000fcd00000,0x00000000fcd00000,0x00000000fd500000)
 ParOldGen       total 79360K, used 10588K [0x00000000e0000000, 0x00000000e4d80000, 0x00000000f5580000)
  object space 79360K, 13% used [0x00000000e0000000,0x00000000e0a57260,0x00000000e4d80000)
 Metaspace       used 34296K, capacity 35416K, committed 35496K, reserved 1079296K
  class space    used 4861K, capacity 5118K, committed 5168K, reserved 1048576K
}
Event: 18.081 GC heap before
{Heap before GC invocations=12 (full 2):
 PSYoungGen      total 96256K, used 88064K [0x00000000f5580000, 0x00000000fd500000, 0x0000000100000000)
  eden space 88064K, 100% used [0x00000000f5580000,0x00000000fab80000,0x00000000fab80000)
  from space 8192K, 0% used [0x00000000fab80000,0x00000000fab80000,0x00000000fb380000)
  to   space 8192K, 0% used [0x00000000fcd00000,0x00000000fcd00000,0x00000000fd500000)
 ParOldGen       total 79360K, used 10588K [0x00000000e0000000, 0x00000000e4d80000, 0x00000000f5580000)
  object space 79360K, 13% used [0x00000000e0000000,0x00000000e0a57260,0x00000000e4d80000)
 Metaspace       used 35352K, capacity 36532K, committed 36784K, reserved 1081344K
  class space    used 5004K, capacity 5268K, committed 5296K, reserved 1048576K
Event: 18.084 GC heap after
Heap after GC invocations=12 (full 2):
 PSYoungGen      total 121344K, used 1677K [0x00000000f5580000, 0x00000000fd500000, 0x0000000100000000)
  eden space 113152K, 0% used [0x00000000f5580000,0x00000000f5580000,0x00000000fc400000)
  from space 8192K, 20% used [0x00000000fcd00000,0x00000000fcea3560,0x00000000fd500000)
  to   space 8704K, 0% used [0x00000000fc400000,0x00000000fc400000,0x00000000fcc80000)
 ParOldGen       total 79360K, used 10596K [0x00000000e0000000, 0x00000000e4d80000, 0x00000000f5580000)
  object space 79360K, 13% used [0x00000000e0000000,0x00000000e0a59260,0x00000000e4d80000)
 Metaspace       used 35352K, capacity 36532K, committed 36784K, reserved 1081344K
  class space    used 5004K, capacity 5268K, committed 5296K, reserved 1048576K
}
Event: 20.552 GC heap before
{Heap before GC invocations=13 (full 2):
 PSYoungGen      total 121344K, used 114829K [0x00000000f5580000, 0x00000000fd500000, 0x0000000100000000)
  eden space 113152K, 100% used [0x00000000f5580000,0x00000000fc400000,0x00000000fc400000)
  from space 8192K, 20% used [0x00000000fcd00000,0x00000000fcea3560,0x00000000fd500000)
  to   space 8704K, 0% used [0x00000000fc400000,0x00000000fc400000,0x00000000fcc80000)
 ParOldGen       total 79360K, used 10596K [0x00000000e0000000, 0x00000000e4d80000, 0x00000000f5580000)
  object space 79360K, 13% used [0x00000000e0000000,0x00000000e0a59260,0x00000000e4d80000)
 Metaspace       used 35747K, capacity 36966K, committed 37168K, reserved 1081344K
  class space    used 5054K, capacity 5349K, committed 5424K, reserved 1048576K
Event: 20.557 GC heap after
Heap after GC invocations=13 (full 2):
 PSYoungGen      total 121856K, used 1173K [0x00000000f5580000, 0x00000000ff200000, 0x0000000100000000)
  eden space 113152K, 0% used [0x00000000f5580000,0x00000000f5580000,0x00000000fc400000)
  from space 8704K, 13% used [0x00000000fc400000,0x00000000fc5256d8,0x00000000fcc80000)
  to   space 9216K, 0% used [0x00000000fe900000,0x00000000fe900000,0x00000000ff200000)
 ParOldGen       total 79360K, used 10604K [0x00000000e0000000, 0x00000000e4d80000, 0x00000000f5580000)
  object space 79360K, 13% used [0x00000000e0000000,0x00000000e0a5b260,0x00000000e4d80000)
 Metaspace       used 35747K, capacity 36966K, committed 37168K, reserved 1081344K
  class space    used 5054K, capacity 5349K, committed 5424K, reserved 1048576K
}
Event: 22.255 GC heap before
{Heap before GC invocations=14 (full 2):
 PSYoungGen      total 121856K, used 114325K [0x00000000f5580000, 0x00000000ff200000, 0x0000000100000000)
  eden space 113152K, 100% used [0x00000000f5580000,0x00000000fc400000,0x00000000fc400000)
  from space 8704K, 13% used [0x00000000fc400000,0x00000000fc5256d8,0x00000000fcc80000)
  to   space 9216K, 0% used [0x00000000fe900000,0x00000000fe900000,0x00000000ff200000)
 ParOldGen       total 79360K, used 10604K [0x00000000e0000000, 0x00000000e4d80000, 0x00000000f5580000)
  object space 79360K, 13% used [0x00000000e0000000,0x00000000e0a5b260,0x00000000e4d80000)
 Metaspace       used 36006K, capacity 37190K, committed 37424K, reserved 1081344K
  class space    used 5082K, capacity 5381K, committed 5424K, reserved 1048576K
Event: 22.257 GC heap after
Heap after GC invocations=14 (full 2):
 PSYoungGen      total 143872K, used 1730K [0x00000000f5580000, 0x00000000fee80000, 0x0000000100000000)
  eden space 138240K, 0% used [0x00000000f5580000,0x00000000f5580000,0x00000000fdc80000)
  from space 5632K, 30% used [0x00000000fe900000,0x00000000feab08e8,0x00000000fee80000)
  to   space 9216K, 0% used [0x00000000fdc80000,0x00000000fdc80000,0x00000000fe580000)
 ParOldGen       total 79360K, used 10612K [0x00000000e0000000, 0x00000000e4d80000, 0x00000000f5580000)
  object space 79360K, 13% used [0x00000000e0000000,0x00000000e0a5d260,0x00000000e4d80000)
 Metaspace       used 36006K, capacity 37190K, committed 37424K, reserved 1081344K
  class space    used 5082K, capacity 5381K, committed 5424K, reserved 1048576K
}
Event: 23.791 GC heap before
{Heap before GC invocations=15 (full 2):
 PSYoungGen      total 143872K, used 139970K [0x00000000f5580000, 0x00000000fee80000, 0x0000000100000000)
  eden space 138240K, 100% used [0x00000000f5580000,0x00000000fdc80000,0x00000000fdc80000)
  from space 5632K, 30% used [0x00000000fe900000,0x00000000feab08e8,0x00000000fee80000)
  to   space 9216K, 0% used [0x00000000fdc80000,0x00000000fdc80000,0x00000000fe580000)
 ParOldGen       total 79360K, used 10612K [0x00000000e0000000, 0x00000000e4d80000, 0x00000000f5580000)
  object space 79360K, 13% used [0x00000000e0000000,0x00000000e0a5d260,0x00000000e4d80000)
 Metaspace       used 36047K, capacity 37262K, committed 37424K, reserved 1081344K
  class space    used 5082K, capacity 5381K, committed 5424K, reserved 1048576K
Event: 23.793 GC heap after
Heap after GC invocations=15 (full 2):
 PSYoungGen      total 147456K, used 1538K [0x00000000f5580000, 0x0000000100000000, 0x0000000100000000)
  eden space 138240K, 0% used [0x00000000f5580000,0x00000000f5580000,0x00000000fdc80000)
  from space 9216K, 16% used [0x00000000fdc80000,0x00000000fde008e8,0x00000000fe580000)
  to   space 9216K, 0% used [0x00000000ff700000,0x00000000ff700000,0x0000000100000000)
 ParOldGen       total 79360K, used 10620K [0x00000000e0000000, 0x00000000e4d80000, 0x00000000f5580000)
  object space 79360K, 13% used [0x00000000e0000000,0x00000000e0a5f260,0x00000000e4d80000)
 Metaspace       used 36047K, capacity 37262K, committed 37424K, reserved 1081344K
  class space    used 5082K, capacity 5381K, committed 5424K, reserved 1048576K
}

