# JRE version: Java(TM) SE Runtime Environment (8.0_231-b11) (build 1.8.0_231-b11)
# Java VM: Java HotSpot(TM) 64-Bit Server VM (25.231-b11 mixed mode windows-amd64 compressed oops)
Heap:
 PSYoungGen      total 146432K, used 9696K [0x00000000f5580000, 0x0000000100000000, 0x0000000100000000)
  eden space 137216K, 5% used [0x00000000f5580000,0x00000000f5d6f838,0x00000000fdb80000)
  from space 9216K, 17% used [0x00000000fdb80000,0x00000000fdd088e8,0x00000000fe480000)
  to   space 9216K, 0% used [0x00000000ff700000,0x00000000ff700000,0x0000000100000000)
 ParOldGen       total 79872K, used 10585K [0x00000000e0000000, 0x00000000e4e00000, 0x00000000f5580000)
  object space 79872K, 13% used [0x00000000e0000000,0x00000000e0a565f8,0x00000000e4e00000)
 Metaspace       used 36118K, capacity 37330K, committed 37424K, reserved 1081344K
  class space    used 5086K, capacity 5381K, committed 5424K, reserved 1048576K
GC Heap History (10 events):
Event: 17.235 GC heap before
{Heap before GC invocations=11 (full 2):
 PSYoungGen      total 97280K, used 4556K [0x00000000f5580000, 0x00000000fd680000, 0x0000000100000000)
  eden space 89088K, 0% used [0x00000000f5580000,0x00000000f5580000,0x00000000fac80000)
  from space 8192K, 55% used [0x00000000fac80000,0x00000000fb0f33c0,0x00000000fb480000)
  to   space 8192K, 0% used [0x00000000fce80000,0x00000000fce80000,0x00000000fd680000)
 ParOldGen       total 52736K, used 6841K [0x00000000e0000000, 0x00000000e3380000, 0x00000000f5580000)
  object space 52736K, 12% used [0x00000000e0000000,0x00000000e06ae470,0x00000000e3380000)
 Metaspace       used 34312K, capacity 35416K, committed 35496K, reserved 1079296K
  class space    used 4862K, capacity 5118K, committed 5168K, reserved 1048576K
Event: 17.361 GC heap after
Heap after GC invocations=11 (full 2):
 PSYoungGen      total 97280K, used 0K [0x00000000f5580000, 0x00000000fd680000, 0x0000000100000000)
  eden space 89088K, 0% used [0x00000000f5580000,0x00000000f5580000,0x00000000fac80000)
  from space 8192K, 0% used [0x00000000fac80000,0x00000000fac80000,0x00000000fb480000)
  to   space 8192K, 0% used [0x00000000fce80000,0x00000000fce80000,0x00000000fd680000)
 ParOldGen       total 79872K, used 10561K [0x00000000e0000000, 0x00000000e4e00000, 0x00000000f5580000)
  object space 79872K, 13% used [0x00000000e0000000,0x00000000e0a505f8,0x00000000e4e00000)
 Metaspace       used 34312K, capacity 35416K, committed 35496K, reserved 1079296K
  class space    used 4862K, capacity 5118K, committed 5168K, reserved 1048576K
}
Event: 18.478 GC heap before
{Heap before GC invocations=12 (full 2):
 PSYoungGen      total 97280K, used 89088K [0x00000000f5580000, 0x00000000fd680000, 0x0000000100000000)
  eden space 89088K, 100% used [0x00000000f5580000,0x00000000fac80000,0x00000000fac80000)
  from space 8192K, 0% used [0x00000000fac80000,0x00000000fac80000,0x00000000fb480000)
  to   space 8192K, 0% used [0x00000000fce80000,0x00000000fce80000,0x00000000fd680000)
 ParOldGen       total 79872K, used 10561K [0x00000000e0000000, 0x00000000e4e00000, 0x00000000f5580000)
  object space 79872K, 13% used [0x00000000e0000000,0x00000000e0a505f8,0x00000000e4e00000)
 Metaspace       used 35367K, capacity 36532K, committed 36784K, reserved 1081344K
  class space    used 5004K, capacity 5268K, committed 5296K, reserved 1048576K
Event: 18.482 GC heap after
Heap after GC invocations=12 (full 2):
 PSYoungGen      total 120832K, used 1683K [0x00000000f5580000, 0x00000000fd580000, 0x0000000100000000)
  eden space 113664K, 0% used [0x00000000f5580000,0x00000000f5580000,0x00000000fc480000)
  from space 7168K, 23% used [0x00000000fce80000,0x00000000fd024d88,0x00000000fd580000)
  to   space 8704K, 0% used [0x00000000fc480000,0x00000000fc480000,0x00000000fcd00000)
 ParOldGen       total 79872K, used 10569K [0x00000000e0000000, 0x00000000e4e00000, 0x00000000f5580000)
  object space 79872K, 13% used [0x00000000e0000000,0x00000000e0a525f8,0x00000000e4e00000)
 Metaspace       used 35367K, capacity 36532K, committed 36784K, reserved 1081344K
  class space    used 5004K, capacity 5268K, committed 5296K, reserved 1048576K
}
Event: 20.937 GC heap before
{Heap before GC invocations=13 (full 2):
 PSYoungGen      total 120832K, used 115347K [0x00000000f5580000, 0x00000000fd580000, 0x0000000100000000)
  eden space 113664K, 100% used [0x00000000f5580000,0x00000000fc480000,0x00000000fc480000)
  from space 7168K, 23% used [0x00000000fce80000,0x00000000fd024d88,0x00000000fd580000)
  to   space 8704K, 0% used [0x00000000fc480000,0x00000000fc480000,0x00000000fcd00000)
 ParOldGen       total 79872K, used 10569K [0x00000000e0000000, 0x00000000e4e00000, 0x00000000f5580000)
  object space 79872K, 13% used [0x00000000e0000000,0x00000000e0a525f8,0x00000000e4e00000)
 Metaspace       used 35993K, capacity 37190K, committed 37424K, reserved 1081344K
  class space    used 5080K, capacity 5381K, committed 5424K, reserved 1048576K
Event: 20.940 GC heap after
Heap after GC invocations=13 (full 2):
 PSYoungGen      total 122368K, used 1378K [0x00000000f5580000, 0x00000000ff000000, 0x0000000100000000)
  eden space 113664K, 0% used [0x00000000f5580000,0x00000000f5580000,0x00000000fc480000)
  from space 8704K, 15% used [0x00000000fc480000,0x00000000fc5d88e8,0x00000000fcd00000)
  to   space 8704K, 0% used [0x00000000fe780000,0x00000000fe780000,0x00000000ff000000)
 ParOldGen       total 79872K, used 10569K [0x00000000e0000000, 0x00000000e4e00000, 0x00000000f5580000)
  object space 79872K, 13% used [0x00000000e0000000,0x00000000e0a525f8,0x00000000e4e00000)
 Metaspace       used 35993K, capacity 37190K, committed 37424K, reserved 1081344K
  class space    used 5080K, capacity 5381K, committed 5424K, reserved 1048576K
}
Event: 22.572 GC heap before
{Heap before GC invocations=14 (full 2):
 PSYoungGen      total 122368K, used 115042K [0x00000000f5580000, 0x00000000ff000000, 0x0000000100000000)
  eden space 113664K, 100% used [0x00000000f5580000,0x00000000fc480000,0x00000000fc480000)
  from space 8704K, 15% used [0x00000000fc480000,0x00000000fc5d88e8,0x00000000fcd00000)
  to   space 8704K, 0% used [0x00000000fe780000,0x00000000fe780000,0x00000000ff000000)
 ParOldGen       total 79872K, used 10569K [0x00000000e0000000, 0x00000000e4e00000, 0x00000000f5580000)
  object space 79872K, 13% used [0x00000000e0000000,0x00000000e0a525f8,0x00000000e4e00000)
 Metaspace       used 36070K, capacity 37318K, committed 37424K, reserved 1081344K
  class space    used 5086K, capacity 5381K, committed 5424K, reserved 1048576K
Event: 22.574 GC heap after
Heap after GC invocations=14 (full 2):
 PSYoungGen      total 143360K, used 1442K [0x00000000f5580000, 0x00000000fed80000, 0x0000000100000000)
  eden space 137216K, 0% used [0x00000000f5580000,0x00000000f5580000,0x00000000fdb80000)
  from space 6144K, 23% used [0x00000000fe780000,0x00000000fe8e88e8,0x00000000fed80000)
  to   space 9216K, 0% used [0x00000000fdb80000,0x00000000fdb80000,0x00000000fe480000)
 ParOldGen       total 79872K, used 10577K [0x00000000e0000000, 0x00000000e4e00000, 0x00000000f5580000)
  object space 79872K, 13% used [0x00000000e0000000,0x00000000e0a545f8,0x00000000e4e00000)
 Metaspace       used 36070K, capacity 37318K, committed 37424K, reserved 1081344K
  class space    used 5086K, capacity 5381K, committed 5424K, reserved 1048576K
}
Event: 24.327 GC heap before
{Heap before GC invocations=15 (full 2):
 PSYoungGen      total 143360K, used 138658K [0x00000000f5580000, 0x00000000fed80000, 0x0000000100000000)
  eden space 137216K, 100% used [0x00000000f5580000,0x00000000fdb80000,0x00000000fdb80000)
  from space 6144K, 23% used [0x00000000fe780000,0x00000000fe8e88e8,0x00000000fed80000)
  to   space 9216K, 0% used [0x00000000fdb80000,0x00000000fdb80000,0x00000000fe480000)
 ParOldGen       total 79872K, used 10577K [0x00000000e0000000, 0x00000000e4e00000, 0x00000000f5580000)
  object space 79872K, 13% used [0x00000000e0000000,0x00000000e0a545f8,0x00000000e4e00000)
 Metaspace       used 36113K, capacity 37326K, committed 37424K, reserved 1081344K
  class space    used 5086K, capacity 5381K, committed 5424K, reserved 1048576K
Event: 24.331 GC heap after
Heap after GC invocations=15 (full 2):
 PSYoungGen      total 146432K, used 1570K [0x00000000f5580000, 0x0000000100000000, 0x0000000100000000)
  eden space 137216K, 0% used [0x00000000f5580000,0x00000000f5580000,0x00000000fdb80000)
  from space 9216K, 17% used [0x00000000fdb80000,0x00000000fdd088e8,0x00000000fe480000)
  to   space 9216K, 0% used [0x00000000ff700000,0x00000000ff700000,0x0000000100000000)
 ParOldGen       total 79872K, used 10585K [0x00000000e0000000, 0x00000000e4e00000, 0x00000000f5580000)
  object space 79872K, 13% used [0x00000000e0000000,0x00000000e0a565f8,0x00000000e4e00000)
 Metaspace       used 36113K, capacity 37326K, committed 37424K, reserved 1081344K
  class space    used 5086K, capacity 5381K, committed 5424K, reserved 1048576K
}

