# JRE version: Java(TM) SE Runtime Environment (8.0_231-b11) (build 1.8.0_231-b11)
# Java VM: Java HotSpot(TM) 64-Bit Server VM (25.231-b11 mixed mode windows-amd64 compressed oops)
Heap:
 PSYoungGen      total 139264K, used 32380K [0x00000000f5580000, 0x00000000ffc80000, 0x0000000100000000)
  eden space 130048K, 23% used [0x00000000f5580000,0x00000000f7399a48,0x00000000fd480000)
  from space 9216K, 16% used [0x00000000fd480000,0x00000000fd6056d8,0x00000000fdd80000)
  to   space 9216K, 0% used [0x00000000ff380000,0x00000000ff380000,0x00000000ffc80000)
 ParOldGen       total 80896K, used 10667K [0x00000000e0000000, 0x00000000e4f00000, 0x00000000f5580000)
  object space 80896K, 13% used [0x00000000e0000000,0x00000000e0a6aeb0,0x00000000e4f00000)
 Metaspace       used 36116K, capacity 37330K, committed 37424K, reserved 1081344K
  class space    used 5085K, capacity 5381K, committed 5424K, reserved 1048576K
GC Heap History (10 events):
Event: 17.086 GC heap before
{Heap before GC invocations=11 (full 2):
 PSYoungGen      total 94208K, used 4613K [0x00000000f5580000, 0x00000000fd180000, 0x0000000100000000)
  eden space 86016K, 0% used [0x00000000f5580000,0x00000000f5580000,0x00000000fa980000)
  from space 8192K, 56% used [0x00000000fa980000,0x00000000fae01700,0x00000000fb180000)
  to   space 8192K, 0% used [0x00000000fc980000,0x00000000fc980000,0x00000000fd180000)
 ParOldGen       total 53248K, used 6822K [0x00000000e0000000, 0x00000000e3400000, 0x00000000f5580000)
  object space 53248K, 12% used [0x00000000e0000000,0x00000000e06a9820,0x00000000e3400000)
 Metaspace       used 34312K, capacity 35416K, committed 35496K, reserved 1079296K
  class space    used 4860K, capacity 5118K, committed 5168K, reserved 1048576K
Event: 17.209 GC heap after
Heap after GC invocations=11 (full 2):
 PSYoungGen      total 94208K, used 0K [0x00000000f5580000, 0x00000000fd180000, 0x0000000100000000)
  eden space 86016K, 0% used [0x00000000f5580000,0x00000000f5580000,0x00000000fa980000)
  from space 8192K, 0% used [0x00000000fa980000,0x00000000fa980000,0x00000000fb180000)
  to   space 8192K, 0% used [0x00000000fc980000,0x00000000fc980000,0x00000000fd180000)
 ParOldGen       total 80896K, used 10643K [0x00000000e0000000, 0x00000000e4f00000, 0x00000000f5580000)
  object space 80896K, 13% used [0x00000000e0000000,0x00000000e0a64eb0,0x00000000e4f00000)
 Metaspace       used 34312K, capacity 35416K, committed 35496K, reserved 1079296K
  class space    used 4860K, capacity 5118K, committed 5168K, reserved 1048576K
}
Event: 18.317 GC heap before
{Heap before GC invocations=12 (full 2):
 PSYoungGen      total 94208K, used 86016K [0x00000000f5580000, 0x00000000fd180000, 0x0000000100000000)
  eden space 86016K, 100% used [0x00000000f5580000,0x00000000fa980000,0x00000000fa980000)
  from space 8192K, 0% used [0x00000000fa980000,0x00000000fa980000,0x00000000fb180000)
  to   space 8192K, 0% used [0x00000000fc980000,0x00000000fc980000,0x00000000fd180000)
 ParOldGen       total 80896K, used 10643K [0x00000000e0000000, 0x00000000e4f00000, 0x00000000f5580000)
  object space 80896K, 13% used [0x00000000e0000000,0x00000000e0a64eb0,0x00000000e4f00000)
 Metaspace       used 35363K, capacity 36532K, committed 36784K, reserved 1081344K
  class space    used 5003K, capacity 5268K, committed 5296K, reserved 1048576K
Event: 18.319 GC heap after
Heap after GC invocations=12 (full 2):
 PSYoungGen      total 115712K, used 1657K [0x00000000f5580000, 0x00000000fd080000, 0x0000000100000000)
  eden space 108544K, 0% used [0x00000000f5580000,0x00000000f5580000,0x00000000fbf80000)
  from space 7168K, 23% used [0x00000000fc980000,0x00000000fcb1e770,0x00000000fd080000)
  to   space 8704K, 0% used [0x00000000fbf80000,0x00000000fbf80000,0x00000000fc800000)
 ParOldGen       total 80896K, used 10651K [0x00000000e0000000, 0x00000000e4f00000, 0x00000000f5580000)
  object space 80896K, 13% used [0x00000000e0000000,0x00000000e0a66eb0,0x00000000e4f00000)
 Metaspace       used 35363K, capacity 36532K, committed 36784K, reserved 1081344K
  class space    used 5003K, capacity 5268K, committed 5296K, reserved 1048576K
}
Event: 20.400 GC heap before
{Heap before GC invocations=13 (full 2):
 PSYoungGen      total 115712K, used 110201K [0x00000000f5580000, 0x00000000fd080000, 0x0000000100000000)
  eden space 108544K, 100% used [0x00000000f5580000,0x00000000fbf80000,0x00000000fbf80000)
  from space 7168K, 23% used [0x00000000fc980000,0x00000000fcb1e770,0x00000000fd080000)
  to   space 8704K, 0% used [0x00000000fbf80000,0x00000000fbf80000,0x00000000fc800000)
 ParOldGen       total 80896K, used 10651K [0x00000000e0000000, 0x00000000e4f00000, 0x00000000f5580000)
  object space 80896K, 13% used [0x00000000e0000000,0x00000000e0a66eb0,0x00000000e4f00000)
 Metaspace       used 35489K, capacity 36710K, committed 36784K, reserved 1081344K
  class space    used 5017K, capacity 5285K, committed 5296K, reserved 1048576K
Event: 20.402 GC heap after
Heap after GC invocations=13 (full 2):
 PSYoungGen      total 117248K, used 981K [0x00000000f5580000, 0x00000000fe980000, 0x0000000100000000)
  eden space 108544K, 0% used [0x00000000f5580000,0x00000000f5580000,0x00000000fbf80000)
  from space 8704K, 11% used [0x00000000fbf80000,0x00000000fc0756d8,0x00000000fc800000)
  to   space 9216K, 0% used [0x00000000fe080000,0x00000000fe080000,0x00000000fe980000)
 ParOldGen       total 80896K, used 10651K [0x00000000e0000000, 0x00000000e4f00000, 0x00000000f5580000)
  object space 80896K, 13% used [0x00000000e0000000,0x00000000e0a66eb0,0x00000000e4f00000)
 Metaspace       used 35489K, capacity 36710K, committed 36784K, reserved 1081344K
  class space    used 5017K, capacity 5285K, committed 5296K, reserved 1048576K
}
Event: 21.999 GC heap before
{Heap before GC invocations=14 (full 2):
 PSYoungGen      total 117248K, used 109525K [0x00000000f5580000, 0x00000000fe980000, 0x0000000100000000)
  eden space 108544K, 100% used [0x00000000f5580000,0x00000000fbf80000,0x00000000fbf80000)
  from space 8704K, 11% used [0x00000000fbf80000,0x00000000fc0756d8,0x00000000fc800000)
  to   space 9216K, 0% used [0x00000000fe080000,0x00000000fe080000,0x00000000fe980000)
 ParOldGen       total 80896K, used 10651K [0x00000000e0000000, 0x00000000e4f00000, 0x00000000f5580000)
  object space 80896K, 13% used [0x00000000e0000000,0x00000000e0a66eb0,0x00000000e4f00000)
 Metaspace       used 36064K, capacity 37318K, committed 37424K, reserved 1081344K
  class space    used 5085K, capacity 5381K, committed 5424K, reserved 1048576K
Event: 22.001 GC heap after
Heap after GC invocations=14 (full 2):
 PSYoungGen      total 136192K, used 1845K [0x00000000f5580000, 0x00000000fe680000, 0x0000000100000000)
  eden space 130048K, 0% used [0x00000000f5580000,0x00000000f5580000,0x00000000fd480000)
  from space 6144K, 30% used [0x00000000fe080000,0x00000000fe24d6d8,0x00000000fe680000)
  to   space 9216K, 0% used [0x00000000fd480000,0x00000000fd480000,0x00000000fdd80000)
 ParOldGen       total 80896K, used 10659K [0x00000000e0000000, 0x00000000e4f00000, 0x00000000f5580000)
  object space 80896K, 13% used [0x00000000e0000000,0x00000000e0a68eb0,0x00000000e4f00000)
 Metaspace       used 36064K, capacity 37318K, committed 37424K, reserved 1081344K
  class space    used 5085K, capacity 5381K, committed 5424K, reserved 1048576K
}
Event: 23.344 GC heap before
{Heap before GC invocations=15 (full 2):
 PSYoungGen      total 136192K, used 131893K [0x00000000f5580000, 0x00000000fe680000, 0x0000000100000000)
  eden space 130048K, 100% used [0x00000000f5580000,0x00000000fd480000,0x00000000fd480000)
  from space 6144K, 30% used [0x00000000fe080000,0x00000000fe24d6d8,0x00000000fe680000)
  to   space 9216K, 0% used [0x00000000fd480000,0x00000000fd480000,0x00000000fdd80000)
 ParOldGen       total 80896K, used 10659K [0x00000000e0000000, 0x00000000e4f00000, 0x00000000f5580000)
  object space 80896K, 13% used [0x00000000e0000000,0x00000000e0a68eb0,0x00000000e4f00000)
 Metaspace       used 36101K, capacity 37326K, committed 37424K, reserved 1081344K
  class space    used 5085K, capacity 5381K, committed 5424K, reserved 1048576K
Event: 23.346 GC heap after
Heap after GC invocations=15 (full 2):
 PSYoungGen      total 139264K, used 1557K [0x00000000f5580000, 0x00000000ffc80000, 0x0000000100000000)
  eden space 130048K, 0% used [0x00000000f5580000,0x00000000f5580000,0x00000000fd480000)
  from space 9216K, 16% used [0x00000000fd480000,0x00000000fd6056d8,0x00000000fdd80000)
  to   space 9216K, 0% used [0x00000000ff380000,0x00000000ff380000,0x00000000ffc80000)
 ParOldGen       total 80896K, used 10667K [0x00000000e0000000, 0x00000000e4f00000, 0x00000000f5580000)
  object space 80896K, 13% used [0x00000000e0000000,0x00000000e0a6aeb0,0x00000000e4f00000)
 Metaspace       used 36101K, capacity 37326K, committed 37424K, reserved 1081344K
  class space    used 5085K, capacity 5381K, committed 5424K, reserved 1048576K
}

