# JRE version: Java(TM) SE Runtime Environment (8.0_231-b11) (build 1.8.0_231-b11)
# Java VM: Java HotSpot(TM) 64-Bit Server VM (25.231-b11 mixed mode windows-amd64 compressed oops)
Heap:
 PSYoungGen      total 154112K, used 10072K [0x00000000f5580000, 0x0000000100000000, 0x0000000100000000)
  eden space 144896K, 5% used [0x00000000f5580000,0x00000000f5dccb78,0x00000000fe300000)
  from space 9216K, 17% used [0x00000000fe300000,0x00000000fe4896e8,0x00000000fec00000)
  to   space 9728K, 0% used [0x00000000ff680000,0x00000000ff680000,0x0000000100000000)
 ParOldGen       total 77824K, used 10546K [0x00000000e0000000, 0x00000000e4c00000, 0x00000000f5580000)
  object space 77824K, 13% used [0x00000000e0000000,0x00000000e0a4cb28,0x00000000e4c00000)
 Metaspace       used 36118K, capacity 37334K, committed 37424K, reserved 1081344K
  class space    used 5085K, capacity 5381K, committed 5424K, reserved 1048576K
GC Heap History (10 events):
Event: 17.718 GC heap before
{Heap before GC invocations=11 (full 2):
 PSYoungGen      total 99328K, used 4510K [0x00000000f5580000, 0x00000000fda00000, 0x0000000100000000)
  eden space 91136K, 0% used [0x00000000f5580000,0x00000000f5580000,0x00000000fae80000)
  from space 8192K, 55% used [0x00000000fae80000,0x00000000fb2e7a08,0x00000000fb680000)
  to   space 8192K, 0% used [0x00000000fd200000,0x00000000fd200000,0x00000000fda00000)
 ParOldGen       total 52224K, used 6836K [0x00000000e0000000, 0x00000000e3300000, 0x00000000f5580000)
  object space 52224K, 13% used [0x00000000e0000000,0x00000000e06ad318,0x00000000e3300000)
 Metaspace       used 34302K, capacity 35416K, committed 35496K, reserved 1079296K
  class space    used 4861K, capacity 5118K, committed 5168K, reserved 1048576K
Event: 17.836 GC heap after
Heap after GC invocations=11 (full 2):
 PSYoungGen      total 99328K, used 0K [0x00000000f5580000, 0x00000000fda00000, 0x0000000100000000)
  eden space 91136K, 0% used [0x00000000f5580000,0x00000000f5580000,0x00000000fae80000)
  from space 8192K, 0% used [0x00000000fae80000,0x00000000fae80000,0x00000000fb680000)
  to   space 8192K, 0% used [0x00000000fd200000,0x00000000fd200000,0x00000000fda00000)
 ParOldGen       total 77824K, used 10522K [0x00000000e0000000, 0x00000000e4c00000, 0x00000000f5580000)
  object space 77824K, 13% used [0x00000000e0000000,0x00000000e0a46b28,0x00000000e4c00000)
 Metaspace       used 34302K, capacity 35416K, committed 35496K, reserved 1079296K
  class space    used 4861K, capacity 5118K, committed 5168K, reserved 1048576K
}
Event: 19.140 GC heap before
{Heap before GC invocations=12 (full 2):
 PSYoungGen      total 99328K, used 91136K [0x00000000f5580000, 0x00000000fda00000, 0x0000000100000000)
  eden space 91136K, 100% used [0x00000000f5580000,0x00000000fae80000,0x00000000fae80000)
  from space 8192K, 0% used [0x00000000fae80000,0x00000000fae80000,0x00000000fb680000)
  to   space 8192K, 0% used [0x00000000fd200000,0x00000000fd200000,0x00000000fda00000)
 ParOldGen       total 77824K, used 10522K [0x00000000e0000000, 0x00000000e4c00000, 0x00000000f5580000)
  object space 77824K, 13% used [0x00000000e0000000,0x00000000e0a46b28,0x00000000e4c00000)
 Metaspace       used 35367K, capacity 36532K, committed 36784K, reserved 1081344K
  class space    used 5003K, capacity 5268K, committed 5296K, reserved 1048576K
Event: 19.143 GC heap after
Heap after GC invocations=12 (full 2):
 PSYoungGen      total 124416K, used 1657K [0x00000000f5580000, 0x00000000fd900000, 0x0000000100000000)
  eden space 117248K, 0% used [0x00000000f5580000,0x00000000f5580000,0x00000000fc800000)
  from space 7168K, 23% used [0x00000000fd200000,0x00000000fd39e770,0x00000000fd900000)
  to   space 8704K, 0% used [0x00000000fc800000,0x00000000fc800000,0x00000000fd080000)
 ParOldGen       total 77824K, used 10530K [0x00000000e0000000, 0x00000000e4c00000, 0x00000000f5580000)
  object space 77824K, 13% used [0x00000000e0000000,0x00000000e0a48b28,0x00000000e4c00000)
 Metaspace       used 35367K, capacity 36532K, committed 36784K, reserved 1081344K
  class space    used 5003K, capacity 5268K, committed 5296K, reserved 1048576K
}
Event: 24.255 GC heap before
{Heap before GC invocations=13 (full 2):
 PSYoungGen      total 124416K, used 117070K [0x00000000f5580000, 0x00000000fd900000, 0x0000000100000000)
  eden space 117248K, 98% used [0x00000000f5580000,0x00000000fc6351e8,0x00000000fc800000)
  from space 7168K, 23% used [0x00000000fd200000,0x00000000fd39e770,0x00000000fd900000)
  to   space 8704K, 0% used [0x00000000fc800000,0x00000000fc800000,0x00000000fd080000)
 ParOldGen       total 77824K, used 10530K [0x00000000e0000000, 0x00000000e4c00000, 0x00000000f5580000)
  object space 77824K, 13% used [0x00000000e0000000,0x00000000e0a48b28,0x00000000e4c00000)
 Metaspace       used 36051K, capacity 37318K, committed 37424K, reserved 1081344K
  class space    used 5085K, capacity 5381K, committed 5424K, reserved 1048576K
Event: 24.261 GC heap after
Heap after GC invocations=13 (full 2):
 PSYoungGen      total 125952K, used 7462K [0x00000000f5580000, 0x00000000ff680000, 0x0000000100000000)
  eden space 117248K, 0% used [0x00000000f5580000,0x00000000f5580000,0x00000000fc800000)
  from space 8704K, 85% used [0x00000000fc800000,0x00000000fcf49ae8,0x00000000fd080000)
  to   space 9216K, 0% used [0x00000000fed80000,0x00000000fed80000,0x00000000ff680000)
 ParOldGen       total 77824K, used 10530K [0x00000000e0000000, 0x00000000e4c00000, 0x00000000f5580000)
  object space 77824K, 13% used [0x00000000e0000000,0x00000000e0a48b28,0x00000000e4c00000)
 Metaspace       used 36051K, capacity 37318K, committed 37424K, reserved 1081344K
  class space    used 5085K, capacity 5381K, committed 5424K, reserved 1048576K
}
Event: 24.870 GC heap before
{Heap before GC invocations=14 (full 2):
 PSYoungGen      total 125952K, used 124710K [0x00000000f5580000, 0x00000000ff680000, 0x0000000100000000)
  eden space 117248K, 100% used [0x00000000f5580000,0x00000000fc800000,0x00000000fc800000)
  from space 8704K, 85% used [0x00000000fc800000,0x00000000fcf49ae8,0x00000000fd080000)
  to   space 9216K, 0% used [0x00000000fed80000,0x00000000fed80000,0x00000000ff680000)
 ParOldGen       total 77824K, used 10530K [0x00000000e0000000, 0x00000000e4c00000, 0x00000000f5580000)
  object space 77824K, 13% used [0x00000000e0000000,0x00000000e0a48b28,0x00000000e4c00000)
 Metaspace       used 36075K, capacity 37326K, committed 37424K, reserved 1081344K
  class space    used 5085K, capacity 5381K, committed 5424K, reserved 1048576K
Event: 24.872 GC heap after
Heap after GC invocations=14 (full 2):
 PSYoungGen      total 152576K, used 1618K [0x00000000f5580000, 0x00000000ff500000, 0x0000000100000000)
  eden space 144896K, 0% used [0x00000000f5580000,0x00000000f5580000,0x00000000fe300000)
  from space 7680K, 21% used [0x00000000fed80000,0x00000000fef148f8,0x00000000ff500000)
  to   space 9216K, 0% used [0x00000000fe300000,0x00000000fe300000,0x00000000fec00000)
 ParOldGen       total 77824K, used 10538K [0x00000000e0000000, 0x00000000e4c00000, 0x00000000f5580000)
  object space 77824K, 13% used [0x00000000e0000000,0x00000000e0a4ab28,0x00000000e4c00000)
 Metaspace       used 36075K, capacity 37326K, committed 37424K, reserved 1081344K
  class space    used 5085K, capacity 5381K, committed 5424K, reserved 1048576K
}
Event: 26.425 GC heap before
{Heap before GC invocations=15 (full 2):
 PSYoungGen      total 152576K, used 146514K [0x00000000f5580000, 0x00000000ff500000, 0x0000000100000000)
  eden space 144896K, 100% used [0x00000000f5580000,0x00000000fe300000,0x00000000fe300000)
  from space 7680K, 21% used [0x00000000fed80000,0x00000000fef148f8,0x00000000ff500000)
  to   space 9216K, 0% used [0x00000000fe300000,0x00000000fe300000,0x00000000fec00000)
 ParOldGen       total 77824K, used 10538K [0x00000000e0000000, 0x00000000e4c00000, 0x00000000f5580000)
  object space 77824K, 13% used [0x00000000e0000000,0x00000000e0a4ab28,0x00000000e4c00000)
 Metaspace       used 36116K, capacity 37334K, committed 37424K, reserved 1081344K
  class space    used 5085K, capacity 5381K, committed 5424K, reserved 1048576K
Event: 26.429 GC heap after
Heap after GC invocations=15 (full 2):
 PSYoungGen      total 154112K, used 1573K [0x00000000f5580000, 0x0000000100000000, 0x0000000100000000)
  eden space 144896K, 0% used [0x00000000f5580000,0x00000000f5580000,0x00000000fe300000)
  from space 9216K, 17% used [0x00000000fe300000,0x00000000fe4896e8,0x00000000fec00000)
  to   space 9728K, 0% used [0x00000000ff680000,0x00000000ff680000,0x0000000100000000)
 ParOldGen       total 77824K, used 10546K [0x00000000e0000000, 0x00000000e4c00000, 0x00000000f5580000)
  object space 77824K, 13% used [0x00000000e0000000,0x00000000e0a4cb28,0x00000000e4c00000)
 Metaspace       used 36116K, capacity 37334K, committed 37424K, reserved 1081344K
  class space    used 5085K, capacity 5381K, committed 5424K, reserved 1048576K
}

