# JRE version: Java(TM) SE Runtime Environment (8.0_231-b11) (build 1.8.0_231-b11)
# Java VM: Java HotSpot(TM) 64-Bit Server VM (25.231-b11 mixed mode windows-amd64 compressed oops)
Heap:
 PSYoungGen      total 140288K, used 45577K [0x00000000f5580000, 0x00000000ffe80000, 0x0000000100000000)
  eden space 131072K, 33% used [0x00000000f5580000,0x00000000f8079e30,0x00000000fd580000)
  from space 9216K, 17% used [0x00000000fd580000,0x00000000fd7088e8,0x00000000fde80000)
  to   space 9216K, 0% used [0x00000000ff580000,0x00000000ff580000,0x00000000ffe80000)
 ParOldGen       total 80384K, used 10639K [0x00000000e0000000, 0x00000000e4e80000, 0x00000000f5580000)
  object space 80384K, 13% used [0x00000000e0000000,0x00000000e0a63f68,0x00000000e4e80000)
 Metaspace       used 36101K, capacity 37330K, committed 37424K, reserved 1081344K
  class space    used 5085K, capacity 5381K, committed 5424K, reserved 1048576K
GC Heap History (10 events):
Event: 16.497 GC heap before
{Heap before GC invocations=11 (full 2):
 PSYoungGen      total 94208K, used 4631K [0x00000000f5580000, 0x00000000fd100000, 0x0000000100000000)
  eden space 86016K, 0% used [0x00000000f5580000,0x00000000f5580000,0x00000000fa980000)
  from space 8192K, 56% used [0x00000000fa980000,0x00000000fae05da0,0x00000000fb180000)
  to   space 8192K, 0% used [0x00000000fc900000,0x00000000fc900000,0x00000000fd100000)
 ParOldGen       total 53248K, used 6831K [0x00000000e0000000, 0x00000000e3400000, 0x00000000f5580000)
  object space 53248K, 12% used [0x00000000e0000000,0x00000000e06abf30,0x00000000e3400000)
 Metaspace       used 34303K, capacity 35416K, committed 35496K, reserved 1079296K
  class space    used 4860K, capacity 5118K, committed 5168K, reserved 1048576K
Event: 16.598 GC heap after
Heap after GC invocations=11 (full 2):
 PSYoungGen      total 94208K, used 0K [0x00000000f5580000, 0x00000000fd100000, 0x0000000100000000)
  eden space 86016K, 0% used [0x00000000f5580000,0x00000000f5580000,0x00000000fa980000)
  from space 8192K, 0% used [0x00000000fa980000,0x00000000fa980000,0x00000000fb180000)
  to   space 8192K, 0% used [0x00000000fc900000,0x00000000fc900000,0x00000000fd100000)
 ParOldGen       total 80384K, used 10615K [0x00000000e0000000, 0x00000000e4e80000, 0x00000000f5580000)
  object space 80384K, 13% used [0x00000000e0000000,0x00000000e0a5df68,0x00000000e4e80000)
 Metaspace       used 34303K, capacity 35416K, committed 35496K, reserved 1079296K
  class space    used 4860K, capacity 5118K, committed 5168K, reserved 1048576K
}
Event: 17.706 GC heap before
{Heap before GC invocations=12 (full 2):
 PSYoungGen      total 94208K, used 86016K [0x00000000f5580000, 0x00000000fd100000, 0x0000000100000000)
  eden space 86016K, 100% used [0x00000000f5580000,0x00000000fa980000,0x00000000fa980000)
  from space 8192K, 0% used [0x00000000fa980000,0x00000000fa980000,0x00000000fb180000)
  to   space 8192K, 0% used [0x00000000fc900000,0x00000000fc900000,0x00000000fd100000)
 ParOldGen       total 80384K, used 10615K [0x00000000e0000000, 0x00000000e4e80000, 0x00000000f5580000)
  object space 80384K, 13% used [0x00000000e0000000,0x00000000e0a5df68,0x00000000e4e80000)
 Metaspace       used 35354K, capacity 36532K, committed 36784K, reserved 1081344K
  class space    used 5003K, capacity 5268K, committed 5296K, reserved 1048576K
Event: 17.708 GC heap after
Heap after GC invocations=12 (full 2):
 PSYoungGen      total 117248K, used 1648K [0x00000000f5580000, 0x00000000fd100000, 0x0000000100000000)
  eden space 109056K, 0% used [0x00000000f5580000,0x00000000f5580000,0x00000000fc000000)
  from space 8192K, 20% used [0x00000000fc900000,0x00000000fca9c398,0x00000000fd100000)
  to   space 8704K, 0% used [0x00000000fc000000,0x00000000fc000000,0x00000000fc880000)
 ParOldGen       total 80384K, used 10623K [0x00000000e0000000, 0x00000000e4e80000, 0x00000000f5580000)
  object space 80384K, 13% used [0x00000000e0000000,0x00000000e0a5ff68,0x00000000e4e80000)
 Metaspace       used 35354K, capacity 36532K, committed 36784K, reserved 1081344K
  class space    used 5003K, capacity 5268K, committed 5296K, reserved 1048576K
}
Event: 19.936 GC heap before
{Heap before GC invocations=13 (full 2):
 PSYoungGen      total 117248K, used 110704K [0x00000000f5580000, 0x00000000fd100000, 0x0000000100000000)
  eden space 109056K, 100% used [0x00000000f5580000,0x00000000fc000000,0x00000000fc000000)
  from space 8192K, 20% used [0x00000000fc900000,0x00000000fca9c398,0x00000000fd100000)
  to   space 8704K, 0% used [0x00000000fc000000,0x00000000fc000000,0x00000000fc880000)
 ParOldGen       total 80384K, used 10623K [0x00000000e0000000, 0x00000000e4e80000, 0x00000000f5580000)
  object space 80384K, 13% used [0x00000000e0000000,0x00000000e0a5ff68,0x00000000e4e80000)
 Metaspace       used 35476K, capacity 36710K, committed 36784K, reserved 1081344K
  class space    used 5017K, capacity 5285K, committed 5296K, reserved 1048576K
Event: 19.938 GC heap after
Heap after GC invocations=13 (full 2):
 PSYoungGen      total 117760K, used 1026K [0x00000000f5580000, 0x00000000fea80000, 0x0000000100000000)
  eden space 109056K, 0% used [0x00000000f5580000,0x00000000f5580000,0x00000000fc000000)
  from space 8704K, 11% used [0x00000000fc000000,0x00000000fc1008e8,0x00000000fc880000)
  to   space 9216K, 0% used [0x00000000fe180000,0x00000000fe180000,0x00000000fea80000)
 ParOldGen       total 80384K, used 10623K [0x00000000e0000000, 0x00000000e4e80000, 0x00000000f5580000)
  object space 80384K, 13% used [0x00000000e0000000,0x00000000e0a5ff68,0x00000000e4e80000)
 Metaspace       used 35476K, capacity 36710K, committed 36784K, reserved 1081344K
  class space    used 5017K, capacity 5285K, committed 5296K, reserved 1048576K
}
Event: 21.700 GC heap before
{Heap before GC invocations=14 (full 2):
 PSYoungGen      total 117760K, used 110082K [0x00000000f5580000, 0x00000000fea80000, 0x0000000100000000)
  eden space 109056K, 100% used [0x00000000f5580000,0x00000000fc000000,0x00000000fc000000)
  from space 8704K, 11% used [0x00000000fc000000,0x00000000fc1008e8,0x00000000fc880000)
  to   space 9216K, 0% used [0x00000000fe180000,0x00000000fe180000,0x00000000fea80000)
 ParOldGen       total 80384K, used 10623K [0x00000000e0000000, 0x00000000e4e80000, 0x00000000f5580000)
  object space 80384K, 13% used [0x00000000e0000000,0x00000000e0a5ff68,0x00000000e4e80000)
 Metaspace       used 36045K, capacity 37318K, committed 37424K, reserved 1081344K
  class space    used 5085K, capacity 5381K, committed 5424K, reserved 1048576K
Event: 21.702 GC heap after
Heap after GC invocations=14 (full 2):
 PSYoungGen      total 137216K, used 1890K [0x00000000f5580000, 0x00000000fe780000, 0x0000000100000000)
  eden space 131072K, 0% used [0x00000000f5580000,0x00000000f5580000,0x00000000fd580000)
  from space 6144K, 30% used [0x00000000fe180000,0x00000000fe3588e8,0x00000000fe780000)
  to   space 9216K, 0% used [0x00000000fd580000,0x00000000fd580000,0x00000000fde80000)
 ParOldGen       total 80384K, used 10631K [0x00000000e0000000, 0x00000000e4e80000, 0x00000000f5580000)
  object space 80384K, 13% used [0x00000000e0000000,0x00000000e0a61f68,0x00000000e4e80000)
 Metaspace       used 36045K, capacity 37318K, committed 37424K, reserved 1081344K
  class space    used 5085K, capacity 5381K, committed 5424K, reserved 1048576K
}
Event: 23.116 GC heap before
{Heap before GC invocations=15 (full 2):
 PSYoungGen      total 137216K, used 132962K [0x00000000f5580000, 0x00000000fe780000, 0x0000000100000000)
  eden space 131072K, 100% used [0x00000000f5580000,0x00000000fd580000,0x00000000fd580000)
  from space 6144K, 30% used [0x00000000fe180000,0x00000000fe3588e8,0x00000000fe780000)
  to   space 9216K, 0% used [0x00000000fd580000,0x00000000fd580000,0x00000000fde80000)
 ParOldGen       total 80384K, used 10631K [0x00000000e0000000, 0x00000000e4e80000, 0x00000000f5580000)
  object space 80384K, 13% used [0x00000000e0000000,0x00000000e0a61f68,0x00000000e4e80000)
 Metaspace       used 36080K, capacity 37326K, committed 37424K, reserved 1081344K
  class space    used 5085K, capacity 5381K, committed 5424K, reserved 1048576K
Event: 23.119 GC heap after
Heap after GC invocations=15 (full 2):
 PSYoungGen      total 140288K, used 1570K [0x00000000f5580000, 0x00000000ffe80000, 0x0000000100000000)
  eden space 131072K, 0% used [0x00000000f5580000,0x00000000f5580000,0x00000000fd580000)
  from space 9216K, 17% used [0x00000000fd580000,0x00000000fd7088e8,0x00000000fde80000)
  to   space 9216K, 0% used [0x00000000ff580000,0x00000000ff580000,0x00000000ffe80000)
 ParOldGen       total 80384K, used 10639K [0x00000000e0000000, 0x00000000e4e80000, 0x00000000f5580000)
  object space 80384K, 13% used [0x00000000e0000000,0x00000000e0a63f68,0x00000000e4e80000)
 Metaspace       used 36080K, capacity 37326K, committed 37424K, reserved 1081344K
  class space    used 5085K, capacity 5381K, committed 5424K, reserved 1048576K
}

