# JRE version: Java(TM) SE Runtime Environment (8.0_231-b11) (build 1.8.0_231-b11)
# Java VM: Java HotSpot(TM) 64-Bit Server VM (25.231-b11 mixed mode windows-amd64 compressed oops)
Heap:
 PSYoungGen      total 148992K, used 9839K [0x00000000f5580000, 0x00000000ff000000, 0x0000000100000000)
  eden space 139776K, 5% used [0x00000000f5580000,0x00000000f5d8e780,0x00000000fde00000)
  from space 9216K, 17% used [0x00000000fde00000,0x00000000fdf8d6d8,0x00000000fe700000)
  to   space 5632K, 0% used [0x00000000fea80000,0x00000000fea80000,0x00000000ff000000)
 ParOldGen       total 78336K, used 10642K [0x00000000e0000000, 0x00000000e4c80000, 0x00000000f5580000)
  object space 78336K, 13% used [0x00000000e0000000,0x00000000e0a64968,0x00000000e4c80000)
 Metaspace       used 36101K, capacity 37326K, committed 37424K, reserved 1081344K
  class space    used 5085K, capacity 5381K, committed 5424K, reserved 1048576K
GC Heap History (10 events):
Event: 16.296 GC heap before
{Heap before GC invocations=11 (full 2):
 PSYoungGen      total 97280K, used 4549K [0x00000000f5580000, 0x00000000fd680000, 0x0000000100000000)
  eden space 89088K, 0% used [0x00000000f5580000,0x00000000f5580000,0x00000000fac80000)
  from space 8192K, 55% used [0x00000000fac80000,0x00000000fb0f16b8,0x00000000fb480000)
  to   space 8192K, 0% used [0x00000000fce80000,0x00000000fce80000,0x00000000fd680000)
 ParOldGen       total 53248K, used 6837K [0x00000000e0000000, 0x00000000e3400000, 0x00000000f5580000)
  object space 53248K, 12% used [0x00000000e0000000,0x00000000e06ad570,0x00000000e3400000)
 Metaspace       used 34300K, capacity 35416K, committed 35496K, reserved 1079296K
  class space    used 4860K, capacity 5118K, committed 5168K, reserved 1048576K
Event: 16.387 GC heap after
Heap after GC invocations=11 (full 2):
 PSYoungGen      total 97280K, used 0K [0x00000000f5580000, 0x00000000fd680000, 0x0000000100000000)
  eden space 89088K, 0% used [0x00000000f5580000,0x00000000f5580000,0x00000000fac80000)
  from space 8192K, 0% used [0x00000000fac80000,0x00000000fac80000,0x00000000fb480000)
  to   space 8192K, 0% used [0x00000000fce80000,0x00000000fce80000,0x00000000fd680000)
 ParOldGen       total 78336K, used 10610K [0x00000000e0000000, 0x00000000e4c80000, 0x00000000f5580000)
  object space 78336K, 13% used [0x00000000e0000000,0x00000000e0a5c968,0x00000000e4c80000)
 Metaspace       used 34300K, capacity 35416K, committed 35496K, reserved 1079296K
  class space    used 4860K, capacity 5118K, committed 5168K, reserved 1048576K
}
Event: 17.535 GC heap before
{Heap before GC invocations=12 (full 2):
 PSYoungGen      total 97280K, used 89088K [0x00000000f5580000, 0x00000000fd680000, 0x0000000100000000)
  eden space 89088K, 100% used [0x00000000f5580000,0x00000000fac80000,0x00000000fac80000)
  from space 8192K, 0% used [0x00000000fac80000,0x00000000fac80000,0x00000000fb480000)
  to   space 8192K, 0% used [0x00000000fce80000,0x00000000fce80000,0x00000000fd680000)
 ParOldGen       total 78336K, used 10610K [0x00000000e0000000, 0x00000000e4c80000, 0x00000000f5580000)
  object space 78336K, 13% used [0x00000000e0000000,0x00000000e0a5c968,0x00000000e4c80000)
 Metaspace       used 35358K, capacity 36532K, committed 36784K, reserved 1081344K
  class space    used 5004K, capacity 5268K, committed 5296K, reserved 1048576K
Event: 17.537 GC heap after
Heap after GC invocations=12 (full 2):
 PSYoungGen      total 122880K, used 1645K [0x00000000f5580000, 0x00000000fd680000, 0x0000000100000000)
  eden space 114688K, 0% used [0x00000000f5580000,0x00000000f5580000,0x00000000fc580000)
  from space 8192K, 20% used [0x00000000fce80000,0x00000000fd01b560,0x00000000fd680000)
  to   space 8704K, 0% used [0x00000000fc580000,0x00000000fc580000,0x00000000fce00000)
 ParOldGen       total 78336K, used 10618K [0x00000000e0000000, 0x00000000e4c80000, 0x00000000f5580000)
  object space 78336K, 13% used [0x00000000e0000000,0x00000000e0a5e968,0x00000000e4c80000)
 Metaspace       used 35358K, capacity 36532K, committed 36784K, reserved 1081344K
  class space    used 5004K, capacity 5268K, committed 5296K, reserved 1048576K
}
Event: 20.041 GC heap before
{Heap before GC invocations=13 (full 2):
 PSYoungGen      total 122880K, used 116333K [0x00000000f5580000, 0x00000000fd680000, 0x0000000100000000)
  eden space 114688K, 100% used [0x00000000f5580000,0x00000000fc580000,0x00000000fc580000)
  from space 8192K, 20% used [0x00000000fce80000,0x00000000fd01b560,0x00000000fd680000)
  to   space 8704K, 0% used [0x00000000fc580000,0x00000000fc580000,0x00000000fce00000)
 ParOldGen       total 78336K, used 10618K [0x00000000e0000000, 0x00000000e4c80000, 0x00000000f5580000)
  object space 78336K, 13% used [0x00000000e0000000,0x00000000e0a5e968,0x00000000e4c80000)
 Metaspace       used 35994K, capacity 37190K, committed 37424K, reserved 1081344K
  class space    used 5081K, capacity 5381K, committed 5424K, reserved 1048576K
Event: 20.044 GC heap after
Heap after GC invocations=13 (full 2):
 PSYoungGen      total 123392K, used 1397K [0x00000000f5580000, 0x00000000ff380000, 0x0000000100000000)
  eden space 114688K, 0% used [0x00000000f5580000,0x00000000f5580000,0x00000000fc580000)
  from space 8704K, 16% used [0x00000000fc580000,0x00000000fc6dd6d8,0x00000000fce00000)
  to   space 9216K, 0% used [0x00000000fea80000,0x00000000fea80000,0x00000000ff380000)
 ParOldGen       total 78336K, used 10626K [0x00000000e0000000, 0x00000000e4c80000, 0x00000000f5580000)
  object space 78336K, 13% used [0x00000000e0000000,0x00000000e0a60968,0x00000000e4c80000)
 Metaspace       used 35994K, capacity 37190K, committed 37424K, reserved 1081344K
  class space    used 5081K, capacity 5381K, committed 5424K, reserved 1048576K
}
Event: 21.528 GC heap before
{Heap before GC invocations=14 (full 2):
 PSYoungGen      total 123392K, used 116085K [0x00000000f5580000, 0x00000000ff380000, 0x0000000100000000)
  eden space 114688K, 100% used [0x00000000f5580000,0x00000000fc580000,0x00000000fc580000)
  from space 8704K, 16% used [0x00000000fc580000,0x00000000fc6dd6d8,0x00000000fce00000)
  to   space 9216K, 0% used [0x00000000fea80000,0x00000000fea80000,0x00000000ff380000)
 ParOldGen       total 78336K, used 10626K [0x00000000e0000000, 0x00000000e4c80000, 0x00000000f5580000)
  object space 78336K, 13% used [0x00000000e0000000,0x00000000e0a60968,0x00000000e4c80000)
 Metaspace       used 36054K, capacity 37318K, committed 37424K, reserved 1081344K
  class space    used 5085K, capacity 5381K, committed 5424K, reserved 1048576K
Event: 21.531 GC heap after
Heap after GC invocations=14 (full 2):
 PSYoungGen      total 145408K, used 1493K [0x00000000f5580000, 0x00000000ff000000, 0x0000000100000000)
  eden space 139776K, 0% used [0x00000000f5580000,0x00000000f5580000,0x00000000fde00000)
  from space 5632K, 26% used [0x00000000fea80000,0x00000000febf56d8,0x00000000ff000000)
  to   space 9216K, 0% used [0x00000000fde00000,0x00000000fde00000,0x00000000fe700000)
 ParOldGen       total 78336K, used 10634K [0x00000000e0000000, 0x00000000e4c80000, 0x00000000f5580000)
  object space 78336K, 13% used [0x00000000e0000000,0x00000000e0a62968,0x00000000e4c80000)
 Metaspace       used 36054K, capacity 37318K, committed 37424K, reserved 1081344K
  class space    used 5085K, capacity 5381K, committed 5424K, reserved 1048576K
}
Event: 23.151 GC heap before
{Heap before GC invocations=15 (full 2):
 PSYoungGen      total 145408K, used 141269K [0x00000000f5580000, 0x00000000ff000000, 0x0000000100000000)
  eden space 139776K, 100% used [0x00000000f5580000,0x00000000fde00000,0x00000000fde00000)
  from space 5632K, 26% used [0x00000000fea80000,0x00000000febf56d8,0x00000000ff000000)
  to   space 9216K, 0% used [0x00000000fde00000,0x00000000fde00000,0x00000000fe700000)
 ParOldGen       total 78336K, used 10634K [0x00000000e0000000, 0x00000000e4c80000, 0x00000000f5580000)
  object space 78336K, 13% used [0x00000000e0000000,0x00000000e0a62968,0x00000000e4c80000)
 Metaspace       used 36101K, capacity 37326K, committed 37424K, reserved 1081344K
  class space    used 5085K, capacity 5381K, committed 5424K, reserved 1048576K
Event: 23.153 GC heap after
Heap after GC invocations=15 (full 2):
 PSYoungGen      total 148992K, used 1589K [0x00000000f5580000, 0x00000000ff000000, 0x0000000100000000)
  eden space 139776K, 0% used [0x00000000f5580000,0x00000000f5580000,0x00000000fde00000)
  from space 9216K, 17% used [0x00000000fde00000,0x00000000fdf8d6d8,0x00000000fe700000)
  to   space 5632K, 0% used [0x00000000fea80000,0x00000000fea80000,0x00000000ff000000)
 ParOldGen       total 78336K, used 10642K [0x00000000e0000000, 0x00000000e4c80000, 0x00000000f5580000)
  object space 78336K, 13% used [0x00000000e0000000,0x00000000e0a64968,0x00000000e4c80000)
 Metaspace       used 36101K, capacity 37326K, committed 37424K, reserved 1081344K
  class space    used 5085K, capacity 5381K, committed 5424K, reserved 1048576K
}

