# JRE version: Java(TM) SE Runtime Environment (8.0_231-b11) (build 1.8.0_231-b11)
# Java VM: Java HotSpot(TM) 64-Bit Server VM (25.231-b11 mixed mode windows-amd64 compressed oops)
Heap:
 PSYoungGen      total 134144K, used 51059K [0x00000000f5580000, 0x00000000ff680000, 0x0000000100000000)
  eden space 124928K, 39% used [0x00000000f5580000,0x00000000f85bf740,0x00000000fcf80000)
  from space 9216K, 17% used [0x00000000fcf80000,0x00000000fd11d6d8,0x00000000fd880000)
  to   space 9216K, 0% used [0x00000000fed80000,0x00000000fed80000,0x00000000ff680000)
 ParOldGen       total 83456K, used 10679K [0x00000000e0000000, 0x00000000e5180000, 0x00000000f5580000)
  object space 83456K, 12% used [0x00000000e0000000,0x00000000e0a6df10,0x00000000e5180000)
 Metaspace       used 36121K, capacity 37322K, committed 37424K, reserved 1081344K
  class space    used 5085K, capacity 5381K, committed 5424K, reserved 1048576K
GC Heap History (10 events):
Event: 17.161 GC heap before
{Heap before GC invocations=11 (full 2):
 PSYoungGen      total 91136K, used 5461K [0x00000000f5580000, 0x00000000fcb00000, 0x0000000100000000)
  eden space 82944K, 0% used [0x00000000f5580000,0x00000000f5580000,0x00000000fa680000)
  from space 8192K, 66% used [0x00000000fa680000,0x00000000fabd56c8,0x00000000fae80000)
  to   space 7680K, 0% used [0x00000000fc380000,0x00000000fc380000,0x00000000fcb00000)
 ParOldGen       total 54272K, used 6006K [0x00000000e0000000, 0x00000000e3500000, 0x00000000f5580000)
  object space 54272K, 11% used [0x00000000e0000000,0x00000000e05dd8d8,0x00000000e3500000)
 Metaspace       used 34274K, capacity 35416K, committed 35496K, reserved 1079296K
  class space    used 4856K, capacity 5118K, committed 5168K, reserved 1048576K
Event: 17.259 GC heap after
Heap after GC invocations=11 (full 2):
 PSYoungGen      total 91136K, used 0K [0x00000000f5580000, 0x00000000fcb00000, 0x0000000100000000)
  eden space 82944K, 0% used [0x00000000f5580000,0x00000000f5580000,0x00000000fa680000)
  from space 8192K, 0% used [0x00000000fa680000,0x00000000fa680000,0x00000000fae80000)
  to   space 7680K, 0% used [0x00000000fc380000,0x00000000fc380000,0x00000000fcb00000)
 ParOldGen       total 83456K, used 10655K [0x00000000e0000000, 0x00000000e5180000, 0x00000000f5580000)
  object space 83456K, 12% used [0x00000000e0000000,0x00000000e0a67f10,0x00000000e5180000)
 Metaspace       used 34274K, capacity 35416K, committed 35496K, reserved 1079296K
  class space    used 4856K, capacity 5118K, committed 5168K, reserved 1048576K
}
Event: 18.496 GC heap before
{Heap before GC invocations=12 (full 2):
 PSYoungGen      total 91136K, used 82944K [0x00000000f5580000, 0x00000000fcb00000, 0x0000000100000000)
  eden space 82944K, 100% used [0x00000000f5580000,0x00000000fa680000,0x00000000fa680000)
  from space 8192K, 0% used [0x00000000fa680000,0x00000000fa680000,0x00000000fae80000)
  to   space 7680K, 0% used [0x00000000fc380000,0x00000000fc380000,0x00000000fcb00000)
 ParOldGen       total 83456K, used 10655K [0x00000000e0000000, 0x00000000e5180000, 0x00000000f5580000)
  object space 83456K, 12% used [0x00000000e0000000,0x00000000e0a67f10,0x00000000e5180000)
 Metaspace       used 35364K, capacity 36528K, committed 36784K, reserved 1081344K
  class space    used 5003K, capacity 5268K, committed 5296K, reserved 1048576K
Event: 18.498 GC heap after
Heap after GC invocations=12 (full 2):
 PSYoungGen      total 112128K, used 1683K [0x00000000f5580000, 0x00000000fcb80000, 0x0000000100000000)
  eden space 104448K, 0% used [0x00000000f5580000,0x00000000f5580000,0x00000000fbb80000)
  from space 7680K, 21% used [0x00000000fc380000,0x00000000fc524d88,0x00000000fcb00000)
  to   space 8192K, 0% used [0x00000000fbb80000,0x00000000fbb80000,0x00000000fc380000)
 ParOldGen       total 83456K, used 10663K [0x00000000e0000000, 0x00000000e5180000, 0x00000000f5580000)
  object space 83456K, 12% used [0x00000000e0000000,0x00000000e0a69f10,0x00000000e5180000)
 Metaspace       used 35364K, capacity 36528K, committed 36784K, reserved 1081344K
  class space    used 5003K, capacity 5268K, committed 5296K, reserved 1048576K
}
Event: 20.473 GC heap before
{Heap before GC invocations=13 (full 2):
 PSYoungGen      total 112128K, used 106131K [0x00000000f5580000, 0x00000000fcb80000, 0x0000000100000000)
  eden space 104448K, 100% used [0x00000000f5580000,0x00000000fbb80000,0x00000000fbb80000)
  from space 7680K, 21% used [0x00000000fc380000,0x00000000fc524d88,0x00000000fcb00000)
  to   space 8192K, 0% used [0x00000000fbb80000,0x00000000fbb80000,0x00000000fc380000)
 ParOldGen       total 83456K, used 10663K [0x00000000e0000000, 0x00000000e5180000, 0x00000000f5580000)
  object space 83456K, 12% used [0x00000000e0000000,0x00000000e0a69f10,0x00000000e5180000)
 Metaspace       used 35481K, capacity 36710K, committed 36912K, reserved 1081344K
  class space    used 5014K, capacity 5305K, committed 5424K, reserved 1048576K
Event: 20.475 GC heap after
Heap after GC invocations=13 (full 2):
 PSYoungGen      total 112640K, used 981K [0x00000000f5580000, 0x00000000fe300000, 0x0000000100000000)
  eden space 104448K, 0% used [0x00000000f5580000,0x00000000f5580000,0x00000000fbb80000)
  from space 8192K, 11% used [0x00000000fbb80000,0x00000000fbc756d8,0x00000000fc380000)
  to   space 8704K, 0% used [0x00000000fda80000,0x00000000fda80000,0x00000000fe300000)
 ParOldGen       total 83456K, used 10663K [0x00000000e0000000, 0x00000000e5180000, 0x00000000f5580000)
  object space 83456K, 12% used [0x00000000e0000000,0x00000000e0a69f10,0x00000000e5180000)
 Metaspace       used 35481K, capacity 36710K, committed 36912K, reserved 1081344K
  class space    used 5014K, capacity 5305K, committed 5424K, reserved 1048576K
}
Event: 22.364 GC heap before
{Heap before GC invocations=14 (full 2):
 PSYoungGen      total 112640K, used 105429K [0x00000000f5580000, 0x00000000fe300000, 0x0000000100000000)
  eden space 104448K, 100% used [0x00000000f5580000,0x00000000fbb80000,0x00000000fbb80000)
  from space 8192K, 11% used [0x00000000fbb80000,0x00000000fbc756d8,0x00000000fc380000)
  to   space 8704K, 0% used [0x00000000fda80000,0x00000000fda80000,0x00000000fe300000)
 ParOldGen       total 83456K, used 10663K [0x00000000e0000000, 0x00000000e5180000, 0x00000000f5580000)
  object space 83456K, 12% used [0x00000000e0000000,0x00000000e0a69f10,0x00000000e5180000)
 Metaspace       used 36058K, capacity 37314K, committed 37424K, reserved 1081344K
  class space    used 5085K, capacity 5381K, committed 5424K, reserved 1048576K
Event: 22.366 GC heap after
Heap after GC invocations=14 (full 2):
 PSYoungGen      total 132096K, used 1877K [0x00000000f5580000, 0x00000000fe180000, 0x0000000100000000)
  eden space 124928K, 0% used [0x00000000f5580000,0x00000000f5580000,0x00000000fcf80000)
  from space 7168K, 26% used [0x00000000fda80000,0x00000000fdc556d8,0x00000000fe180000)
  to   space 9216K, 0% used [0x00000000fcf80000,0x00000000fcf80000,0x00000000fd880000)
 ParOldGen       total 83456K, used 10671K [0x00000000e0000000, 0x00000000e5180000, 0x00000000f5580000)
  object space 83456K, 12% used [0x00000000e0000000,0x00000000e0a6bf10,0x00000000e5180000)
 Metaspace       used 36058K, capacity 37314K, committed 37424K, reserved 1081344K
  class space    used 5085K, capacity 5381K, committed 5424K, reserved 1048576K
}
Event: 23.884 GC heap before
{Heap before GC invocations=15 (full 2):
 PSYoungGen      total 132096K, used 126805K [0x00000000f5580000, 0x00000000fe180000, 0x0000000100000000)
  eden space 124928K, 100% used [0x00000000f5580000,0x00000000fcf80000,0x00000000fcf80000)
  from space 7168K, 26% used [0x00000000fda80000,0x00000000fdc556d8,0x00000000fe180000)
  to   space 9216K, 0% used [0x00000000fcf80000,0x00000000fcf80000,0x00000000fd880000)
 ParOldGen       total 83456K, used 10671K [0x00000000e0000000, 0x00000000e5180000, 0x00000000f5580000)
  object space 83456K, 12% used [0x00000000e0000000,0x00000000e0a6bf10,0x00000000e5180000)
 Metaspace       used 36099K, capacity 37318K, committed 37424K, reserved 1081344K
  class space    used 5085K, capacity 5381K, committed 5424K, reserved 1048576K
Event: 23.886 GC heap after
Heap after GC invocations=15 (full 2):
 PSYoungGen      total 134144K, used 1653K [0x00000000f5580000, 0x00000000ff680000, 0x0000000100000000)
  eden space 124928K, 0% used [0x00000000f5580000,0x00000000f5580000,0x00000000fcf80000)
  from space 9216K, 17% used [0x00000000fcf80000,0x00000000fd11d6d8,0x00000000fd880000)
  to   space 9216K, 0% used [0x00000000fed80000,0x00000000fed80000,0x00000000ff680000)
 ParOldGen       total 83456K, used 10679K [0x00000000e0000000, 0x00000000e5180000, 0x00000000f5580000)
  object space 83456K, 12% used [0x00000000e0000000,0x00000000e0a6df10,0x00000000e5180000)
 Metaspace       used 36099K, capacity 37318K, committed 37424K, reserved 1081344K
  class space    used 5085K, capacity 5381K, committed 5424K, reserved 1048576K
}

