# JRE version: Java(TM) SE Runtime Environment (8.0_231-b11) (build 1.8.0_231-b11)
# Java VM: Java HotSpot(TM) 64-Bit Server VM (25.231-b11 mixed mode windows-amd64 compressed oops)
Heap:
 PSYoungGen      total 126976K, used 24902K [0x00000000f5580000, 0x00000000ff400000, 0x0000000100000000)
  eden space 118272K, 19% used [0x00000000f5580000,0x00000000f6c41218,0x00000000fc900000)
  from space 8704K, 18% used [0x00000000fc900000,0x00000000fca908e8,0x00000000fd180000)
  to   space 9216K, 0% used [0x00000000feb00000,0x00000000feb00000,0x00000000ff400000)
 ParOldGen       total 76288K, used 10589K [0x00000000e0000000, 0x00000000e4a80000, 0x00000000f5580000)
  object space 76288K, 13% used [0x00000000e0000000,0x00000000e0a575d8,0x00000000e4a80000)
 Metaspace       used 36106K, capacity 37330K, committed 37424K, reserved 1081344K
  class space    used 5085K, capacity 5381K, committed 5424K, reserved 1048576K
GC Heap History (10 events):
Event: 18.384 GC heap before
{Heap before GC invocations=11 (full 2):
 PSYoungGen      total 99328K, used 4589K [0x00000000f5580000, 0x00000000fd980000, 0x0000000100000000)
  eden space 91136K, 0% used [0x00000000f5580000,0x00000000f5580000,0x00000000fae80000)
  from space 8192K, 56% used [0x00000000fae80000,0x00000000fb2fb610,0x00000000fb680000)
  to   space 8192K, 0% used [0x00000000fd180000,0x00000000fd180000,0x00000000fd980000)
 ParOldGen       total 51712K, used 6828K [0x00000000e0000000, 0x00000000e3280000, 0x00000000f5580000)
  object space 51712K, 13% used [0x00000000e0000000,0x00000000e06ab2e8,0x00000000e3280000)
 Metaspace       used 34304K, capacity 35416K, committed 35496K, reserved 1079296K
  class space    used 4862K, capacity 5118K, committed 5168K, reserved 1048576K
Event: 18.487 GC heap after
Heap after GC invocations=11 (full 2):
 PSYoungGen      total 99328K, used 0K [0x00000000f5580000, 0x00000000fd980000, 0x0000000100000000)
  eden space 91136K, 0% used [0x00000000f5580000,0x00000000f5580000,0x00000000fae80000)
  from space 8192K, 0% used [0x00000000fae80000,0x00000000fae80000,0x00000000fb680000)
  to   space 8192K, 0% used [0x00000000fd180000,0x00000000fd180000,0x00000000fd980000)
 ParOldGen       total 76288K, used 10557K [0x00000000e0000000, 0x00000000e4a80000, 0x00000000f5580000)
  object space 76288K, 13% used [0x00000000e0000000,0x00000000e0a4f5d8,0x00000000e4a80000)
 Metaspace       used 34304K, capacity 35416K, committed 35496K, reserved 1079296K
  class space    used 4862K, capacity 5118K, committed 5168K, reserved 1048576K
}
Event: 19.779 GC heap before
{Heap before GC invocations=12 (full 2):
 PSYoungGen      total 99328K, used 91136K [0x00000000f5580000, 0x00000000fd980000, 0x0000000100000000)
  eden space 91136K, 100% used [0x00000000f5580000,0x00000000fae80000,0x00000000fae80000)
  from space 8192K, 0% used [0x00000000fae80000,0x00000000fae80000,0x00000000fb680000)
  to   space 8192K, 0% used [0x00000000fd180000,0x00000000fd180000,0x00000000fd980000)
 ParOldGen       total 76288K, used 10557K [0x00000000e0000000, 0x00000000e4a80000, 0x00000000f5580000)
  object space 76288K, 13% used [0x00000000e0000000,0x00000000e0a4f5d8,0x00000000e4a80000)
 Metaspace       used 35353K, capacity 36532K, committed 36784K, reserved 1081344K
  class space    used 5003K, capacity 5268K, committed 5296K, reserved 1048576K
Event: 19.782 GC heap after
Heap after GC invocations=12 (full 2):
 PSYoungGen      total 126464K, used 1651K [0x00000000f5580000, 0x00000000fda00000, 0x0000000100000000)
  eden space 118272K, 0% used [0x00000000f5580000,0x00000000f5580000,0x00000000fc900000)
  from space 8192K, 20% used [0x00000000fd180000,0x00000000fd31cd88,0x00000000fd980000)
  to   space 8704K, 0% used [0x00000000fc900000,0x00000000fc900000,0x00000000fd180000)
 ParOldGen       total 76288K, used 10565K [0x00000000e0000000, 0x00000000e4a80000, 0x00000000f5580000)
  object space 76288K, 13% used [0x00000000e0000000,0x00000000e0a515d8,0x00000000e4a80000)
 Metaspace       used 35353K, capacity 36532K, committed 36784K, reserved 1081344K
  class space    used 5003K, capacity 5268K, committed 5296K, reserved 1048576K
}
Event: 23.953 GC heap before
{Heap before GC invocations=13 (full 2):
 PSYoungGen      total 126464K, used 118954K [0x00000000f5580000, 0x00000000fda00000, 0x0000000100000000)
  eden space 118272K, 99% used [0x00000000f5580000,0x00000000fc80db20,0x00000000fc900000)
  from space 8192K, 20% used [0x00000000fd180000,0x00000000fd31cd88,0x00000000fd980000)
  to   space 8704K, 0% used [0x00000000fc900000,0x00000000fc900000,0x00000000fd180000)
 ParOldGen       total 76288K, used 10565K [0x00000000e0000000, 0x00000000e4a80000, 0x00000000f5580000)
  object space 76288K, 13% used [0x00000000e0000000,0x00000000e0a515d8,0x00000000e4a80000)
 Metaspace       used 36038K, capacity 37254K, committed 37424K, reserved 1081344K
  class space    used 5085K, capacity 5381K, committed 5424K, reserved 1048576K
Event: 23.957 GC heap after
Heap after GC invocations=13 (full 2):
 PSYoungGen      total 126976K, used 3410K [0x00000000f5580000, 0x00000000fda00000, 0x0000000100000000)
  eden space 118272K, 0% used [0x00000000f5580000,0x00000000f5580000,0x00000000fc900000)
  from space 8704K, 39% used [0x00000000fc900000,0x00000000fcc54bd8,0x00000000fd180000)
  to   space 8192K, 0% used [0x00000000fd180000,0x00000000fd180000,0x00000000fd980000)
 ParOldGen       total 76288K, used 10573K [0x00000000e0000000, 0x00000000e4a80000, 0x00000000f5580000)
  object space 76288K, 13% used [0x00000000e0000000,0x00000000e0a535d8,0x00000000e4a80000)
 Metaspace       used 36038K, capacity 37254K, committed 37424K, reserved 1081344K
  class space    used 5085K, capacity 5381K, committed 5424K, reserved 1048576K
}
Event: 24.422 GC heap before
{Heap before GC invocations=14 (full 2):
 PSYoungGen      total 126976K, used 121682K [0x00000000f5580000, 0x00000000fda00000, 0x0000000100000000)
  eden space 118272K, 100% used [0x00000000f5580000,0x00000000fc900000,0x00000000fc900000)
  from space 8704K, 39% used [0x00000000fc900000,0x00000000fcc54bd8,0x00000000fd180000)
  to   space 8192K, 0% used [0x00000000fd180000,0x00000000fd180000,0x00000000fd980000)
 ParOldGen       total 76288K, used 10573K [0x00000000e0000000, 0x00000000e4a80000, 0x00000000f5580000)
  object space 76288K, 13% used [0x00000000e0000000,0x00000000e0a535d8,0x00000000e4a80000)
 Metaspace       used 36056K, capacity 37318K, committed 37424K, reserved 1081344K
  class space    used 5085K, capacity 5381K, committed 5424K, reserved 1048576K
Event: 24.424 GC heap after
Heap after GC invocations=14 (full 2):
 PSYoungGen      total 126464K, used 1570K [0x00000000f5580000, 0x00000000fda00000, 0x0000000100000000)
  eden space 118272K, 0% used [0x00000000f5580000,0x00000000f5580000,0x00000000fc900000)
  from space 8192K, 19% used [0x00000000fd180000,0x00000000fd3088e8,0x00000000fd980000)
  to   space 8704K, 0% used [0x00000000fc900000,0x00000000fc900000,0x00000000fd180000)
 ParOldGen       total 76288K, used 10581K [0x00000000e0000000, 0x00000000e4a80000, 0x00000000f5580000)
  object space 76288K, 13% used [0x00000000e0000000,0x00000000e0a555d8,0x00000000e4a80000)
 Metaspace       used 36056K, capacity 37318K, committed 37424K, reserved 1081344K
  class space    used 5085K, capacity 5381K, committed 5424K, reserved 1048576K
}
Event: 25.800 GC heap before
{Heap before GC invocations=15 (full 2):
 PSYoungGen      total 126464K, used 119842K [0x00000000f5580000, 0x00000000fda00000, 0x0000000100000000)
  eden space 118272K, 100% used [0x00000000f5580000,0x00000000fc900000,0x00000000fc900000)
  from space 8192K, 19% used [0x00000000fd180000,0x00000000fd3088e8,0x00000000fd980000)
  to   space 8704K, 0% used [0x00000000fc900000,0x00000000fc900000,0x00000000fd180000)
 ParOldGen       total 76288K, used 10581K [0x00000000e0000000, 0x00000000e4a80000, 0x00000000f5580000)
  object space 76288K, 13% used [0x00000000e0000000,0x00000000e0a555d8,0x00000000e4a80000)
 Metaspace       used 36094K, capacity 37326K, committed 37424K, reserved 1081344K
  class space    used 5085K, capacity 5381K, committed 5424K, reserved 1048576K
Event: 25.802 GC heap after
Heap after GC invocations=15 (full 2):
 PSYoungGen      total 126976K, used 1602K [0x00000000f5580000, 0x00000000ff400000, 0x0000000100000000)
  eden space 118272K, 0% used [0x00000000f5580000,0x00000000f5580000,0x00000000fc900000)
  from space 8704K, 18% used [0x00000000fc900000,0x00000000fca908e8,0x00000000fd180000)
  to   space 9216K, 0% used [0x00000000feb00000,0x00000000feb00000,0x00000000ff400000)
 ParOldGen       total 76288K, used 10589K [0x00000000e0000000, 0x00000000e4a80000, 0x00000000f5580000)
  object space 76288K, 13% used [0x00000000e0000000,0x00000000e0a575d8,0x00000000e4a80000)
 Metaspace       used 36094K, capacity 37326K, committed 37424K, reserved 1081344K
  class space    used 5085K, capacity 5381K, committed 5424K, reserved 1048576K
}

