# JRE version: Java(TM) SE Runtime Environment (8.0_231-b11) (build 1.8.0_231-b11)
# Java VM: Java HotSpot(TM) 64-Bit Server VM (25.231-b11 mixed mode windows-amd64 compressed oops)
Heap:
 PSYoungGen      total 150528K, used 4432K [0x00000000f5580000, 0x0000000100000000, 0x0000000100000000)
  eden space 141824K, 1% used [0x00000000f5580000,0x00000000f583aca8,0x00000000fe000000)
  from space 8704K, 18% used [0x00000000fe000000,0x00000000fe1996e8,0x00000000fe880000)
  to   space 9216K, 0% used [0x00000000ff700000,0x00000000ff700000,0x0000000100000000)
 ParOldGen       total 78848K, used 10579K [0x00000000e0000000, 0x00000000e4d00000, 0x00000000f5580000)
  object space 78848K, 13% used [0x00000000e0000000,0x00000000e0a54c58,0x00000000e4d00000)
 Metaspace       used 36099K, capacity 37326K, committed 37424K, reserved 1081344K
  class space    used 5086K, capacity 5381K, committed 5424K, reserved 1048576K
GC Heap History (10 events):
Event: 17.212 GC heap before
{Heap before GC invocations=11 (full 2):
 PSYoungGen      total 97792K, used 4543K [0x00000000f5580000, 0x00000000fd780000, 0x0000000100000000)
  eden space 89600K, 0% used [0x00000000f5580000,0x00000000f5580000,0x00000000fad00000)
  from space 8192K, 55% used [0x00000000fad00000,0x00000000fb16fc70,0x00000000fb500000)
  to   space 8192K, 0% used [0x00000000fcf80000,0x00000000fcf80000,0x00000000fd780000)
 ParOldGen       total 52736K, used 6840K [0x00000000e0000000, 0x00000000e3380000, 0x00000000f5580000)
  object space 52736K, 12% used [0x00000000e0000000,0x00000000e06ae208,0x00000000e3380000)
 Metaspace       used 34301K, capacity 35412K, committed 35496K, reserved 1079296K
  class space    used 4862K, capacity 5118K, committed 5168K, reserved 1048576K
Event: 17.317 GC heap after
Heap after GC invocations=11 (full 2):
 PSYoungGen      total 97792K, used 0K [0x00000000f5580000, 0x00000000fd780000, 0x0000000100000000)
  eden space 89600K, 0% used [0x00000000f5580000,0x00000000f5580000,0x00000000fad00000)
  from space 8192K, 0% used [0x00000000fad00000,0x00000000fad00000,0x00000000fb500000)
  to   space 8192K, 0% used [0x00000000fcf80000,0x00000000fcf80000,0x00000000fd780000)
 ParOldGen       total 78848K, used 10555K [0x00000000e0000000, 0x00000000e4d00000, 0x00000000f5580000)
  object space 78848K, 13% used [0x00000000e0000000,0x00000000e0a4ec58,0x00000000e4d00000)
 Metaspace       used 34301K, capacity 35412K, committed 35496K, reserved 1079296K
  class space    used 4862K, capacity 5118K, committed 5168K, reserved 1048576K
}
Event: 18.790 GC heap before
{Heap before GC invocations=12 (full 2):
 PSYoungGen      total 97792K, used 89600K [0x00000000f5580000, 0x00000000fd780000, 0x0000000100000000)
  eden space 89600K, 100% used [0x00000000f5580000,0x00000000fad00000,0x00000000fad00000)
  from space 8192K, 0% used [0x00000000fad00000,0x00000000fad00000,0x00000000fb500000)
  to   space 8192K, 0% used [0x00000000fcf80000,0x00000000fcf80000,0x00000000fd780000)
 ParOldGen       total 78848K, used 10555K [0x00000000e0000000, 0x00000000e4d00000, 0x00000000f5580000)
  object space 78848K, 13% used [0x00000000e0000000,0x00000000e0a4ec58,0x00000000e4d00000)
 Metaspace       used 35356K, capacity 36532K, committed 36784K, reserved 1081344K
  class space    used 5004K, capacity 5268K, committed 5296K, reserved 1048576K
Event: 18.793 GC heap after
Heap after GC invocations=12 (full 2):
 PSYoungGen      total 121856K, used 1657K [0x00000000f5580000, 0x00000000fd680000, 0x0000000100000000)
  eden space 114688K, 0% used [0x00000000f5580000,0x00000000f5580000,0x00000000fc580000)
  from space 7168K, 23% used [0x00000000fcf80000,0x00000000fd11e770,0x00000000fd680000)
  to   space 8704K, 0% used [0x00000000fc580000,0x00000000fc580000,0x00000000fce00000)
 ParOldGen       total 78848K, used 10563K [0x00000000e0000000, 0x00000000e4d00000, 0x00000000f5580000)
  object space 78848K, 13% used [0x00000000e0000000,0x00000000e0a50c58,0x00000000e4d00000)
 Metaspace       used 35356K, capacity 36532K, committed 36784K, reserved 1081344K
  class space    used 5004K, capacity 5268K, committed 5296K, reserved 1048576K
}
Event: 23.700 GC heap before
{Heap before GC invocations=13 (full 2):
 PSYoungGen      total 121856K, used 114412K [0x00000000f5580000, 0x00000000fd680000, 0x0000000100000000)
  eden space 114688K, 98% used [0x00000000f5580000,0x00000000fc39cb10,0x00000000fc580000)
  from space 7168K, 23% used [0x00000000fcf80000,0x00000000fd11e770,0x00000000fd680000)
  to   space 8704K, 0% used [0x00000000fc580000,0x00000000fc580000,0x00000000fce00000)
 ParOldGen       total 78848K, used 10563K [0x00000000e0000000, 0x00000000e4d00000, 0x00000000f5580000)
  object space 78848K, 13% used [0x00000000e0000000,0x00000000e0a50c58,0x00000000e4d00000)
 Metaspace       used 35997K, capacity 37194K, committed 37424K, reserved 1081344K
  class space    used 5082K, capacity 5381K, committed 5424K, reserved 1048576K
Event: 23.704 GC heap after
Heap after GC invocations=13 (full 2):
 PSYoungGen      total 123392K, used 3463K [0x00000000f5580000, 0x00000000ff200000, 0x0000000100000000)
  eden space 114688K, 0% used [0x00000000f5580000,0x00000000f5580000,0x00000000fc580000)
  from space 8704K, 39% used [0x00000000fc580000,0x00000000fc8e1fd8,0x00000000fce00000)
  to   space 8704K, 0% used [0x00000000fe980000,0x00000000fe980000,0x00000000ff200000)
 ParOldGen       total 78848K, used 10563K [0x00000000e0000000, 0x00000000e4d00000, 0x00000000f5580000)
  object space 78848K, 13% used [0x00000000e0000000,0x00000000e0a50c58,0x00000000e4d00000)
 Metaspace       used 35997K, capacity 37194K, committed 37424K, reserved 1081344K
  class space    used 5082K, capacity 5381K, committed 5424K, reserved 1048576K
}
Event: 24.171 GC heap before
{Heap before GC invocations=14 (full 2):
 PSYoungGen      total 123392K, used 118151K [0x00000000f5580000, 0x00000000ff200000, 0x0000000100000000)
  eden space 114688K, 100% used [0x00000000f5580000,0x00000000fc580000,0x00000000fc580000)
  from space 8704K, 39% used [0x00000000fc580000,0x00000000fc8e1fd8,0x00000000fce00000)
  to   space 8704K, 0% used [0x00000000fe980000,0x00000000fe980000,0x00000000ff200000)
 ParOldGen       total 78848K, used 10563K [0x00000000e0000000, 0x00000000e4d00000, 0x00000000f5580000)
  object space 78848K, 13% used [0x00000000e0000000,0x00000000e0a50c58,0x00000000e4d00000)
 Metaspace       used 36051K, capacity 37322K, committed 37424K, reserved 1081344K
  class space    used 5086K, capacity 5381K, committed 5424K, reserved 1048576K
Event: 24.173 GC heap after
Heap after GC invocations=14 (full 2):
 PSYoungGen      total 149504K, used 1605K [0x00000000f5580000, 0x00000000ff100000, 0x0000000100000000)
  eden space 141824K, 0% used [0x00000000f5580000,0x00000000f5580000,0x00000000fe000000)
  from space 7680K, 20% used [0x00000000fe980000,0x00000000feb116e8,0x00000000ff100000)
  to   space 8704K, 0% used [0x00000000fe000000,0x00000000fe000000,0x00000000fe880000)
 ParOldGen       total 78848K, used 10571K [0x00000000e0000000, 0x00000000e4d00000, 0x00000000f5580000)
  object space 78848K, 13% used [0x00000000e0000000,0x00000000e0a52c58,0x00000000e4d00000)
 Metaspace       used 36051K, capacity 37322K, committed 37424K, reserved 1081344K
  class space    used 5086K, capacity 5381K, committed 5424K, reserved 1048576K
}
Event: 25.635 GC heap before
{Heap before GC invocations=15 (full 2):
 PSYoungGen      total 149504K, used 143429K [0x00000000f5580000, 0x00000000ff100000, 0x0000000100000000)
  eden space 141824K, 100% used [0x00000000f5580000,0x00000000fe000000,0x00000000fe000000)
  from space 7680K, 20% used [0x00000000fe980000,0x00000000feb116e8,0x00000000ff100000)
  to   space 8704K, 0% used [0x00000000fe000000,0x00000000fe000000,0x00000000fe880000)
 ParOldGen       total 78848K, used 10571K [0x00000000e0000000, 0x00000000e4d00000, 0x00000000f5580000)
  object space 78848K, 13% used [0x00000000e0000000,0x00000000e0a52c58,0x00000000e4d00000)
 Metaspace       used 36092K, capacity 37326K, committed 37424K, reserved 1081344K
  class space    used 5086K, capacity 5381K, committed 5424K, reserved 1048576K
Event: 25.638 GC heap after
Heap after GC invocations=15 (full 2):
 PSYoungGen      total 150528K, used 1637K [0x00000000f5580000, 0x0000000100000000, 0x0000000100000000)
  eden space 141824K, 0% used [0x00000000f5580000,0x00000000f5580000,0x00000000fe000000)
  from space 8704K, 18% used [0x00000000fe000000,0x00000000fe1996e8,0x00000000fe880000)
  to   space 9216K, 0% used [0x00000000ff700000,0x00000000ff700000,0x0000000100000000)
 ParOldGen       total 78848K, used 10579K [0x00000000e0000000, 0x00000000e4d00000, 0x00000000f5580000)
  object space 78848K, 13% used [0x00000000e0000000,0x00000000e0a54c58,0x00000000e4d00000)
 Metaspace       used 36092K, capacity 37326K, committed 37424K, reserved 1081344K
  class space    used 5086K, capacity 5381K, committed 5424K, reserved 1048576K
}

