# JRE version: Java(TM) SE Runtime Environment (8.0_231-b11) (build 1.8.0_231-b11)
# Java VM: Java HotSpot(TM) 64-Bit Server VM (25.231-b11 mixed mode windows-amd64 compressed oops)
Heap:
 PSYoungGen      total 146944K, used 17848K [0x00000000f5580000, 0x0000000100000000, 0x0000000100000000)
  eden space 137728K, 11% used [0x00000000f5580000,0x00000000f65689c0,0x00000000fdc00000)
  from space 9216K, 16% used [0x00000000fdc00000,0x00000000fdd856d8,0x00000000fe500000)
  to   space 9216K, 0% used [0x00000000ff700000,0x00000000ff700000,0x0000000100000000)
 ParOldGen       total 79360K, used 10716K [0x00000000e0000000, 0x00000000e4d80000, 0x00000000f5580000)
  object space 79360K, 13% used [0x00000000e0000000,0x00000000e0a77000,0x00000000e4d80000)
 Metaspace       used 36081K, capacity 37330K, committed 37504K, reserved 1081344K
  class space    used 5083K, capacity 5381K, committed 5504K, reserved 1048576K
GC Heap History (10 events):
Event: 16.935 GC heap before
{Heap before GC invocations=11 (full 2):
 PSYoungGen      total 95744K, used 4694K [0x00000000f5580000, 0x00000000fd400000, 0x0000000100000000)
  eden space 87552K, 0% used [0x00000000f5580000,0x00000000f5580000,0x00000000fab00000)
  from space 8192K, 57% used [0x00000000fab00000,0x00000000faf959a0,0x00000000fb300000)
  to   space 8192K, 0% used [0x00000000fcc00000,0x00000000fcc00000,0x00000000fd400000)
 ParOldGen       total 53248K, used 6780K [0x00000000e0000000, 0x00000000e3400000, 0x00000000f5580000)
  object space 53248K, 12% used [0x00000000e0000000,0x00000000e069f2d0,0x00000000e3400000)
 Metaspace       used 34331K, capacity 35486K, committed 35496K, reserved 1079296K
  class space    used 4868K, capacity 5119K, committed 5120K, reserved 1048576K
Event: 17.036 GC heap after
Heap after GC invocations=11 (full 2):
 PSYoungGen      total 95744K, used 0K [0x00000000f5580000, 0x00000000fd400000, 0x0000000100000000)
  eden space 87552K, 0% used [0x00000000f5580000,0x00000000f5580000,0x00000000fab00000)
  from space 8192K, 0% used [0x00000000fab00000,0x00000000fab00000,0x00000000fb300000)
  to   space 8192K, 0% used [0x00000000fcc00000,0x00000000fcc00000,0x00000000fd400000)
 ParOldGen       total 79360K, used 10692K [0x00000000e0000000, 0x00000000e4d80000, 0x00000000f5580000)
  object space 79360K, 13% used [0x00000000e0000000,0x00000000e0a71000,0x00000000e4d80000)
 Metaspace       used 34331K, capacity 35486K, committed 35496K, reserved 1079296K
  class space    used 4868K, capacity 5119K, committed 5120K, reserved 1048576K
}
Event: 18.431 GC heap before
{Heap before GC invocations=12 (full 2):
 PSYoungGen      total 95744K, used 87552K [0x00000000f5580000, 0x00000000fd400000, 0x0000000100000000)
  eden space 87552K, 100% used [0x00000000f5580000,0x00000000fab00000,0x00000000fab00000)
  from space 8192K, 0% used [0x00000000fab00000,0x00000000fab00000,0x00000000fb300000)
  to   space 8192K, 0% used [0x00000000fcc00000,0x00000000fcc00000,0x00000000fd400000)
 ParOldGen       total 79360K, used 10692K [0x00000000e0000000, 0x00000000e4d80000, 0x00000000f5580000)
  object space 79360K, 13% used [0x00000000e0000000,0x00000000e0a71000,0x00000000e4d80000)
 Metaspace       used 35364K, capacity 36532K, committed 36864K, reserved 1081344K
  class space    used 5005K, capacity 5268K, committed 5376K, reserved 1048576K
Event: 18.435 GC heap after
Heap after GC invocations=12 (full 2):
 PSYoungGen      total 120320K, used 1605K [0x00000000f5580000, 0x00000000fd400000, 0x0000000100000000)
  eden space 112128K, 0% used [0x00000000f5580000,0x00000000f5580000,0x00000000fc300000)
  from space 8192K, 19% used [0x00000000fcc00000,0x00000000fcd91448,0x00000000fd400000)
  to   space 8704K, 0% used [0x00000000fc300000,0x00000000fc300000,0x00000000fcb80000)
 ParOldGen       total 79360K, used 10700K [0x00000000e0000000, 0x00000000e4d80000, 0x00000000f5580000)
  object space 79360K, 13% used [0x00000000e0000000,0x00000000e0a73000,0x00000000e4d80000)
 Metaspace       used 35364K, capacity 36532K, committed 36864K, reserved 1081344K
  class space    used 5005K, capacity 5268K, committed 5376K, reserved 1048576K
}
Event: 20.808 GC heap before
{Heap before GC invocations=13 (full 2):
 PSYoungGen      total 120320K, used 113733K [0x00000000f5580000, 0x00000000fd400000, 0x0000000100000000)
  eden space 112128K, 100% used [0x00000000f5580000,0x00000000fc300000,0x00000000fc300000)
  from space 8192K, 19% used [0x00000000fcc00000,0x00000000fcd91448,0x00000000fd400000)
  to   space 8704K, 0% used [0x00000000fc300000,0x00000000fc300000,0x00000000fcb80000)
 ParOldGen       total 79360K, used 10700K [0x00000000e0000000, 0x00000000e4d80000, 0x00000000f5580000)
  object space 79360K, 13% used [0x00000000e0000000,0x00000000e0a73000,0x00000000e4d80000)
 Metaspace       used 36009K, capacity 37190K, committed 37504K, reserved 1081344K
  class space    used 5083K, capacity 5381K, committed 5504K, reserved 1048576K
Event: 20.819 GC heap after
Heap after GC invocations=13 (full 2):
 PSYoungGen      total 120832K, used 1365K [0x00000000f5580000, 0x00000000ff100000, 0x0000000100000000)
  eden space 112128K, 0% used [0x00000000f5580000,0x00000000f5580000,0x00000000fc300000)
  from space 8704K, 15% used [0x00000000fc300000,0x00000000fc4556d8,0x00000000fcb80000)
  to   space 8704K, 0% used [0x00000000fe880000,0x00000000fe880000,0x00000000ff100000)
 ParOldGen       total 79360K, used 10700K [0x00000000e0000000, 0x00000000e4d80000, 0x00000000f5580000)
  object space 79360K, 13% used [0x00000000e0000000,0x00000000e0a73000,0x00000000e4d80000)
 Metaspace       used 36009K, capacity 37190K, committed 37504K, reserved 1081344K
  class space    used 5083K, capacity 5381K, committed 5504K, reserved 1048576K
}
Event: 23.710 GC heap before
{Heap before GC invocations=14 (full 2):
 PSYoungGen      total 120832K, used 113493K [0x00000000f5580000, 0x00000000ff100000, 0x0000000100000000)
  eden space 112128K, 100% used [0x00000000f5580000,0x00000000fc300000,0x00000000fc300000)
  from space 8704K, 15% used [0x00000000fc300000,0x00000000fc4556d8,0x00000000fcb80000)
  to   space 8704K, 0% used [0x00000000fe880000,0x00000000fe880000,0x00000000ff100000)
 ParOldGen       total 79360K, used 10700K [0x00000000e0000000, 0x00000000e4d80000, 0x00000000f5580000)
  object space 79360K, 13% used [0x00000000e0000000,0x00000000e0a73000,0x00000000e4d80000)
 Metaspace       used 36033K, capacity 37254K, committed 37504K, reserved 1081344K
  class space    used 5083K, capacity 5381K, committed 5504K, reserved 1048576K
Event: 23.712 GC heap after
Heap after GC invocations=14 (full 2):
 PSYoungGen      total 143360K, used 1621K [0x00000000f5580000, 0x00000000fee00000, 0x0000000100000000)
  eden space 137728K, 0% used [0x00000000f5580000,0x00000000f5580000,0x00000000fdc00000)
  from space 5632K, 28% used [0x00000000fe880000,0x00000000fea156d8,0x00000000fee00000)
  to   space 9216K, 0% used [0x00000000fdc00000,0x00000000fdc00000,0x00000000fe500000)
 ParOldGen       total 79360K, used 10708K [0x00000000e0000000, 0x00000000e4d80000, 0x00000000f5580000)
  object space 79360K, 13% used [0x00000000e0000000,0x00000000e0a75000,0x00000000e4d80000)
 Metaspace       used 36033K, capacity 37254K, committed 37504K, reserved 1081344K
  class space    used 5083K, capacity 5381K, committed 5504K, reserved 1048576K
}
Event: 25.168 GC heap before
{Heap before GC invocations=15 (full 2):
 PSYoungGen      total 143360K, used 139349K [0x00000000f5580000, 0x00000000fee00000, 0x0000000100000000)
  eden space 137728K, 100% used [0x00000000f5580000,0x00000000fdc00000,0x00000000fdc00000)
  from space 5632K, 28% used [0x00000000fe880000,0x00000000fea156d8,0x00000000fee00000)
  to   space 9216K, 0% used [0x00000000fdc00000,0x00000000fdc00000,0x00000000fe500000)
 ParOldGen       total 79360K, used 10708K [0x00000000e0000000, 0x00000000e4d80000, 0x00000000f5580000)
  object space 79360K, 13% used [0x00000000e0000000,0x00000000e0a75000,0x00000000e4d80000)
 Metaspace       used 36075K, capacity 37326K, committed 37504K, reserved 1081344K
  class space    used 5083K, capacity 5381K, committed 5504K, reserved 1048576K
Event: 25.174 GC heap after
Heap after GC invocations=15 (full 2):
 PSYoungGen      total 146944K, used 1557K [0x00000000f5580000, 0x0000000100000000, 0x0000000100000000)
  eden space 137728K, 0% used [0x00000000f5580000,0x00000000f5580000,0x00000000fdc00000)
  from space 9216K, 16% used [0x00000000fdc00000,0x00000000fdd856d8,0x00000000fe500000)
  to   space 9216K, 0% used [0x00000000ff700000,0x00000000ff700000,0x0000000100000000)
 ParOldGen       total 79360K, used 10716K [0x00000000e0000000, 0x00000000e4d80000, 0x00000000f5580000)
  object space 79360K, 13% used [0x00000000e0000000,0x00000000e0a77000,0x00000000e4d80000)
 Metaspace       used 36075K, capacity 37326K, committed 37504K, reserved 1081344K
  class space    used 5083K, capacity 5381K, committed 5504K, reserved 1048576K
}

