# JRE version: Java(TM) SE Runtime Environment (8.0_231-b11) (build 1.8.0_231-b11)
# Java VM: Java HotSpot(TM) 64-Bit Server VM (25.231-b11 mixed mode windows-amd64 compressed oops)
Heap:
 PSYoungGen      total 140800K, used 123283K [0x00000000f5580000, 0x00000000fec00000, 0x0000000100000000)
  eden space 135680K, 89% used [0x00000000f5580000,0x00000000fcc37628,0x00000000fda00000)
  from space 5120K, 33% used [0x00000000fe700000,0x00000000fe8ad6d8,0x00000000fec00000)
  to   space 9216K, 0% used [0x00000000fda00000,0x00000000fda00000,0x00000000fe300000)
 ParOldGen       total 80384K, used 10641K [0x00000000e0000000, 0x00000000e4e80000, 0x00000000f5580000)
  object space 80384K, 13% used [0x00000000e0000000,0x00000000e0a64490,0x00000000e4e80000)
 Metaspace       used 36124K, capacity 37330K, committed 37424K, reserved 1081344K
  class space    used 5086K, capacity 5381K, committed 5424K, reserved 1048576K
GC Heap History (10 events):
Event: 17.320 GC heap before
{Heap before GC invocations=10 (full 1):
 PSYoungGen      total 95744K, used 55868K [0x00000000f5580000, 0x00000000fc480000, 0x0000000100000000)
  eden space 87552K, 57% used [0x00000000f5580000,0x00000000f865b1e8,0x00000000fab00000)
  from space 8192K, 71% used [0x00000000fb300000,0x00000000fb8b41b0,0x00000000fbb00000)
  to   space 8192K, 0% used [0x00000000fab00000,0x00000000fab00000,0x00000000fb300000)
 ParOldGen       total 53248K, used 5975K [0x00000000e0000000, 0x00000000e3400000, 0x00000000f5580000)
  object space 53248K, 11% used [0x00000000e0000000,0x00000000e05d5fb0,0x00000000e3400000)
 Metaspace       used 34316K, capacity 35416K, committed 35496K, reserved 1079296K
  class space    used 4862K, capacity 5118K, committed 5168K, reserved 1048576K
Event: 17.327 GC heap after
Heap after GC invocations=10 (full 1):
 PSYoungGen      total 95744K, used 4601K [0x00000000f5580000, 0x00000000fd400000, 0x0000000100000000)
  eden space 87552K, 0% used [0x00000000f5580000,0x00000000f5580000,0x00000000fab00000)
  from space 8192K, 56% used [0x00000000fab00000,0x00000000faf7e608,0x00000000fb300000)
  to   space 8192K, 0% used [0x00000000fcc00000,0x00000000fcc00000,0x00000000fd400000)
 ParOldGen       total 53248K, used 6827K [0x00000000e0000000, 0x00000000e3400000, 0x00000000f5580000)
  object space 53248K, 12% used [0x00000000e0000000,0x00000000e06aafe0,0x00000000e3400000)
 Metaspace       used 34316K, capacity 35416K, committed 35496K, reserved 1079296K
  class space    used 4862K, capacity 5118K, committed 5168K, reserved 1048576K
}
Event: 17.328 GC heap before
{Heap before GC invocations=11 (full 2):
 PSYoungGen      total 95744K, used 4601K [0x00000000f5580000, 0x00000000fd400000, 0x0000000100000000)
  eden space 87552K, 0% used [0x00000000f5580000,0x00000000f5580000,0x00000000fab00000)
  from space 8192K, 56% used [0x00000000fab00000,0x00000000faf7e608,0x00000000fb300000)
  to   space 8192K, 0% used [0x00000000fcc00000,0x00000000fcc00000,0x00000000fd400000)
 ParOldGen       total 53248K, used 6827K [0x00000000e0000000, 0x00000000e3400000, 0x00000000f5580000)
  object space 53248K, 12% used [0x00000000e0000000,0x00000000e06aafe0,0x00000000e3400000)
 Metaspace       used 34316K, capacity 35416K, committed 35496K, reserved 1079296K
  class space    used 4862K, capacity 5118K, committed 5168K, reserved 1048576K
Event: 17.434 GC heap after
Heap after GC invocations=11 (full 2):
 PSYoungGen      total 95744K, used 0K [0x00000000f5580000, 0x00000000fd400000, 0x0000000100000000)
  eden space 87552K, 0% used [0x00000000f5580000,0x00000000f5580000,0x00000000fab00000)
  from space 8192K, 0% used [0x00000000fab00000,0x00000000fab00000,0x00000000fb300000)
  to   space 8192K, 0% used [0x00000000fcc00000,0x00000000fcc00000,0x00000000fd400000)
 ParOldGen       total 80384K, used 10617K [0x00000000e0000000, 0x00000000e4e80000, 0x00000000f5580000)
  object space 80384K, 13% used [0x00000000e0000000,0x00000000e0a5e490,0x00000000e4e80000)
 Metaspace       used 34316K, capacity 35416K, committed 35496K, reserved 1079296K
  class space    used 4862K, capacity 5118K, committed 5168K, reserved 1048576K
}
Event: 18.682 GC heap before
{Heap before GC invocations=12 (full 2):
 PSYoungGen      total 95744K, used 87552K [0x00000000f5580000, 0x00000000fd400000, 0x0000000100000000)
  eden space 87552K, 100% used [0x00000000f5580000,0x00000000fab00000,0x00000000fab00000)
  from space 8192K, 0% used [0x00000000fab00000,0x00000000fab00000,0x00000000fb300000)
  to   space 8192K, 0% used [0x00000000fcc00000,0x00000000fcc00000,0x00000000fd400000)
 ParOldGen       total 80384K, used 10617K [0x00000000e0000000, 0x00000000e4e80000, 0x00000000f5580000)
  object space 80384K, 13% used [0x00000000e0000000,0x00000000e0a5e490,0x00000000e4e80000)
 Metaspace       used 35370K, capacity 36532K, committed 36784K, reserved 1081344K
  class space    used 5004K, capacity 5268K, committed 5296K, reserved 1048576K
Event: 18.687 GC heap after
Heap after GC invocations=12 (full 2):
 PSYoungGen      total 120320K, used 1695K [0x00000000f5580000, 0x00000000fd400000, 0x0000000100000000)
  eden space 112128K, 0% used [0x00000000f5580000,0x00000000f5580000,0x00000000fc300000)
  from space 8192K, 20% used [0x00000000fcc00000,0x00000000fcda7f98,0x00000000fd400000)
  to   space 8704K, 0% used [0x00000000fc300000,0x00000000fc300000,0x00000000fcb80000)
 ParOldGen       total 80384K, used 10625K [0x00000000e0000000, 0x00000000e4e80000, 0x00000000f5580000)
  object space 80384K, 13% used [0x00000000e0000000,0x00000000e0a60490,0x00000000e4e80000)
 Metaspace       used 35370K, capacity 36532K, committed 36784K, reserved 1081344K
  class space    used 5004K, capacity 5268K, committed 5296K, reserved 1048576K
}
Event: 21.990 GC heap before
{Heap before GC invocations=13 (full 2):
 PSYoungGen      total 120320K, used 113823K [0x00000000f5580000, 0x00000000fd400000, 0x0000000100000000)
  eden space 112128K, 100% used [0x00000000f5580000,0x00000000fc300000,0x00000000fc300000)
  from space 8192K, 20% used [0x00000000fcc00000,0x00000000fcda7f98,0x00000000fd400000)
  to   space 8704K, 0% used [0x00000000fc300000,0x00000000fc300000,0x00000000fcb80000)
 ParOldGen       total 80384K, used 10625K [0x00000000e0000000, 0x00000000e4e80000, 0x00000000f5580000)
  object space 80384K, 13% used [0x00000000e0000000,0x00000000e0a60490,0x00000000e4e80000)
 Metaspace       used 35502K, capacity 36742K, committed 36912K, reserved 1081344K
  class space    used 5019K, capacity 5317K, committed 5424K, reserved 1048576K
Event: 21.993 GC heap after
Heap after GC invocations=13 (full 2):
 PSYoungGen      total 120832K, used 962K [0x00000000f5580000, 0x00000000ff000000, 0x0000000100000000)
  eden space 112128K, 0% used [0x00000000f5580000,0x00000000f5580000,0x00000000fc300000)
  from space 8704K, 11% used [0x00000000fc300000,0x00000000fc3f08e8,0x00000000fcb80000)
  to   space 9216K, 0% used [0x00000000fe700000,0x00000000fe700000,0x00000000ff000000)
 ParOldGen       total 80384K, used 10633K [0x00000000e0000000, 0x00000000e4e80000, 0x00000000f5580000)
  object space 80384K, 13% used [0x00000000e0000000,0x00000000e0a62490,0x00000000e4e80000)
 Metaspace       used 35502K, capacity 36742K, committed 36912K, reserved 1081344K
  class space    used 5019K, capacity 5317K, committed 5424K, reserved 1048576K
}
Event: 24.116 GC heap before
{Heap before GC invocations=14 (full 2):
 PSYoungGen      total 120832K, used 113090K [0x00000000f5580000, 0x00000000ff000000, 0x0000000100000000)
  eden space 112128K, 100% used [0x00000000f5580000,0x00000000fc300000,0x00000000fc300000)
  from space 8704K, 11% used [0x00000000fc300000,0x00000000fc3f08e8,0x00000000fcb80000)
  to   space 9216K, 0% used [0x00000000fe700000,0x00000000fe700000,0x00000000ff000000)
 ParOldGen       total 80384K, used 10633K [0x00000000e0000000, 0x00000000e4e80000, 0x00000000f5580000)
  object space 80384K, 13% used [0x00000000e0000000,0x00000000e0a62490,0x00000000e4e80000)
 Metaspace       used 36075K, capacity 37318K, committed 37424K, reserved 1081344K
  class space    used 5086K, capacity 5381K, committed 5424K, reserved 1048576K
Event: 24.118 GC heap after
Heap after GC invocations=14 (full 2):
 PSYoungGen      total 140800K, used 1717K [0x00000000f5580000, 0x00000000fec00000, 0x0000000100000000)
  eden space 135680K, 0% used [0x00000000f5580000,0x00000000f5580000,0x00000000fda00000)
  from space 5120K, 33% used [0x00000000fe700000,0x00000000fe8ad6d8,0x00000000fec00000)
  to   space 9216K, 0% used [0x00000000fda00000,0x00000000fda00000,0x00000000fe300000)
 ParOldGen       total 80384K, used 10641K [0x00000000e0000000, 0x00000000e4e80000, 0x00000000f5580000)
  object space 80384K, 13% used [0x00000000e0000000,0x00000000e0a64490,0x00000000e4e80000)
 Metaspace       used 36075K, capacity 37318K, committed 37424K, reserved 1081344K
  class space    used 5086K, capacity 5381K, committed 5424K, reserved 1048576K
}

