# JRE version: Java(TM) SE Runtime Environment (8.0_231-b11) (build 1.8.0_231-b11)
# Java VM: Java HotSpot(TM) 64-Bit Server VM (25.231-b11 mixed mode windows-amd64 compressed oops)
Heap:
 PSYoungGen      total 142848K, used 20069K [0x00000000f5580000, 0x0000000100000000, 0x0000000100000000)
  eden space 133632K, 13% used [0x00000000f5580000,0x00000000f6790cb8,0x00000000fd800000)
  from space 9216K, 17% used [0x00000000fd800000,0x00000000fd9888e8,0x00000000fe100000)
  to   space 9216K, 0% used [0x00000000ff700000,0x00000000ff700000,0x0000000100000000)
 ParOldGen       total 79872K, used 10614K [0x00000000e0000000, 0x00000000e4e00000, 0x00000000f5580000)
  object space 79872K, 13% used [0x00000000e0000000,0x00000000e0a5db98,0x00000000e4e00000)
 Metaspace       used 36120K, capacity 37326K, committed 37424K, reserved 1081344K
  class space    used 5085K, capacity 5381K, committed 5424K, reserved 1048576K
GC Heap History (10 events):
Event: 16.693 GC heap before
{Heap before GC invocations=11 (full 2):
 PSYoungGen      total 95232K, used 4511K [0x00000000f5580000, 0x00000000fd280000, 0x0000000100000000)
  eden space 87040K, 0% used [0x00000000f5580000,0x00000000f5580000,0x00000000faa80000)
  from space 8192K, 55% used [0x00000000faa80000,0x00000000faee7cb8,0x00000000fb280000)
  to   space 8192K, 0% used [0x00000000fca80000,0x00000000fca80000,0x00000000fd280000)
 ParOldGen       total 53248K, used 6844K [0x00000000e0000000, 0x00000000e3400000, 0x00000000f5580000)
  object space 53248K, 12% used [0x00000000e0000000,0x00000000e06af0c0,0x00000000e3400000)
 Metaspace       used 34311K, capacity 35416K, committed 35496K, reserved 1079296K
  class space    used 4861K, capacity 5118K, committed 5168K, reserved 1048576K
Event: 16.794 GC heap after
Heap after GC invocations=11 (full 2):
 PSYoungGen      total 95232K, used 0K [0x00000000f5580000, 0x00000000fd280000, 0x0000000100000000)
  eden space 87040K, 0% used [0x00000000f5580000,0x00000000f5580000,0x00000000faa80000)
  from space 8192K, 0% used [0x00000000faa80000,0x00000000faa80000,0x00000000fb280000)
  to   space 8192K, 0% used [0x00000000fca80000,0x00000000fca80000,0x00000000fd280000)
 ParOldGen       total 79872K, used 10582K [0x00000000e0000000, 0x00000000e4e00000, 0x00000000f5580000)
  object space 79872K, 13% used [0x00000000e0000000,0x00000000e0a55b98,0x00000000e4e00000)
 Metaspace       used 34311K, capacity 35416K, committed 35496K, reserved 1079296K
  class space    used 4861K, capacity 5118K, committed 5168K, reserved 1048576K
}
Event: 18.160 GC heap before
{Heap before GC invocations=12 (full 2):
 PSYoungGen      total 95232K, used 87040K [0x00000000f5580000, 0x00000000fd280000, 0x0000000100000000)
  eden space 87040K, 100% used [0x00000000f5580000,0x00000000faa80000,0x00000000faa80000)
  from space 8192K, 0% used [0x00000000faa80000,0x00000000faa80000,0x00000000fb280000)
  to   space 8192K, 0% used [0x00000000fca80000,0x00000000fca80000,0x00000000fd280000)
 ParOldGen       total 79872K, used 10582K [0x00000000e0000000, 0x00000000e4e00000, 0x00000000f5580000)
  object space 79872K, 13% used [0x00000000e0000000,0x00000000e0a55b98,0x00000000e4e00000)
 Metaspace       used 35367K, capacity 36528K, committed 36784K, reserved 1081344K
  class space    used 5003K, capacity 5268K, committed 5296K, reserved 1048576K
Event: 18.162 GC heap after
Heap after GC invocations=12 (full 2):
 PSYoungGen      total 118784K, used 1668K [0x00000000f5580000, 0x00000000fd280000, 0x0000000100000000)
  eden space 110592K, 0% used [0x00000000f5580000,0x00000000f5580000,0x00000000fc180000)
  from space 8192K, 20% used [0x00000000fca80000,0x00000000fcc21058,0x00000000fd280000)
  to   space 8704K, 0% used [0x00000000fc180000,0x00000000fc180000,0x00000000fca00000)
 ParOldGen       total 79872K, used 10590K [0x00000000e0000000, 0x00000000e4e00000, 0x00000000f5580000)
  object space 79872K, 13% used [0x00000000e0000000,0x00000000e0a57b98,0x00000000e4e00000)
 Metaspace       used 35367K, capacity 36528K, committed 36784K, reserved 1081344K
  class space    used 5003K, capacity 5268K, committed 5296K, reserved 1048576K
}
Event: 20.354 GC heap before
{Heap before GC invocations=13 (full 2):
 PSYoungGen      total 118784K, used 112260K [0x00000000f5580000, 0x00000000fd280000, 0x0000000100000000)
  eden space 110592K, 100% used [0x00000000f5580000,0x00000000fc180000,0x00000000fc180000)
  from space 8192K, 20% used [0x00000000fca80000,0x00000000fcc21058,0x00000000fd280000)
  to   space 8704K, 0% used [0x00000000fc180000,0x00000000fc180000,0x00000000fca00000)
 ParOldGen       total 79872K, used 10590K [0x00000000e0000000, 0x00000000e4e00000, 0x00000000f5580000)
  object space 79872K, 13% used [0x00000000e0000000,0x00000000e0a57b98,0x00000000e4e00000)
 Metaspace       used 35490K, capacity 36706K, committed 36784K, reserved 1081344K
  class space    used 5017K, capacity 5285K, committed 5296K, reserved 1048576K
Event: 20.358 GC heap after
Heap after GC invocations=13 (full 2):
 PSYoungGen      total 119296K, used 981K [0x00000000f5580000, 0x00000000fed80000, 0x0000000100000000)
  eden space 110592K, 0% used [0x00000000f5580000,0x00000000f5580000,0x00000000fc180000)
  from space 8704K, 11% used [0x00000000fc180000,0x00000000fc2756d8,0x00000000fca00000)
  to   space 9216K, 0% used [0x00000000fe480000,0x00000000fe480000,0x00000000fed80000)
 ParOldGen       total 79872K, used 10598K [0x00000000e0000000, 0x00000000e4e00000, 0x00000000f5580000)
  object space 79872K, 13% used [0x00000000e0000000,0x00000000e0a59b98,0x00000000e4e00000)
 Metaspace       used 35490K, capacity 36706K, committed 36784K, reserved 1081344K
  class space    used 5017K, capacity 5285K, committed 5296K, reserved 1048576K
}
Event: 22.123 GC heap before
{Heap before GC invocations=14 (full 2):
 PSYoungGen      total 119296K, used 111573K [0x00000000f5580000, 0x00000000fed80000, 0x0000000100000000)
  eden space 110592K, 100% used [0x00000000f5580000,0x00000000fc180000,0x00000000fc180000)
  from space 8704K, 11% used [0x00000000fc180000,0x00000000fc2756d8,0x00000000fca00000)
  to   space 9216K, 0% used [0x00000000fe480000,0x00000000fe480000,0x00000000fed80000)
 ParOldGen       total 79872K, used 10598K [0x00000000e0000000, 0x00000000e4e00000, 0x00000000f5580000)
  object space 79872K, 13% used [0x00000000e0000000,0x00000000e0a59b98,0x00000000e4e00000)
 Metaspace       used 36060K, capacity 37250K, committed 37424K, reserved 1081344K
  class space    used 5085K, capacity 5381K, committed 5424K, reserved 1048576K
Event: 22.125 GC heap after
Heap after GC invocations=14 (full 2):
 PSYoungGen      total 139264K, used 1698K [0x00000000f5580000, 0x00000000fea00000, 0x0000000100000000)
  eden space 133632K, 0% used [0x00000000f5580000,0x00000000f5580000,0x00000000fd800000)
  from space 5632K, 30% used [0x00000000fe480000,0x00000000fe6288e8,0x00000000fea00000)
  to   space 9216K, 0% used [0x00000000fd800000,0x00000000fd800000,0x00000000fe100000)
 ParOldGen       total 79872K, used 10606K [0x00000000e0000000, 0x00000000e4e00000, 0x00000000f5580000)
  object space 79872K, 13% used [0x00000000e0000000,0x00000000e0a5bb98,0x00000000e4e00000)
 Metaspace       used 36060K, capacity 37250K, committed 37424K, reserved 1081344K
  class space    used 5085K, capacity 5381K, committed 5424K, reserved 1048576K
}
Event: 23.620 GC heap before
{Heap before GC invocations=15 (full 2):
 PSYoungGen      total 139264K, used 135330K [0x00000000f5580000, 0x00000000fea00000, 0x0000000100000000)
  eden space 133632K, 100% used [0x00000000f5580000,0x00000000fd800000,0x00000000fd800000)
  from space 5632K, 30% used [0x00000000fe480000,0x00000000fe6288e8,0x00000000fea00000)
  to   space 9216K, 0% used [0x00000000fd800000,0x00000000fd800000,0x00000000fe100000)
 ParOldGen       total 79872K, used 10606K [0x00000000e0000000, 0x00000000e4e00000, 0x00000000f5580000)
  object space 79872K, 13% used [0x00000000e0000000,0x00000000e0a5bb98,0x00000000e4e00000)
 Metaspace       used 36109K, capacity 37322K, committed 37424K, reserved 1081344K
  class space    used 5085K, capacity 5381K, committed 5424K, reserved 1048576K
Event: 23.622 GC heap after
Heap after GC invocations=15 (full 2):
 PSYoungGen      total 142848K, used 1570K [0x00000000f5580000, 0x0000000100000000, 0x0000000100000000)
  eden space 133632K, 0% used [0x00000000f5580000,0x00000000f5580000,0x00000000fd800000)
  from space 9216K, 17% used [0x00000000fd800000,0x00000000fd9888e8,0x00000000fe100000)
  to   space 9216K, 0% used [0x00000000ff700000,0x00000000ff700000,0x0000000100000000)
 ParOldGen       total 79872K, used 10614K [0x00000000e0000000, 0x00000000e4e00000, 0x00000000f5580000)
  object space 79872K, 13% used [0x00000000e0000000,0x00000000e0a5db98,0x00000000e4e00000)
 Metaspace       used 36109K, capacity 37322K, committed 37424K, reserved 1081344K
  class space    used 5085K, capacity 5381K, committed 5424K, reserved 1048576K
}

