# JRE version: Java(TM) SE Runtime Environment (8.0_231-b11) (build 1.8.0_231-b11)
# Java VM: Java HotSpot(TM) 64-Bit Server VM (25.231-b11 mixed mode windows-amd64 compressed oops)
Heap:
 PSYoungGen      total 138240K, used 35818K [0x00000000f5580000, 0x00000000ffc00000, 0x0000000100000000)
  eden space 129024K, 26% used [0x00000000f5580000,0x00000000f76f53d0,0x00000000fd380000)
  from space 9216K, 16% used [0x00000000fd380000,0x00000000fd5056d8,0x00000000fdc80000)
  to   space 9216K, 0% used [0x00000000ff300000,0x00000000ff300000,0x00000000ffc00000)
 ParOldGen       total 82944K, used 10733K [0x00000000e0000000, 0x00000000e5100000, 0x00000000f5580000)
  object space 82944K, 12% used [0x00000000e0000000,0x00000000e0a7b460,0x00000000e5100000)
 Metaspace       used 36114K, capacity 37326K, committed 37424K, reserved 1081344K
  class space    used 5087K, capacity 5381K, committed 5424K, reserved 1048576K
GC Heap History (10 events):
Event: 17.325 GC heap before
{Heap before GC invocations=11 (full 2):
 PSYoungGen      total 92672K, used 5513K [0x00000000f5580000, 0x00000000fcd80000, 0x0000000100000000)
  eden space 84480K, 0% used [0x00000000f5580000,0x00000000f5580000,0x00000000fa800000)
  from space 8192K, 67% used [0x00000000fa800000,0x00000000fad62680,0x00000000fb000000)
  to   space 7680K, 0% used [0x00000000fc600000,0x00000000fc600000,0x00000000fcd80000)
 ParOldGen       total 54272K, used 5998K [0x00000000e0000000, 0x00000000e3500000, 0x00000000f5580000)
  object space 54272K, 11% used [0x00000000e0000000,0x00000000e05db9f8,0x00000000e3500000)
 Metaspace       used 34305K, capacity 35416K, committed 35496K, reserved 1079296K
  class space    used 4861K, capacity 5118K, committed 5168K, reserved 1048576K
Event: 17.419 GC heap after
Heap after GC invocations=11 (full 2):
 PSYoungGen      total 92672K, used 0K [0x00000000f5580000, 0x00000000fcd80000, 0x0000000100000000)
  eden space 84480K, 0% used [0x00000000f5580000,0x00000000f5580000,0x00000000fa800000)
  from space 8192K, 0% used [0x00000000fa800000,0x00000000fa800000,0x00000000fb000000)
  to   space 7680K, 0% used [0x00000000fc600000,0x00000000fc600000,0x00000000fcd80000)
 ParOldGen       total 82944K, used 10701K [0x00000000e0000000, 0x00000000e5100000, 0x00000000f5580000)
  object space 82944K, 12% used [0x00000000e0000000,0x00000000e0a73460,0x00000000e5100000)
 Metaspace       used 34305K, capacity 35416K, committed 35496K, reserved 1079296K
  class space    used 4861K, capacity 5118K, committed 5168K, reserved 1048576K
}
Event: 18.624 GC heap before
{Heap before GC invocations=12 (full 2):
 PSYoungGen      total 92672K, used 84480K [0x00000000f5580000, 0x00000000fcd80000, 0x0000000100000000)
  eden space 84480K, 100% used [0x00000000f5580000,0x00000000fa800000,0x00000000fa800000)
  from space 8192K, 0% used [0x00000000fa800000,0x00000000fa800000,0x00000000fb000000)
  to   space 7680K, 0% used [0x00000000fc600000,0x00000000fc600000,0x00000000fcd80000)
 ParOldGen       total 82944K, used 10701K [0x00000000e0000000, 0x00000000e5100000, 0x00000000f5580000)
  object space 82944K, 12% used [0x00000000e0000000,0x00000000e0a73460,0x00000000e5100000)
 Metaspace       used 35369K, capacity 36532K, committed 36784K, reserved 1081344K
  class space    used 5005K, capacity 5268K, committed 5296K, reserved 1048576K
Event: 18.626 GC heap after
Heap after GC invocations=12 (full 2):
 PSYoungGen      total 114688K, used 1645K [0x00000000f5580000, 0x00000000fce00000, 0x0000000100000000)
  eden space 107008K, 0% used [0x00000000f5580000,0x00000000f5580000,0x00000000fbe00000)
  from space 7680K, 21% used [0x00000000fc600000,0x00000000fc79b560,0x00000000fcd80000)
  to   space 8192K, 0% used [0x00000000fbe00000,0x00000000fbe00000,0x00000000fc600000)
 ParOldGen       total 82944K, used 10709K [0x00000000e0000000, 0x00000000e5100000, 0x00000000f5580000)
  object space 82944K, 12% used [0x00000000e0000000,0x00000000e0a75460,0x00000000e5100000)
 Metaspace       used 35369K, capacity 36532K, committed 36784K, reserved 1081344K
  class space    used 5005K, capacity 5268K, committed 5296K, reserved 1048576K
}
Event: 21.482 GC heap before
{Heap before GC invocations=13 (full 2):
 PSYoungGen      total 114688K, used 108653K [0x00000000f5580000, 0x00000000fce00000, 0x0000000100000000)
  eden space 107008K, 100% used [0x00000000f5580000,0x00000000fbe00000,0x00000000fbe00000)
  from space 7680K, 21% used [0x00000000fc600000,0x00000000fc79b560,0x00000000fcd80000)
  to   space 8192K, 0% used [0x00000000fbe00000,0x00000000fbe00000,0x00000000fc600000)
 ParOldGen       total 82944K, used 10709K [0x00000000e0000000, 0x00000000e5100000, 0x00000000f5580000)
  object space 82944K, 12% used [0x00000000e0000000,0x00000000e0a75460,0x00000000e5100000)
 Metaspace       used 35901K, capacity 37126K, committed 37424K, reserved 1081344K
  class space    used 5071K, capacity 5381K, committed 5424K, reserved 1048576K
Event: 21.486 GC heap after
Heap after GC invocations=13 (full 2):
 PSYoungGen      total 115200K, used 1205K [0x00000000f5580000, 0x00000000fe780000, 0x0000000100000000)
  eden space 107008K, 0% used [0x00000000f5580000,0x00000000f5580000,0x00000000fbe00000)
  from space 8192K, 14% used [0x00000000fbe00000,0x00000000fbf2d6d8,0x00000000fc600000)
  to   space 8704K, 0% used [0x00000000fdf00000,0x00000000fdf00000,0x00000000fe780000)
 ParOldGen       total 82944K, used 10717K [0x00000000e0000000, 0x00000000e5100000, 0x00000000f5580000)
  object space 82944K, 12% used [0x00000000e0000000,0x00000000e0a77460,0x00000000e5100000)
 Metaspace       used 35901K, capacity 37126K, committed 37424K, reserved 1081344K
  class space    used 5071K, capacity 5381K, committed 5424K, reserved 1048576K
}
Event: 22.888 GC heap before
{Heap before GC invocations=14 (full 2):
 PSYoungGen      total 115200K, used 108213K [0x00000000f5580000, 0x00000000fe780000, 0x0000000100000000)
  eden space 107008K, 100% used [0x00000000f5580000,0x00000000fbe00000,0x00000000fbe00000)
  from space 8192K, 14% used [0x00000000fbe00000,0x00000000fbf2d6d8,0x00000000fc600000)
  to   space 8704K, 0% used [0x00000000fdf00000,0x00000000fdf00000,0x00000000fe780000)
 ParOldGen       total 82944K, used 10717K [0x00000000e0000000, 0x00000000e5100000, 0x00000000f5580000)
  object space 82944K, 12% used [0x00000000e0000000,0x00000000e0a77460,0x00000000e5100000)
 Metaspace       used 36063K, capacity 37318K, committed 37424K, reserved 1081344K
  class space    used 5087K, capacity 5381K, committed 5424K, reserved 1048576K
Event: 22.890 GC heap after
Heap after GC invocations=14 (full 2):
 PSYoungGen      total 135680K, used 1685K [0x00000000f5580000, 0x00000000fe580000, 0x0000000100000000)
  eden space 129024K, 0% used [0x00000000f5580000,0x00000000f5580000,0x00000000fd380000)
  from space 6656K, 25% used [0x00000000fdf00000,0x00000000fe0a56d8,0x00000000fe580000)
  to   space 9216K, 0% used [0x00000000fd380000,0x00000000fd380000,0x00000000fdc80000)
 ParOldGen       total 82944K, used 10725K [0x00000000e0000000, 0x00000000e5100000, 0x00000000f5580000)
  object space 82944K, 12% used [0x00000000e0000000,0x00000000e0a79460,0x00000000e5100000)
 Metaspace       used 36063K, capacity 37318K, committed 37424K, reserved 1081344K
  class space    used 5087K, capacity 5381K, committed 5424K, reserved 1048576K
}
Event: 24.358 GC heap before
{Heap before GC invocations=15 (full 2):
 PSYoungGen      total 135680K, used 130709K [0x00000000f5580000, 0x00000000fe580000, 0x0000000100000000)
  eden space 129024K, 100% used [0x00000000f5580000,0x00000000fd380000,0x00000000fd380000)
  from space 6656K, 25% used [0x00000000fdf00000,0x00000000fe0a56d8,0x00000000fe580000)
  to   space 9216K, 0% used [0x00000000fd380000,0x00000000fd380000,0x00000000fdc80000)
 ParOldGen       total 82944K, used 10725K [0x00000000e0000000, 0x00000000e5100000, 0x00000000f5580000)
  object space 82944K, 12% used [0x00000000e0000000,0x00000000e0a79460,0x00000000e5100000)
 Metaspace       used 36096K, capacity 37322K, committed 37424K, reserved 1081344K
  class space    used 5087K, capacity 5381K, committed 5424K, reserved 1048576K
Event: 24.360 GC heap after
Heap after GC invocations=15 (full 2):
 PSYoungGen      total 138240K, used 1557K [0x00000000f5580000, 0x00000000ffc00000, 0x0000000100000000)
  eden space 129024K, 0% used [0x00000000f5580000,0x00000000f5580000,0x00000000fd380000)
  from space 9216K, 16% used [0x00000000fd380000,0x00000000fd5056d8,0x00000000fdc80000)
  to   space 9216K, 0% used [0x00000000ff300000,0x00000000ff300000,0x00000000ffc00000)
 ParOldGen       total 82944K, used 10733K [0x00000000e0000000, 0x00000000e5100000, 0x00000000f5580000)
  object space 82944K, 12% used [0x00000000e0000000,0x00000000e0a7b460,0x00000000e5100000)
 Metaspace       used 36096K, capacity 37322K, committed 37424K, reserved 1081344K
  class space    used 5087K, capacity 5381K, committed 5424K, reserved 1048576K
}

