# JRE version: Java(TM) SE Runtime Environment (8.0_231-b11) (build 1.8.0_231-b11)
# Java VM: Java HotSpot(TM) 64-Bit Server VM (25.231-b11 mixed mode windows-amd64 compressed oops)
Heap:
 PSYoungGen      total 141824K, used 27824K [0x00000000f5580000, 0x0000000100000000, 0x0000000100000000)
  eden space 132608K, 19% used [0x00000000f5580000,0x00000000f6f13a60,0x00000000fd700000)
  from space 9216K, 17% used [0x00000000fd700000,0x00000000fd8988e8,0x00000000fe000000)
  to   space 9216K, 0% used [0x00000000ff700000,0x00000000ff700000,0x0000000100000000)
 ParOldGen       total 80384K, used 10664K [0x00000000e0000000, 0x00000000e4e80000, 0x00000000f5580000)
  object space 80384K, 13% used [0x00000000e0000000,0x00000000e0a6a248,0x00000000e4e80000)
 Metaspace       used 36068K, capacity 37330K, committed 37424K, reserved 1081344K
  class space    used 5082K, capacity 5381K, committed 5424K, reserved 1048576K
GC Heap History (10 events):
Event: 16.897 GC heap before
{Heap before GC invocations=11 (full 2):
 PSYoungGen      total 94208K, used 4650K [0x00000000f5580000, 0x00000000fd180000, 0x0000000100000000)
  eden space 86016K, 0% used [0x00000000f5580000,0x00000000f5580000,0x00000000fa980000)
  from space 8192K, 56% used [0x00000000fa980000,0x00000000fae0aa60,0x00000000fb180000)
  to   space 8192K, 0% used [0x00000000fc980000,0x00000000fc980000,0x00000000fd180000)
 ParOldGen       total 53248K, used 6816K [0x00000000e0000000, 0x00000000e3400000, 0x00000000f5580000)
  object space 53248K, 12% used [0x00000000e0000000,0x00000000e06a8318,0x00000000e3400000)
 Metaspace       used 34293K, capacity 35416K, committed 35496K, reserved 1079296K
  class space    used 4861K, capacity 5118K, committed 5168K, reserved 1048576K
Event: 16.998 GC heap after
Heap after GC invocations=11 (full 2):
 PSYoungGen      total 94208K, used 0K [0x00000000f5580000, 0x00000000fd180000, 0x0000000100000000)
  eden space 86016K, 0% used [0x00000000f5580000,0x00000000f5580000,0x00000000fa980000)
  from space 8192K, 0% used [0x00000000fa980000,0x00000000fa980000,0x00000000fb180000)
  to   space 8192K, 0% used [0x00000000fc980000,0x00000000fc980000,0x00000000fd180000)
 ParOldGen       total 80384K, used 10640K [0x00000000e0000000, 0x00000000e4e80000, 0x00000000f5580000)
  object space 80384K, 13% used [0x00000000e0000000,0x00000000e0a64248,0x00000000e4e80000)
 Metaspace       used 34293K, capacity 35416K, committed 35496K, reserved 1079296K
  class space    used 4861K, capacity 5118K, committed 5168K, reserved 1048576K
}
Event: 18.261 GC heap before
{Heap before GC invocations=12 (full 2):
 PSYoungGen      total 94208K, used 86016K [0x00000000f5580000, 0x00000000fd180000, 0x0000000100000000)
  eden space 86016K, 100% used [0x00000000f5580000,0x00000000fa980000,0x00000000fa980000)
  from space 8192K, 0% used [0x00000000fa980000,0x00000000fa980000,0x00000000fb180000)
  to   space 8192K, 0% used [0x00000000fc980000,0x00000000fc980000,0x00000000fd180000)
 ParOldGen       total 80384K, used 10640K [0x00000000e0000000, 0x00000000e4e80000, 0x00000000f5580000)
  object space 80384K, 13% used [0x00000000e0000000,0x00000000e0a64248,0x00000000e4e80000)
 Metaspace       used 35350K, capacity 36532K, committed 36784K, reserved 1081344K
  class space    used 5004K, capacity 5268K, committed 5296K, reserved 1048576K
Event: 18.264 GC heap after
Heap after GC invocations=12 (full 2):
 PSYoungGen      total 117760K, used 1657K [0x00000000f5580000, 0x00000000fd180000, 0x0000000100000000)
  eden space 109568K, 0% used [0x00000000f5580000,0x00000000f5580000,0x00000000fc080000)
  from space 8192K, 20% used [0x00000000fc980000,0x00000000fcb1e770,0x00000000fd180000)
  to   space 8704K, 0% used [0x00000000fc080000,0x00000000fc080000,0x00000000fc900000)
 ParOldGen       total 80384K, used 10648K [0x00000000e0000000, 0x00000000e4e80000, 0x00000000f5580000)
  object space 80384K, 13% used [0x00000000e0000000,0x00000000e0a66248,0x00000000e4e80000)
 Metaspace       used 35350K, capacity 36532K, committed 36784K, reserved 1081344K
  class space    used 5004K, capacity 5268K, committed 5296K, reserved 1048576K
}
Event: 20.916 GC heap before
{Heap before GC invocations=13 (full 2):
 PSYoungGen      total 117760K, used 111225K [0x00000000f5580000, 0x00000000fd180000, 0x0000000100000000)
  eden space 109568K, 100% used [0x00000000f5580000,0x00000000fc080000,0x00000000fc080000)
  from space 8192K, 20% used [0x00000000fc980000,0x00000000fcb1e770,0x00000000fd180000)
  to   space 8704K, 0% used [0x00000000fc080000,0x00000000fc080000,0x00000000fc900000)
 ParOldGen       total 80384K, used 10648K [0x00000000e0000000, 0x00000000e4e80000, 0x00000000f5580000)
  object space 80384K, 13% used [0x00000000e0000000,0x00000000e0a66248,0x00000000e4e80000)
 Metaspace       used 35986K, capacity 37190K, committed 37424K, reserved 1081344K
  class space    used 5082K, capacity 5381K, committed 5424K, reserved 1048576K
Event: 20.919 GC heap after
Heap after GC invocations=13 (full 2):
 PSYoungGen      total 118272K, used 1442K [0x00000000f5580000, 0x00000000feb00000, 0x0000000100000000)
  eden space 109568K, 0% used [0x00000000f5580000,0x00000000f5580000,0x00000000fc080000)
  from space 8704K, 16% used [0x00000000fc080000,0x00000000fc1e88e8,0x00000000fc900000)
  to   space 8704K, 0% used [0x00000000fe280000,0x00000000fe280000,0x00000000feb00000)
 ParOldGen       total 80384K, used 10648K [0x00000000e0000000, 0x00000000e4e80000, 0x00000000f5580000)
  object space 80384K, 13% used [0x00000000e0000000,0x00000000e0a66248,0x00000000e4e80000)
 Metaspace       used 35986K, capacity 37190K, committed 37424K, reserved 1081344K
  class space    used 5082K, capacity 5381K, committed 5424K, reserved 1048576K
}
Event: 22.128 GC heap before
{Heap before GC invocations=14 (full 2):
 PSYoungGen      total 118272K, used 111010K [0x00000000f5580000, 0x00000000feb00000, 0x0000000100000000)
  eden space 109568K, 100% used [0x00000000f5580000,0x00000000fc080000,0x00000000fc080000)
  from space 8704K, 16% used [0x00000000fc080000,0x00000000fc1e88e8,0x00000000fc900000)
  to   space 8704K, 0% used [0x00000000fe280000,0x00000000fe280000,0x00000000feb00000)
 ParOldGen       total 80384K, used 10648K [0x00000000e0000000, 0x00000000e4e80000, 0x00000000f5580000)
  object space 80384K, 13% used [0x00000000e0000000,0x00000000e0a66248,0x00000000e4e80000)
 Metaspace       used 36011K, capacity 37190K, committed 37424K, reserved 1081344K
  class space    used 5082K, capacity 5381K, committed 5424K, reserved 1048576K
Event: 22.130 GC heap after
Heap after GC invocations=14 (full 2):
 PSYoungGen      total 139264K, used 1602K [0x00000000f5580000, 0x00000000fe900000, 0x0000000100000000)
  eden space 132608K, 0% used [0x00000000f5580000,0x00000000f5580000,0x00000000fd700000)
  from space 6656K, 24% used [0x00000000fe280000,0x00000000fe4108e8,0x00000000fe900000)
  to   space 9216K, 0% used [0x00000000fd700000,0x00000000fd700000,0x00000000fe000000)
 ParOldGen       total 80384K, used 10656K [0x00000000e0000000, 0x00000000e4e80000, 0x00000000f5580000)
  object space 80384K, 13% used [0x00000000e0000000,0x00000000e0a68248,0x00000000e4e80000)
 Metaspace       used 36011K, capacity 37190K, committed 37424K, reserved 1081344K
  class space    used 5082K, capacity 5381K, committed 5424K, reserved 1048576K
}
Event: 24.284 GC heap before
{Heap before GC invocations=15 (full 2):
 PSYoungGen      total 139264K, used 134210K [0x00000000f5580000, 0x00000000fe900000, 0x0000000100000000)
  eden space 132608K, 100% used [0x00000000f5580000,0x00000000fd700000,0x00000000fd700000)
  from space 6656K, 24% used [0x00000000fe280000,0x00000000fe4108e8,0x00000000fe900000)
  to   space 9216K, 0% used [0x00000000fd700000,0x00000000fd700000,0x00000000fe000000)
 ParOldGen       total 80384K, used 10656K [0x00000000e0000000, 0x00000000e4e80000, 0x00000000f5580000)
  object space 80384K, 13% used [0x00000000e0000000,0x00000000e0a68248,0x00000000e4e80000)
 Metaspace       used 36054K, capacity 37262K, committed 37424K, reserved 1081344K
  class space    used 5082K, capacity 5381K, committed 5424K, reserved 1048576K
Event: 24.286 GC heap after
Heap after GC invocations=15 (full 2):
 PSYoungGen      total 141824K, used 1634K [0x00000000f5580000, 0x0000000100000000, 0x0000000100000000)
  eden space 132608K, 0% used [0x00000000f5580000,0x00000000f5580000,0x00000000fd700000)
  from space 9216K, 17% used [0x00000000fd700000,0x00000000fd8988e8,0x00000000fe000000)
  to   space 9216K, 0% used [0x00000000ff700000,0x00000000ff700000,0x0000000100000000)
 ParOldGen       total 80384K, used 10664K [0x00000000e0000000, 0x00000000e4e80000, 0x00000000f5580000)
  object space 80384K, 13% used [0x00000000e0000000,0x00000000e0a6a248,0x00000000e4e80000)
 Metaspace       used 36054K, capacity 37262K, committed 37424K, reserved 1081344K
  class space    used 5082K, capacity 5381K, committed 5424K, reserved 1048576K
}

