# JRE version: Java(TM) SE Runtime Environment (8.0_231-b11) (build 1.8.0_231-b11)
# Java VM: Java HotSpot(TM) 64-Bit Server VM (25.231-b11 mixed mode windows-amd64 compressed oops)
Heap:
 PSYoungGen      total 125952K, used 72365K [0x00000000f5580000, 0x00000000ff580000, 0x0000000100000000)
  eden space 117248K, 60% used [0x00000000f5580000,0x00000000f9ac2b80,0x00000000fc800000)
  from space 8704K, 16% used [0x00000000fc800000,0x00000000fc9688e8,0x00000000fd080000)
  to   space 8704K, 0% used [0x00000000fed00000,0x00000000fed00000,0x00000000ff580000)
 ParOldGen       total 78336K, used 10562K [0x00000000e0000000, 0x00000000e4c80000, 0x00000000f5580000)
  object space 78336K, 13% used [0x00000000e0000000,0x00000000e0a50a98,0x00000000e4c80000)
 Metaspace       used 36074K, capacity 37284K, committed 37424K, reserved 1081344K
  class space    used 5089K, capacity 5390K, committed 5424K, reserved 1048576K
GC Heap History (10 events):
Event: 7.910 GC heap before
{Heap before GC invocations=9 (full 1):
 PSYoungGen      total 71168K, used 68388K [0x00000000f5580000, 0x00000000fbe00000, 0x0000000100000000)
  eden space 62976K, 100% used [0x00000000f5580000,0x00000000f9300000,0x00000000f9300000)
  from space 8192K, 66% used [0x00000000f9300000,0x00000000f9849200,0x00000000f9b00000)
  to   space 8192K, 0% used [0x00000000fb600000,0x00000000fb600000,0x00000000fbe00000)
 ParOldGen       total 52736K, used 5970K [0x00000000e0000000, 0x00000000e3380000, 0x00000000f5580000)
  object space 52736K, 11% used [0x00000000e0000000,0x00000000e05d4b88,0x00000000e3380000)
 Metaspace       used 32782K, capacity 33846K, committed 34096K, reserved 1079296K
  class space    used 4636K, capacity 4883K, committed 4912K, reserved 1048576K
Event: 7.918 GC heap after
Heap after GC invocations=9 (full 1):
 PSYoungGen      total 98816K, used 6029K [0x00000000f5580000, 0x00000000fc600000, 0x0000000100000000)
  eden space 90624K, 0% used [0x00000000f5580000,0x00000000f5580000,0x00000000fae00000)
  from space 8192K, 73% used [0x00000000fb600000,0x00000000fbbe36e0,0x00000000fbe00000)
  to   space 8192K, 0% used [0x00000000fae00000,0x00000000fae00000,0x00000000fb600000)
 ParOldGen       total 52736K, used 5978K [0x00000000e0000000, 0x00000000e3380000, 0x00000000f5580000)
  object space 52736K, 11% used [0x00000000e0000000,0x00000000e05d6b88,0x00000000e3380000)
 Metaspace       used 32782K, capacity 33846K, committed 34096K, reserved 1079296K
  class space    used 4636K, capacity 4883K, committed 4912K, reserved 1048576K
}
Event: 16.853 GC heap before
{Heap before GC invocations=10 (full 1):
 PSYoungGen      total 98816K, used 55153K [0x00000000f5580000, 0x00000000fc600000, 0x0000000100000000)
  eden space 90624K, 54% used [0x00000000f5580000,0x00000000f8579010,0x00000000fae00000)
  from space 8192K, 73% used [0x00000000fb600000,0x00000000fbbe36e0,0x00000000fbe00000)
  to   space 8192K, 0% used [0x00000000fae00000,0x00000000fae00000,0x00000000fb600000)
 ParOldGen       total 52736K, used 5978K [0x00000000e0000000, 0x00000000e3380000, 0x00000000f5580000)
  object space 52736K, 11% used [0x00000000e0000000,0x00000000e05d6b88,0x00000000e3380000)
 Metaspace       used 34307K, capacity 35416K, committed 35496K, reserved 1079296K
  class space    used 4860K, capacity 5118K, committed 5168K, reserved 1048576K
Event: 16.861 GC heap after
Heap after GC invocations=10 (full 1):
 PSYoungGen      total 98816K, used 4495K [0x00000000f5580000, 0x00000000fd900000, 0x0000000100000000)
  eden space 90624K, 0% used [0x00000000f5580000,0x00000000f5580000,0x00000000fae00000)
  from space 8192K, 54% used [0x00000000fae00000,0x00000000fb263c70,0x00000000fb600000)
  to   space 8192K, 0% used [0x00000000fd100000,0x00000000fd100000,0x00000000fd900000)
 ParOldGen       total 52736K, used 6819K [0x00000000e0000000, 0x00000000e3380000, 0x00000000f5580000)
  object space 52736K, 12% used [0x00000000e0000000,0x00000000e06a8d30,0x00000000e3380000)
 Metaspace       used 34307K, capacity 35416K, committed 35496K, reserved 1079296K
  class space    used 4860K, capacity 5118K, committed 5168K, reserved 1048576K
}
Event: 16.861 GC heap before
{Heap before GC invocations=11 (full 2):
 PSYoungGen      total 98816K, used 4495K [0x00000000f5580000, 0x00000000fd900000, 0x0000000100000000)
  eden space 90624K, 0% used [0x00000000f5580000,0x00000000f5580000,0x00000000fae00000)
  from space 8192K, 54% used [0x00000000fae00000,0x00000000fb263c70,0x00000000fb600000)
  to   space 8192K, 0% used [0x00000000fd100000,0x00000000fd100000,0x00000000fd900000)
 ParOldGen       total 52736K, used 6819K [0x00000000e0000000, 0x00000000e3380000, 0x00000000f5580000)
  object space 52736K, 12% used [0x00000000e0000000,0x00000000e06a8d30,0x00000000e3380000)
 Metaspace       used 34307K, capacity 35416K, committed 35496K, reserved 1079296K
  class space    used 4860K, capacity 5118K, committed 5168K, reserved 1048576K
Event: 16.963 GC heap after
Heap after GC invocations=11 (full 2):
 PSYoungGen      total 98816K, used 0K [0x00000000f5580000, 0x00000000fd900000, 0x0000000100000000)
  eden space 90624K, 0% used [0x00000000f5580000,0x00000000f5580000,0x00000000fae00000)
  from space 8192K, 0% used [0x00000000fae00000,0x00000000fae00000,0x00000000fb600000)
  to   space 8192K, 0% used [0x00000000fd100000,0x00000000fd100000,0x00000000fd900000)
 ParOldGen       total 78336K, used 10546K [0x00000000e0000000, 0x00000000e4c80000, 0x00000000f5580000)
  object space 78336K, 13% used [0x00000000e0000000,0x00000000e0a4ca98,0x00000000e4c80000)
 Metaspace       used 34307K, capacity 35416K, committed 35496K, reserved 1079296K
  class space    used 4860K, capacity 5118K, committed 5168K, reserved 1048576K
}
Event: 18.213 GC heap before
{Heap before GC invocations=12 (full 2):
 PSYoungGen      total 98816K, used 90624K [0x00000000f5580000, 0x00000000fd900000, 0x0000000100000000)
  eden space 90624K, 100% used [0x00000000f5580000,0x00000000fae00000,0x00000000fae00000)
  from space 8192K, 0% used [0x00000000fae00000,0x00000000fae00000,0x00000000fb600000)
  to   space 8192K, 0% used [0x00000000fd100000,0x00000000fd100000,0x00000000fd900000)
 ParOldGen       total 78336K, used 10546K [0x00000000e0000000, 0x00000000e4c80000, 0x00000000f5580000)
  object space 78336K, 13% used [0x00000000e0000000,0x00000000e0a4ca98,0x00000000e4c80000)
 Metaspace       used 35369K, capacity 36532K, committed 36784K, reserved 1081344K
  class space    used 5003K, capacity 5268K, committed 5296K, reserved 1048576K
Event: 18.217 GC heap after
Heap after GC invocations=12 (full 2):
 PSYoungGen      total 125440K, used 1613K [0x00000000f5580000, 0x00000000fd900000, 0x0000000100000000)
  eden space 117248K, 0% used [0x00000000f5580000,0x00000000f5580000,0x00000000fc800000)
  from space 8192K, 19% used [0x00000000fd100000,0x00000000fd293560,0x00000000fd900000)
  to   space 8704K, 0% used [0x00000000fc800000,0x00000000fc800000,0x00000000fd080000)
 ParOldGen       total 78336K, used 10554K [0x00000000e0000000, 0x00000000e4c80000, 0x00000000f5580000)
  object space 78336K, 13% used [0x00000000e0000000,0x00000000e0a4ea98,0x00000000e4c80000)
 Metaspace       used 35369K, capacity 36532K, committed 36784K, reserved 1081344K
  class space    used 5003K, capacity 5268K, committed 5296K, reserved 1048576K
}
Event: 22.699 GC heap before
{Heap before GC invocations=13 (full 2):
 PSYoungGen      total 125440K, used 118861K [0x00000000f5580000, 0x00000000fd900000, 0x0000000100000000)
  eden space 117248K, 100% used [0x00000000f5580000,0x00000000fc800000,0x00000000fc800000)
  from space 8192K, 19% used [0x00000000fd100000,0x00000000fd293560,0x00000000fd900000)
  to   space 8704K, 0% used [0x00000000fc800000,0x00000000fc800000,0x00000000fd080000)
 ParOldGen       total 78336K, used 10554K [0x00000000e0000000, 0x00000000e4c80000, 0x00000000f5580000)
  object space 78336K, 13% used [0x00000000e0000000,0x00000000e0a4ea98,0x00000000e4c80000)
 Metaspace       used 36006K, capacity 37190K, committed 37424K, reserved 1081344K
  class space    used 5081K, capacity 5381K, committed 5424K, reserved 1048576K
Event: 22.702 GC heap after
Heap after GC invocations=13 (full 2):
 PSYoungGen      total 125952K, used 1442K [0x00000000f5580000, 0x00000000ff580000, 0x0000000100000000)
  eden space 117248K, 0% used [0x00000000f5580000,0x00000000f5580000,0x00000000fc800000)
  from space 8704K, 16% used [0x00000000fc800000,0x00000000fc9688e8,0x00000000fd080000)
  to   space 8704K, 0% used [0x00000000fed00000,0x00000000fed00000,0x00000000ff580000)
 ParOldGen       total 78336K, used 10562K [0x00000000e0000000, 0x00000000e4c80000, 0x00000000f5580000)
  object space 78336K, 13% used [0x00000000e0000000,0x00000000e0a50a98,0x00000000e4c80000)
 Metaspace       used 36006K, capacity 37190K, committed 37424K, reserved 1081344K
  class space    used 5081K, capacity 5381K, committed 5424K, reserved 1048576K
}

