# JRE version: Java(TM) SE Runtime Environment (8.0_231-b11) (build 1.8.0_231-b11)
# Java VM: Java HotSpot(TM) 64-Bit Server VM (25.231-b11 mixed mode windows-amd64 compressed oops)
Heap:
 PSYoungGen      total 151552K, used 4368K [0x00000000f5580000, 0x0000000100000000, 0x0000000100000000)
  eden space 142336K, 1% used [0x00000000f5580000,0x00000000f583ec88,0x00000000fe080000)
  from space 9216K, 16% used [0x00000000fe080000,0x00000000fe2056d8,0x00000000fe980000)
  to   space 9216K, 0% used [0x00000000ff700000,0x00000000ff700000,0x0000000100000000)
 ParOldGen       total 78336K, used 10585K [0x00000000e0000000, 0x00000000e4c80000, 0x00000000f5580000)
  object space 78336K, 13% used [0x00000000e0000000,0x00000000e0a56530,0x00000000e4c80000)
 Metaspace       used 36082K, capacity 37334K, committed 37424K, reserved 1081344K
  class space    used 5083K, capacity 5381K, committed 5424K, reserved 1048576K
GC Heap History (10 events):
Event: 17.126 GC heap before
{Heap before GC invocations=11 (full 2):
 PSYoungGen      total 100352K, used 4553K [0x00000000f5580000, 0x00000000fdb80000, 0x0000000100000000)
  eden space 92160K, 0% used [0x00000000f5580000,0x00000000f5580000,0x00000000faf80000)
  from space 8192K, 55% used [0x00000000faf80000,0x00000000fb3f2670,0x00000000fb780000)
  to   space 8192K, 0% used [0x00000000fd380000,0x00000000fd380000,0x00000000fdb80000)
 ParOldGen       total 51712K, used 6809K [0x00000000e0000000, 0x00000000e3280000, 0x00000000f5580000)
  object space 51712K, 13% used [0x00000000e0000000,0x00000000e06a6608,0x00000000e3280000)
 Metaspace       used 34308K, capacity 35416K, committed 35496K, reserved 1079296K
  class space    used 4861K, capacity 5118K, committed 5168K, reserved 1048576K
Event: 17.270 GC heap after
Heap after GC invocations=11 (full 2):
 PSYoungGen      total 100352K, used 0K [0x00000000f5580000, 0x00000000fdb80000, 0x0000000100000000)
  eden space 92160K, 0% used [0x00000000f5580000,0x00000000f5580000,0x00000000faf80000)
  from space 8192K, 0% used [0x00000000faf80000,0x00000000faf80000,0x00000000fb780000)
  to   space 8192K, 0% used [0x00000000fd380000,0x00000000fd380000,0x00000000fdb80000)
 ParOldGen       total 78336K, used 10553K [0x00000000e0000000, 0x00000000e4c80000, 0x00000000f5580000)
  object space 78336K, 13% used [0x00000000e0000000,0x00000000e0a4e530,0x00000000e4c80000)
 Metaspace       used 34308K, capacity 35416K, committed 35496K, reserved 1079296K
  class space    used 4861K, capacity 5118K, committed 5168K, reserved 1048576K
}
Event: 18.600 GC heap before
{Heap before GC invocations=12 (full 2):
 PSYoungGen      total 100352K, used 92160K [0x00000000f5580000, 0x00000000fdb80000, 0x0000000100000000)
  eden space 92160K, 100% used [0x00000000f5580000,0x00000000faf80000,0x00000000faf80000)
  from space 8192K, 0% used [0x00000000faf80000,0x00000000faf80000,0x00000000fb780000)
  to   space 8192K, 0% used [0x00000000fd380000,0x00000000fd380000,0x00000000fdb80000)
 ParOldGen       total 78336K, used 10553K [0x00000000e0000000, 0x00000000e4c80000, 0x00000000f5580000)
  object space 78336K, 13% used [0x00000000e0000000,0x00000000e0a4e530,0x00000000e4c80000)
 Metaspace       used 35367K, capacity 36532K, committed 36784K, reserved 1081344K
  class space    used 5005K, capacity 5268K, committed 5296K, reserved 1048576K
Event: 18.603 GC heap after
Heap after GC invocations=12 (full 2):
 PSYoungGen      total 121856K, used 1645K [0x00000000f5580000, 0x00000000fd880000, 0x0000000100000000)
  eden space 116736K, 0% used [0x00000000f5580000,0x00000000f5580000,0x00000000fc780000)
  from space 5120K, 32% used [0x00000000fd380000,0x00000000fd51b560,0x00000000fd880000)
  to   space 8704K, 0% used [0x00000000fc780000,0x00000000fc780000,0x00000000fd000000)
 ParOldGen       total 78336K, used 10561K [0x00000000e0000000, 0x00000000e4c80000, 0x00000000f5580000)
  object space 78336K, 13% used [0x00000000e0000000,0x00000000e0a50530,0x00000000e4c80000)
 Metaspace       used 35367K, capacity 36532K, committed 36784K, reserved 1081344K
  class space    used 5005K, capacity 5268K, committed 5296K, reserved 1048576K
}
Event: 22.570 GC heap before
{Heap before GC invocations=13 (full 2):
 PSYoungGen      total 121856K, used 118381K [0x00000000f5580000, 0x00000000fd880000, 0x0000000100000000)
  eden space 116736K, 100% used [0x00000000f5580000,0x00000000fc780000,0x00000000fc780000)
  from space 5120K, 32% used [0x00000000fd380000,0x00000000fd51b560,0x00000000fd880000)
  to   space 8704K, 0% used [0x00000000fc780000,0x00000000fc780000,0x00000000fd000000)
 ParOldGen       total 78336K, used 10561K [0x00000000e0000000, 0x00000000e4c80000, 0x00000000f5580000)
  object space 78336K, 13% used [0x00000000e0000000,0x00000000e0a50530,0x00000000e4c80000)
 Metaspace       used 36017K, capacity 37190K, committed 37424K, reserved 1081344K
  class space    used 5083K, capacity 5381K, committed 5424K, reserved 1048576K
Event: 22.573 GC heap after
Heap after GC invocations=13 (full 2):
 PSYoungGen      total 125440K, used 2645K [0x00000000f5580000, 0x00000000ff300000, 0x0000000100000000)
  eden space 116736K, 0% used [0x00000000f5580000,0x00000000f5580000,0x00000000fc780000)
  from space 8704K, 30% used [0x00000000fc780000,0x00000000fca156d8,0x00000000fd000000)
  to   space 8704K, 0% used [0x00000000fea80000,0x00000000fea80000,0x00000000ff300000)
 ParOldGen       total 78336K, used 10569K [0x00000000e0000000, 0x00000000e4c80000, 0x00000000f5580000)
  object space 78336K, 13% used [0x00000000e0000000,0x00000000e0a52530,0x00000000e4c80000)
 Metaspace       used 36017K, capacity 37190K, committed 37424K, reserved 1081344K
  class space    used 5083K, capacity 5381K, committed 5424K, reserved 1048576K
}
Event: 23.055 GC heap before
{Heap before GC invocations=14 (full 2):
 PSYoungGen      total 125440K, used 119381K [0x00000000f5580000, 0x00000000ff300000, 0x0000000100000000)
  eden space 116736K, 100% used [0x00000000f5580000,0x00000000fc780000,0x00000000fc780000)
  from space 8704K, 30% used [0x00000000fc780000,0x00000000fca156d8,0x00000000fd000000)
  to   space 8704K, 0% used [0x00000000fea80000,0x00000000fea80000,0x00000000ff300000)
 ParOldGen       total 78336K, used 10569K [0x00000000e0000000, 0x00000000e4c80000, 0x00000000f5580000)
  object space 78336K, 13% used [0x00000000e0000000,0x00000000e0a52530,0x00000000e4c80000)
 Metaspace       used 36033K, capacity 37254K, committed 37424K, reserved 1081344K
  class space    used 5083K, capacity 5381K, committed 5424K, reserved 1048576K
Event: 23.057 GC heap after
Heap after GC invocations=14 (full 2):
 PSYoungGen      total 150528K, used 1557K [0x00000000f5580000, 0x00000000ff280000, 0x0000000100000000)
  eden space 142336K, 0% used [0x00000000f5580000,0x00000000f5580000,0x00000000fe080000)
  from space 8192K, 19% used [0x00000000fea80000,0x00000000fec056d8,0x00000000ff280000)
  to   space 9216K, 0% used [0x00000000fe080000,0x00000000fe080000,0x00000000fe980000)
 ParOldGen       total 78336K, used 10577K [0x00000000e0000000, 0x00000000e4c80000, 0x00000000f5580000)
  object space 78336K, 13% used [0x00000000e0000000,0x00000000e0a54530,0x00000000e4c80000)
 Metaspace       used 36033K, capacity 37254K, committed 37424K, reserved 1081344K
  class space    used 5083K, capacity 5381K, committed 5424K, reserved 1048576K
}
Event: 24.780 GC heap before
{Heap before GC invocations=15 (full 2):
 PSYoungGen      total 150528K, used 143893K [0x00000000f5580000, 0x00000000ff280000, 0x0000000100000000)
  eden space 142336K, 100% used [0x00000000f5580000,0x00000000fe080000,0x00000000fe080000)
  from space 8192K, 19% used [0x00000000fea80000,0x00000000fec056d8,0x00000000ff280000)
  to   space 9216K, 0% used [0x00000000fe080000,0x00000000fe080000,0x00000000fe980000)
 ParOldGen       total 78336K, used 10577K [0x00000000e0000000, 0x00000000e4c80000, 0x00000000f5580000)
  object space 78336K, 13% used [0x00000000e0000000,0x00000000e0a54530,0x00000000e4c80000)
 Metaspace       used 36075K, capacity 37330K, committed 37424K, reserved 1081344K
  class space    used 5083K, capacity 5381K, committed 5424K, reserved 1048576K
Event: 24.784 GC heap after
Heap after GC invocations=15 (full 2):
 PSYoungGen      total 151552K, used 1557K [0x00000000f5580000, 0x0000000100000000, 0x0000000100000000)
  eden space 142336K, 0% used [0x00000000f5580000,0x00000000f5580000,0x00000000fe080000)
  from space 9216K, 16% used [0x00000000fe080000,0x00000000fe2056d8,0x00000000fe980000)
  to   space 9216K, 0% used [0x00000000ff700000,0x00000000ff700000,0x0000000100000000)
 ParOldGen       total 78336K, used 10585K [0x00000000e0000000, 0x00000000e4c80000, 0x00000000f5580000)
  object space 78336K, 13% used [0x00000000e0000000,0x00000000e0a56530,0x00000000e4c80000)
 Metaspace       used 36075K, capacity 37330K, committed 37424K, reserved 1081344K
  class space    used 5083K, capacity 5381K, committed 5424K, reserved 1048576K
}

