# JRE version: Java(TM) SE Runtime Environment (8.0_231-b11) (build 1.8.0_231-b11)
# Java VM: Java HotSpot(TM) 64-Bit Server VM (25.231-b11 mixed mode windows-amd64 compressed oops)
Heap:
 PSYoungGen      total 122880K, used 63879K [0x00000000f5580000, 0x00000000fd680000, 0x0000000100000000)
  eden space 113664K, 49% used [0x00000000f5580000,0x00000000f8c2fe68,0x00000000fc480000)
  from space 9216K, 85% used [0x00000000fc480000,0x00000000fcc320a0,0x00000000fcd80000)
  to   space 7168K, 0% used [0x00000000fcf80000,0x00000000fcf80000,0x00000000fd680000)
 ParOldGen       total 87040K, used 10880K [0x00000000e0000000, 0x00000000e5500000, 0x00000000f5580000)
  object space 87040K, 12% used [0x00000000e0000000,0x00000000e0aa00b0,0x00000000e5500000)
 Metaspace       used 36066K, capacity 37270K, committed 37504K, reserved 1081344K
  class space    used 5081K, capacity 5381K, committed 5504K, reserved 1048576K
GC Heap History (10 events):
Event: 17.593 GC heap before
{Heap before GC invocations=11 (full 2):
 PSYoungGen      total 86016K, used 5675K [0x00000000f5580000, 0x00000000fc380000, 0x0000000100000000)
  eden space 77824K, 0% used [0x00000000f5580000,0x00000000f5580000,0x00000000fa180000)
  from space 8192K, 69% used [0x00000000fa180000,0x00000000fa70af38,0x00000000fa980000)
  to   space 7680K, 0% used [0x00000000fbc00000,0x00000000fbc00000,0x00000000fc380000)
 ParOldGen       total 55808K, used 5973K [0x00000000e0000000, 0x00000000e3680000, 0x00000000f5580000)
  object space 55808K, 10% used [0x00000000e0000000,0x00000000e05d57b8,0x00000000e3680000)
 Metaspace       used 34327K, capacity 35486K, committed 35496K, reserved 1079296K
  class space    used 4867K, capacity 5119K, committed 5120K, reserved 1048576K
Event: 17.714 GC heap after
Heap after GC invocations=11 (full 2):
 PSYoungGen      total 86016K, used 0K [0x00000000f5580000, 0x00000000fc380000, 0x0000000100000000)
  eden space 77824K, 0% used [0x00000000f5580000,0x00000000f5580000,0x00000000fa180000)
  from space 8192K, 0% used [0x00000000fa180000,0x00000000fa180000,0x00000000fa980000)
  to   space 7680K, 0% used [0x00000000fbc00000,0x00000000fbc00000,0x00000000fc380000)
 ParOldGen       total 87040K, used 10848K [0x00000000e0000000, 0x00000000e5500000, 0x00000000f5580000)
  object space 87040K, 12% used [0x00000000e0000000,0x00000000e0a980b0,0x00000000e5500000)
 Metaspace       used 34327K, capacity 35486K, committed 35496K, reserved 1079296K
  class space    used 4867K, capacity 5119K, committed 5120K, reserved 1048576K
}
Event: 18.938 GC heap before
{Heap before GC invocations=12 (full 2):
 PSYoungGen      total 86016K, used 77824K [0x00000000f5580000, 0x00000000fc380000, 0x0000000100000000)
  eden space 77824K, 100% used [0x00000000f5580000,0x00000000fa180000,0x00000000fa180000)
  from space 8192K, 0% used [0x00000000fa180000,0x00000000fa180000,0x00000000fa980000)
  to   space 7680K, 0% used [0x00000000fbc00000,0x00000000fbc00000,0x00000000fc380000)
 ParOldGen       total 87040K, used 10848K [0x00000000e0000000, 0x00000000e5500000, 0x00000000f5580000)
  object space 87040K, 12% used [0x00000000e0000000,0x00000000e0a980b0,0x00000000e5500000)
 Metaspace       used 35342K, capacity 36532K, committed 36864K, reserved 1081344K
  class space    used 5003K, capacity 5268K, committed 5376K, reserved 1048576K
Event: 18.941 GC heap after
Heap after GC invocations=12 (full 2):
 PSYoungGen      total 103936K, used 1628K [0x00000000f5580000, 0x00000000fc380000, 0x0000000100000000)
  eden space 96256K, 0% used [0x00000000f5580000,0x00000000f5580000,0x00000000fb380000)
  from space 7680K, 21% used [0x00000000fbc00000,0x00000000fbd97160,0x00000000fc380000)
  to   space 8192K, 0% used [0x00000000fb380000,0x00000000fb380000,0x00000000fbb80000)
 ParOldGen       total 87040K, used 10856K [0x00000000e0000000, 0x00000000e5500000, 0x00000000f5580000)
  object space 87040K, 12% used [0x00000000e0000000,0x00000000e0a9a0b0,0x00000000e5500000)
 Metaspace       used 35342K, capacity 36532K, committed 36864K, reserved 1081344K
  class space    used 5003K, capacity 5268K, committed 5376K, reserved 1048576K
}
Event: 21.109 GC heap before
{Heap before GC invocations=13 (full 2):
 PSYoungGen      total 103936K, used 97884K [0x00000000f5580000, 0x00000000fc380000, 0x0000000100000000)
  eden space 96256K, 100% used [0x00000000f5580000,0x00000000fb380000,0x00000000fb380000)
  from space 7680K, 21% used [0x00000000fbc00000,0x00000000fbd97160,0x00000000fc380000)
  to   space 8192K, 0% used [0x00000000fb380000,0x00000000fb380000,0x00000000fbb80000)
 ParOldGen       total 87040K, used 10856K [0x00000000e0000000, 0x00000000e5500000, 0x00000000f5580000)
  object space 87040K, 12% used [0x00000000e0000000,0x00000000e0a9a0b0,0x00000000e5500000)
 Metaspace       used 35429K, capacity 36618K, committed 36864K, reserved 1081344K
  class space    used 5009K, capacity 5273K, committed 5376K, reserved 1048576K
Event: 21.112 GC heap after
Heap after GC invocations=13 (full 2):
 PSYoungGen      total 104448K, used 962K [0x00000000f5580000, 0x00000000fd800000, 0x0000000100000000)
  eden space 96256K, 0% used [0x00000000f5580000,0x00000000f5580000,0x00000000fb380000)
  from space 8192K, 11% used [0x00000000fb380000,0x00000000fb4708e8,0x00000000fbb80000)
  to   space 8704K, 0% used [0x00000000fcf80000,0x00000000fcf80000,0x00000000fd800000)
 ParOldGen       total 87040K, used 10864K [0x00000000e0000000, 0x00000000e5500000, 0x00000000f5580000)
  object space 87040K, 12% used [0x00000000e0000000,0x00000000e0a9c0b0,0x00000000e5500000)
 Metaspace       used 35429K, capacity 36618K, committed 36864K, reserved 1081344K
  class space    used 5009K, capacity 5273K, committed 5376K, reserved 1048576K
}
Event: 22.856 GC heap before
{Heap before GC invocations=14 (full 2):
 PSYoungGen      total 104448K, used 97218K [0x00000000f5580000, 0x00000000fd800000, 0x0000000100000000)
  eden space 96256K, 100% used [0x00000000f5580000,0x00000000fb380000,0x00000000fb380000)
  from space 8192K, 11% used [0x00000000fb380000,0x00000000fb4708e8,0x00000000fbb80000)
  to   space 8704K, 0% used [0x00000000fcf80000,0x00000000fcf80000,0x00000000fd800000)
 ParOldGen       total 87040K, used 10864K [0x00000000e0000000, 0x00000000e5500000, 0x00000000f5580000)
  object space 87040K, 12% used [0x00000000e0000000,0x00000000e0a9c0b0,0x00000000e5500000)
 Metaspace       used 36002K, capacity 37190K, committed 37504K, reserved 1081344K
  class space    used 5081K, capacity 5381K, committed 5504K, reserved 1048576K
Event: 22.859 GC heap after
Heap after GC invocations=14 (full 2):
 PSYoungGen      total 120832K, used 1877K [0x00000000f5580000, 0x00000000fd680000, 0x0000000100000000)
  eden space 113664K, 0% used [0x00000000f5580000,0x00000000f5580000,0x00000000fc480000)
  from space 7168K, 26% used [0x00000000fcf80000,0x00000000fd1556d8,0x00000000fd680000)
  to   space 9216K, 0% used [0x00000000fc480000,0x00000000fc480000,0x00000000fcd80000)
 ParOldGen       total 87040K, used 10872K [0x00000000e0000000, 0x00000000e5500000, 0x00000000f5580000)
  object space 87040K, 12% used [0x00000000e0000000,0x00000000e0a9e0b0,0x00000000e5500000)
 Metaspace       used 36002K, capacity 37190K, committed 37504K, reserved 1081344K
  class space    used 5081K, capacity 5381K, committed 5504K, reserved 1048576K
}
Event: 24.274 GC heap before
{Heap before GC invocations=15 (full 2):
 PSYoungGen      total 120832K, used 115541K [0x00000000f5580000, 0x00000000fd680000, 0x0000000100000000)
  eden space 113664K, 100% used [0x00000000f5580000,0x00000000fc480000,0x00000000fc480000)
  from space 7168K, 26% used [0x00000000fcf80000,0x00000000fd1556d8,0x00000000fd680000)
  to   space 9216K, 0% used [0x00000000fc480000,0x00000000fc480000,0x00000000fcd80000)
 ParOldGen       total 87040K, used 10872K [0x00000000e0000000, 0x00000000e5500000, 0x00000000f5580000)
  object space 87040K, 12% used [0x00000000e0000000,0x00000000e0a9e0b0,0x00000000e5500000)
 Metaspace       used 36043K, capacity 37262K, committed 37504K, reserved 1081344K
  class space    used 5081K, capacity 5381K, committed 5504K, reserved 1048576K
Event: 24.280 GC heap after
Heap after GC invocations=15 (full 2):
 PSYoungGen      total 122880K, used 7880K [0x00000000f5580000, 0x00000000fd680000, 0x0000000100000000)
  eden space 113664K, 0% used [0x00000000f5580000,0x00000000f5580000,0x00000000fc480000)
  from space 9216K, 85% used [0x00000000fc480000,0x00000000fcc320a0,0x00000000fcd80000)
  to   space 7168K, 0% used [0x00000000fcf80000,0x00000000fcf80000,0x00000000fd680000)
 ParOldGen       total 87040K, used 10880K [0x00000000e0000000, 0x00000000e5500000, 0x00000000f5580000)
  object space 87040K, 12% used [0x00000000e0000000,0x00000000e0aa00b0,0x00000000e5500000)
 Metaspace       used 36043K, capacity 37262K, committed 37504K, reserved 1081344K
  class space    used 5081K, capacity 5381K, committed 5504K, reserved 1048576K
}

