# JRE version: Java(TM) SE Runtime Environment (8.0_231-b11) (build 1.8.0_231-b11)
# Java VM: Java HotSpot(TM) 64-Bit Server VM (25.231-b11 mixed mode windows-amd64 compressed oops)
Heap:
 PSYoungGen      total 115200K, used 94514K [0x00000000f5580000, 0x00000000fe200000, 0x0000000100000000)
  eden space 105984K, 82% used [0x00000000f5580000,0x00000000fab36900,0x00000000fbd00000)
  from space 9216K, 73% used [0x00000000fbd00000,0x00000000fc3960b0,0x00000000fc600000)
  to   space 9216K, 0% used [0x00000000fd900000,0x00000000fd900000,0x00000000fe200000)
 ParOldGen       total 82432K, used 10695K [0x00000000e0000000, 0x00000000e5080000, 0x00000000f5580000)
  object space 82432K, 12% used [0x00000000e0000000,0x00000000e0a71f48,0x00000000e5080000)
 Metaspace       used 36120K, capacity 37338K, committed 37424K, reserved 1081344K
  class space    used 5085K, capacity 5381K, committed 5424K, reserved 1048576K
GC Heap History (10 events):
Event: 17.230 GC heap before
{Heap before GC invocations=11 (full 2):
 PSYoungGen      total 92672K, used 5448K [0x00000000f5580000, 0x00000000fcd80000, 0x0000000100000000)
  eden space 84480K, 0% used [0x00000000f5580000,0x00000000f5580000,0x00000000fa800000)
  from space 8192K, 66% used [0x00000000fa800000,0x00000000fad523d0,0x00000000fb000000)
  to   space 7680K, 0% used [0x00000000fc600000,0x00000000fc600000,0x00000000fcd80000)
 ParOldGen       total 54272K, used 6001K [0x00000000e0000000, 0x00000000e3500000, 0x00000000f5580000)
  object space 54272K, 11% used [0x00000000e0000000,0x00000000e05dc510,0x00000000e3500000)
 Metaspace       used 34305K, capacity 35416K, committed 35496K, reserved 1079296K
  class space    used 4860K, capacity 5118K, committed 5168K, reserved 1048576K
Event: 17.323 GC heap after
Heap after GC invocations=11 (full 2):
 PSYoungGen      total 92672K, used 0K [0x00000000f5580000, 0x00000000fcd80000, 0x0000000100000000)
  eden space 84480K, 0% used [0x00000000f5580000,0x00000000f5580000,0x00000000fa800000)
  from space 8192K, 0% used [0x00000000fa800000,0x00000000fa800000,0x00000000fb000000)
  to   space 7680K, 0% used [0x00000000fc600000,0x00000000fc600000,0x00000000fcd80000)
 ParOldGen       total 82432K, used 10663K [0x00000000e0000000, 0x00000000e5080000, 0x00000000f5580000)
  object space 82432K, 12% used [0x00000000e0000000,0x00000000e0a69f48,0x00000000e5080000)
 Metaspace       used 34305K, capacity 35416K, committed 35496K, reserved 1079296K
  class space    used 4860K, capacity 5118K, committed 5168K, reserved 1048576K
}
Event: 18.697 GC heap before
{Heap before GC invocations=12 (full 2):
 PSYoungGen      total 92672K, used 84480K [0x00000000f5580000, 0x00000000fcd80000, 0x0000000100000000)
  eden space 84480K, 100% used [0x00000000f5580000,0x00000000fa800000,0x00000000fa800000)
  from space 8192K, 0% used [0x00000000fa800000,0x00000000fa800000,0x00000000fb000000)
  to   space 7680K, 0% used [0x00000000fc600000,0x00000000fc600000,0x00000000fcd80000)
 ParOldGen       total 82432K, used 10663K [0x00000000e0000000, 0x00000000e5080000, 0x00000000f5580000)
  object space 82432K, 12% used [0x00000000e0000000,0x00000000e0a69f48,0x00000000e5080000)
 Metaspace       used 35197K, capacity 36302K, committed 36528K, reserved 1081344K
  class space    used 4987K, capacity 5261K, committed 5296K, reserved 1048576K
Event: 18.700 GC heap after
Heap after GC invocations=12 (full 2):
 PSYoungGen      total 114688K, used 1557K [0x00000000f5580000, 0x00000000fce00000, 0x0000000100000000)
  eden space 107008K, 0% used [0x00000000f5580000,0x00000000f5580000,0x00000000fbe00000)
  from space 7680K, 20% used [0x00000000fc600000,0x00000000fc785458,0x00000000fcd80000)
  to   space 8192K, 0% used [0x00000000fbe00000,0x00000000fbe00000,0x00000000fc600000)
 ParOldGen       total 82432K, used 10671K [0x00000000e0000000, 0x00000000e5080000, 0x00000000f5580000)
  object space 82432K, 12% used [0x00000000e0000000,0x00000000e0a6bf48,0x00000000e5080000)
 Metaspace       used 35197K, capacity 36302K, committed 36528K, reserved 1081344K
  class space    used 4987K, capacity 5261K, committed 5296K, reserved 1048576K
}
Event: 21.466 GC heap before
{Heap before GC invocations=13 (full 2):
 PSYoungGen      total 114688K, used 108565K [0x00000000f5580000, 0x00000000fce00000, 0x0000000100000000)
  eden space 107008K, 100% used [0x00000000f5580000,0x00000000fbe00000,0x00000000fbe00000)
  from space 7680K, 20% used [0x00000000fc600000,0x00000000fc785458,0x00000000fcd80000)
  to   space 8192K, 0% used [0x00000000fbe00000,0x00000000fbe00000,0x00000000fc600000)
 ParOldGen       total 82432K, used 10671K [0x00000000e0000000, 0x00000000e5080000, 0x00000000f5580000)
  object space 82432K, 12% used [0x00000000e0000000,0x00000000e0a6bf48,0x00000000e5080000)
 Metaspace       used 35415K, capacity 36596K, committed 36784K, reserved 1081344K
  class space    used 5004K, capacity 5268K, committed 5296K, reserved 1048576K
Event: 21.468 GC heap after
Heap after GC invocations=13 (full 2):
 PSYoungGen      total 115200K, used 949K [0x00000000f5580000, 0x00000000fce00000, 0x0000000100000000)
  eden space 107008K, 0% used [0x00000000f5580000,0x00000000f5580000,0x00000000fbe00000)
  from space 8192K, 11% used [0x00000000fbe00000,0x00000000fbeed6d8,0x00000000fc600000)
  to   space 7680K, 0% used [0x00000000fc600000,0x00000000fc600000,0x00000000fcd80000)
 ParOldGen       total 82432K, used 10679K [0x00000000e0000000, 0x00000000e5080000, 0x00000000f5580000)
  object space 82432K, 12% used [0x00000000e0000000,0x00000000e0a6df48,0x00000000e5080000)
 Metaspace       used 35415K, capacity 36596K, committed 36784K, reserved 1081344K
  class space    used 5004K, capacity 5268K, committed 5296K, reserved 1048576K
}
Event: 24.458 GC heap before
{Heap before GC invocations=14 (full 2):
 PSYoungGen      total 115200K, used 107957K [0x00000000f5580000, 0x00000000fce00000, 0x0000000100000000)
  eden space 107008K, 100% used [0x00000000f5580000,0x00000000fbe00000,0x00000000fbe00000)
  from space 8192K, 11% used [0x00000000fbe00000,0x00000000fbeed6d8,0x00000000fc600000)
  to   space 7680K, 0% used [0x00000000fc600000,0x00000000fc600000,0x00000000fcd80000)
 ParOldGen       total 82432K, used 10679K [0x00000000e0000000, 0x00000000e5080000, 0x00000000f5580000)
  object space 82432K, 12% used [0x00000000e0000000,0x00000000e0a6df48,0x00000000e5080000)
 Metaspace       used 36019K, capacity 37190K, committed 37424K, reserved 1081344K
  class space    used 5081K, capacity 5381K, committed 5424K, reserved 1048576K
Event: 24.461 GC heap after
Heap after GC invocations=14 (full 2):
 PSYoungGen      total 113664K, used 1906K [0x00000000f5580000, 0x00000000fe500000, 0x0000000100000000)
  eden space 105984K, 0% used [0x00000000f5580000,0x00000000f5580000,0x00000000fbd00000)
  from space 7680K, 24% used [0x00000000fc600000,0x00000000fc7dc8f8,0x00000000fcd80000)
  to   space 9216K, 0% used [0x00000000fbd00000,0x00000000fbd00000,0x00000000fc600000)
 ParOldGen       total 82432K, used 10687K [0x00000000e0000000, 0x00000000e5080000, 0x00000000f5580000)
  object space 82432K, 12% used [0x00000000e0000000,0x00000000e0a6ff48,0x00000000e5080000)
 Metaspace       used 36019K, capacity 37190K, committed 37424K, reserved 1081344K
  class space    used 5081K, capacity 5381K, committed 5424K, reserved 1048576K
}
Event: 25.976 GC heap before
{Heap before GC invocations=15 (full 2):
 PSYoungGen      total 113664K, used 107890K [0x00000000f5580000, 0x00000000fe500000, 0x0000000100000000)
  eden space 105984K, 100% used [0x00000000f5580000,0x00000000fbd00000,0x00000000fbd00000)
  from space 7680K, 24% used [0x00000000fc600000,0x00000000fc7dc8f8,0x00000000fcd80000)
  to   space 9216K, 0% used [0x00000000fbd00000,0x00000000fbd00000,0x00000000fc600000)
 ParOldGen       total 82432K, used 10687K [0x00000000e0000000, 0x00000000e5080000, 0x00000000f5580000)
  object space 82432K, 12% used [0x00000000e0000000,0x00000000e0a6ff48,0x00000000e5080000)
 Metaspace       used 36097K, capacity 37326K, committed 37424K, reserved 1081344K
  class space    used 5085K, capacity 5381K, committed 5424K, reserved 1048576K
Event: 25.979 GC heap after
Heap after GC invocations=15 (full 2):
 PSYoungGen      total 115200K, used 6744K [0x00000000f5580000, 0x00000000fe200000, 0x0000000100000000)
  eden space 105984K, 0% used [0x00000000f5580000,0x00000000f5580000,0x00000000fbd00000)
  from space 9216K, 73% used [0x00000000fbd00000,0x00000000fc3960b0,0x00000000fc600000)
  to   space 9216K, 0% used [0x00000000fd900000,0x00000000fd900000,0x00000000fe200000)
 ParOldGen       total 82432K, used 10695K [0x00000000e0000000, 0x00000000e5080000, 0x00000000f5580000)
  object space 82432K, 12% used [0x00000000e0000000,0x00000000e0a71f48,0x00000000e5080000)
 Metaspace       used 36097K, capacity 37326K, committed 37424K, reserved 1081344K
  class space    used 5085K, capacity 5381K, committed 5424K, reserved 1048576K
}

